Log file open, 06/01/20 18:41:01
LogInit: Display: Running engine for game: FPSGame
LogPlatformFile: Not using cached read wrapper
LogTaskGraph: Started task graph with 5 named threads and 23 total threads with 3 sets of task threads.
LogStats: Stats thread started at 14.138906
LogD3D11RHI: Loaded GFSDK_Aftermath_Lib.x64.dll
LogICUInternationalization: ICU TimeZone Detection - Raw Offset: +0:00, Platform Override: ''
LogPluginManager: Mounting plugin Paper2D
LogPluginManager: Mounting plugin AISupport
LogPluginManager: Mounting plugin LightPropagationVolume
LogPluginManager: Mounting plugin CameraShakePreviewer
LogPluginManager: Mounting plugin ActorLayerUtilities
LogPluginManager: Mounting plugin AnimationSharing
LogPluginManager: Mounting plugin CLionSourceCodeAccess
LogPluginManager: Mounting plugin CodeLiteSourceCodeAccess
LogPluginManager: Mounting plugin GitSourceControl
LogPluginManager: Mounting plugin KDevelopSourceCodeAccess
LogPluginManager: Mounting plugin NullSourceCodeAccess
LogPluginManager: Mounting plugin PerforceSourceControl
LogPluginManager: Mounting plugin PlasticSourceControl
LogPluginManager: Mounting plugin RiderSourceCodeAccess
LogPluginManager: Mounting plugin SubversionSourceControl
LogPluginManager: Mounting plugin UObjectPlugin
LogPluginManager: Mounting plugin VisualStudioCodeSourceCodeAccess
LogPluginManager: Mounting plugin VisualStudioSourceCodeAccess
LogPluginManager: Mounting plugin XCodeSourceCodeAccess
LogPluginManager: Mounting plugin AssetManagerEditor
LogPluginManager: Mounting plugin CryptoKeys
LogPluginManager: Mounting plugin CurveEditorTools
LogPluginManager: Mounting plugin DataValidation
LogPluginManager: Mounting plugin EditorScriptingUtilities
LogPluginManager: Mounting plugin FacialAnimation
LogPluginManager: Mounting plugin GameplayTagsEditor
LogPluginManager: Mounting plugin GeometryMode
LogPluginManager: Mounting plugin MacGraphicsSwitching
LogPluginManager: Mounting plugin MaterialAnalyzer
LogPluginManager: Mounting plugin MobileLauncherProfileWizard
LogPluginManager: Mounting plugin PluginBrowser
LogPluginManager: Mounting plugin SpeedTreeImporter
LogPluginManager: Mounting plugin DatasmithContent
LogPluginManager: Mounting plugin VariantManagerContent
LogPluginManager: Mounting plugin AlembicImporter
LogPluginManager: Mounting plugin AutomationUtils
LogPluginManager: Mounting plugin BackChannel
LogPluginManager: Mounting plugin ChaosCloth
LogPluginManager: Mounting plugin ChaosClothEditor
LogPluginManager: Mounting plugin ChaosEditor
LogPluginManager: Mounting plugin ChaosNiagara
LogPluginManager: Mounting plugin ChaosSolverPlugin
LogPluginManager: Mounting plugin CharacterAI
LogPluginManager: Mounting plugin GeometryCache
LogPluginManager: Mounting plugin GeometryCollectionPlugin
LogPluginManager: Mounting plugin GeometryProcessing
LogPluginManager: Mounting plugin PlanarCut
LogPluginManager: Mounting plugin PlatformCrypto
LogPluginManager: Mounting plugin ProxyLODPlugin
LogPluginManager: Mounting plugin SkeletalReduction
LogPluginManager: Mounting plugin Niagara
LogPluginManager: Mounting plugin MagicLeap
LogPluginManager: Mounting plugin MagicLeapLightEstimation
LogPluginManager: Mounting plugin MagicLeapMedia
LogPluginManager: Mounting plugin MagicLeapPassableWorld
LogPluginManager: Mounting plugin MLSDK
LogPluginManager: Mounting plugin AndroidMedia
LogPluginManager: Mounting plugin AvfMedia
LogPluginManager: Mounting plugin ImgMedia
LogPluginManager: Mounting plugin MediaCompositing
LogPluginManager: Mounting plugin MediaPlayerEditor
LogPluginManager: Mounting plugin WebMMedia
LogPluginManager: Mounting plugin WmfMedia
LogPluginManager: Mounting plugin MeshPainting
LogPluginManager: Mounting plugin TcpMessaging
LogPluginManager: Mounting plugin UdpMessaging
LogPluginManager: Mounting plugin ActorSequence
LogPluginManager: Mounting plugin LevelSequenceEditor
LogPluginManager: Mounting plugin MatineeToLevelSequence
LogPluginManager: Mounting plugin MovieRenderPipeline
LogPluginManager: Mounting plugin TemplateSequence
LogPluginManager: Mounting plugin NetcodeUnitTest
LogPluginManager: Mounting plugin NUTUnrealEngine4
LogPluginManager: Mounting plugin OnlineSubsystemGooglePlay
LogPluginManager: Mounting plugin OnlineSubsystemIOS
LogPluginManager: Mounting plugin OnlineSubsystem
LogPluginManager: Mounting plugin OnlineSubsystemNull
LogPluginManager: Mounting plugin OnlineSubsystemUtils
LogPluginManager: Mounting plugin LauncherChunkInstaller
LogPluginManager: Mounting plugin AndroidDeviceProfileSelector
LogPluginManager: Mounting plugin AndroidMoviePlayer
LogPluginManager: Mounting plugin AndroidPermission
LogPluginManager: Mounting plugin AppleImageUtils
LogPluginManager: Mounting plugin AppleMoviePlayer
LogPluginManager: Mounting plugin ArchVisCharacter
LogPluginManager: Mounting plugin AssetTags
LogPluginManager: Mounting plugin AudioCapture
LogPluginManager: Mounting plugin CableComponent
LogPluginManager: Mounting plugin CustomMeshComponent
LogPluginManager: Mounting plugin EditableMesh
LogPluginManager: Mounting plugin ExampleDeviceProfileSelector
LogPluginManager: Mounting plugin GoogleCloudMessaging
LogPluginManager: Mounting plugin GooglePAD
LogPluginManager: Mounting plugin IOSDeviceProfileSelector
LogPluginManager: Mounting plugin LinuxDeviceProfileSelector
LogPluginManager: Mounting plugin LocationServicesBPLibrary
LogPluginManager: Mounting plugin MobilePatchingUtils
LogPluginManager: Mounting plugin OculusVR
LogPluginManager: Mounting plugin PhysXVehicles
LogPluginManager: Mounting plugin PostSplashScreen
LogPluginManager: Mounting plugin ProceduralMeshComponent
LogPluginManager: Mounting plugin RuntimePhysXCooking
LogPluginManager: Mounting plugin SignificanceManager
LogPluginManager: Mounting plugin SoundFields
LogPluginManager: Mounting plugin SteamVR
LogPluginManager: Mounting plugin Synthesis
LogPluginManager: Mounting plugin WebMMoviePlayer
LogPluginManager: Mounting plugin WindowsMoviePlayer
LogPluginManager: Mounting plugin ScreenshotTools
LogInit: Using libcurl 7.55.1-DEV
LogInit:  - built for x86_64-pc-win32
LogInit:  - supports SSL with OpenSSL/1.1.1
LogInit:  - supports HTTP deflate (compression) using libz 1.2.8
LogInit:  - other features:
LogInit:      CURL_VERSION_SSL
LogInit:      CURL_VERSION_LIBZ
LogInit:      CURL_VERSION_IPV6
LogInit:      CURL_VERSION_ASYNCHDNS
LogInit:      CURL_VERSION_LARGEFILE
LogInit:      CURL_VERSION_IDN
LogInit:  CurlRequestOptions (configurable via config and command line):
LogInit:  - bVerifyPeer = true  - Libcurl will verify peer certificate
LogInit:  - bUseHttpProxy = false  - Libcurl will NOT use HTTP proxy
LogInit:  - bDontReuseConnections = false  - Libcurl will reuse connections
LogInit:  - MaxHostConnections = 16  - Libcurl will limit the number of connections to a host
LogInit:  - LocalHostAddr = Default
LogInit:  - BufferSize = 65536
LogOnline: OSS: Creating online subsystem instance for: NULL
LogInit: WinSock: version 1.1 (2.2), MaxSocks=32767, MaxUdp=65467
LogOnline: OSS: TryLoadSubsystemAndSetDefault: Loaded subsystem for module [NULL]
LogInit: Build: ++UE4+Release-4.25-CL-13144385
LogInit: Engine Version: 4.25.0-13144385+++UE4+Release-4.25
LogInit: Compatible Engine Version: 4.25.0-13144385+++UE4+Release-4.25
LogInit: Net CL: 13144385
LogInit: OS: Windows 10 (Release 1909) (), CPU: Intel(R) Core(TM) i7-7700HQ CPU @ 2.80GHz, GPU: Intel(R) HD Graphics 630
LogInit: Compiled (64-bit): May  2 2020 02:12:11
LogInit: Compiled with Visual C++: 19.24.28315.00
LogInit: Build Configuration: Development
LogInit: Branch Name: ++UE4+Release-4.25
LogInit: Command Line:  -skipcompile
LogInit: Base Directory: D:/Program Files/Epic Games/UE_4.25/Engine/Binaries/Win64/
LogInit: Allocator: TBB
LogInit: Installed Engine Build: 1
LogDevObjectVersion: Number of dev versions registered: 26
LogDevObjectVersion:   Dev-Blueprints (B0D832E4-1F89-4F0D-ACCF-7EB736FD4AA2): 10
LogDevObjectVersion:   Dev-Build (E1C64328-A22C-4D53-A36C-8E866417BD8C): 0
LogDevObjectVersion:   Dev-Core (375EC13C-06E4-48FB-B500-84F0262A717E): 4
LogDevObjectVersion:   Dev-Editor (E4B068ED-F494-42E9-A231-DA0B2E46BB41): 38
LogDevObjectVersion:   Dev-Framework (CFFC743F-43B0-4480-9391-14DF171D2073): 37
LogDevObjectVersion:   Dev-Mobile (B02B49B5-BB20-44E9-A304-32B752E40360): 2
LogDevObjectVersion:   Dev-Networking (A4E4105C-59A1-49B5-A7C5-40C4547EDFEE): 0
LogDevObjectVersion:   Dev-Online (39C831C9-5AE6-47DC-9A44-9C173E1C8E7C): 0
LogDevObjectVersion:   Dev-Physics (78F01B33-EBEA-4F98-B9B4-84EACCB95AA2): 4
LogDevObjectVersion:   Dev-Platform (6631380F-2D4D-43E0-8009-CF276956A95A): 0
LogDevObjectVersion:   Dev-Rendering (12F88B9F-8875-4AFC-A67C-D90C383ABD29): 43
LogDevObjectVersion:   Dev-Sequencer (7B5AE74C-D270-4C10-A958-57980B212A5A): 12
LogDevObjectVersion:   Dev-VR (D7296918-1DD6-4BDD-9DE2-64A83CC13884): 3
LogDevObjectVersion:   Dev-LoadTimes (C2A15278-BFE7-4AFE-6C17-90FF531DF755): 1
LogDevObjectVersion:   Private-Geometry (6EACA3D4-40EC-4CC1-B786-8BED09428FC5): 3
LogDevObjectVersion:   Dev-AnimPhys (29E575DD-E0A3-4627-9D10-D276232CDCEA): 17
LogDevObjectVersion:   Dev-Anim (AF43A65D-7FD3-4947-9873-3E8ED9C1BB05): 7
LogDevObjectVersion:   Dev-ReflectionCapture (6B266CEC-1EC7-4B8F-A30B-E4D90942FC07): 1
LogDevObjectVersion:   Dev-Automation (0DF73D61-A23F-47EA-B727-89E90C41499A): 1
LogDevObjectVersion:   FortniteMain (601D1886-AC64-4F84-AA16-D3DE0DEAC7D6): 31
LogDevObjectVersion:   Dev-Enterprise (9DFFBCD6-494F-0158-E221-12823C92A888): 10
LogDevObjectVersion:   Dev-Niagara (F2AED0AC-9AFE-416F-8664-AA7FFA26D6FC): 1
LogDevObjectVersion:   Dev-Destruction (174F1F0B-B4C6-45A5-B13F-2EE8D0FB917D): 10
LogDevObjectVersion:   Dev-Physics-Ext (35F94A83-E258-406C-A318-09F59610247C): 37
LogDevObjectVersion:   Dev-PhysicsMaterial-Chaos (B68FC16E-8B1B-42E2-B453-215C058844FE): 1
LogDevObjectVersion:   Dev-CineCamera (B2E18506-4273-CFC2-A54E-F4BB758BBA07): 1
LogInit: Presizing for max 25165824 objects, including 0 objects not considered by GC, pre-allocating 0 bytes for permanent pool.
LogConfig: Applying CVar settings from Section [/Script/Engine.StreamingSettings] File [D:/DW/Documents/GitHub/StealthGame/StealthGameBase/Saved/Config/Windows/Engine.ini]
LogConfig: Setting CVar [[s.MinBulkDataSizeForAsyncLoading:131072]]
LogConfig: Setting CVar [[s.AsyncLoadingThreadEnabled:0]]
LogConfig: Setting CVar [[s.EventDrivenLoaderEnabled:1]]
LogConfig: Setting CVar [[s.WarnIfTimeLimitExceeded:0]]
LogConfig: Setting CVar [[s.TimeLimitExceededMultiplier:1.5]]
LogConfig: Setting CVar [[s.TimeLimitExceededMinTime:0.005]]
LogConfig: Setting CVar [[s.UseBackgroundLevelStreaming:1]]
LogConfig: Setting CVar [[s.PriorityAsyncLoadingExtraTime:15.0]]
LogConfig: Setting CVar [[s.LevelStreamingActorsUpdateTimeLimit:5.0]]
LogConfig: Setting CVar [[s.PriorityLevelStreamingActorsUpdateExtraTime:5.0]]
LogConfig: Setting CVar [[s.LevelStreamingComponentsRegistrationGranularity:10]]
LogConfig: Setting CVar [[s.UnregisterComponentsTimeLimit:1.0]]
LogConfig: Setting CVar [[s.LevelStreamingComponentsUnregistrationGranularity:5]]
LogConfig: Setting CVar [[s.FlushStreamingOnExit:1]]
LogInit: Object subsystem initialized
LogConfig: Setting CVar [[con.DebugEarlyDefault:1]]
LogConfig: Setting CVar [[r.setres:1280x720]]
[2020.06.01-17.41.05:902][  0]LogConfig: Setting CVar [[r.VSync:0]]
[2020.06.01-17.41.05:903][  0]LogConfig: Setting CVar [[r.RHICmdBypass:0]]
[2020.06.01-17.41.05:914][  0]LogConfig: Applying CVar settings from Section [/Script/Engine.RendererSettings] File [D:/DW/Documents/GitHub/StealthGame/StealthGameBase/Saved/Config/Windows/Engine.ini]
[2020.06.01-17.41.05:914][  0]LogConfig: Setting CVar [[r.GPUCrashDebugging:0]]
[2020.06.01-17.41.05:914][  0]LogConfig: Applying CVar settings from Section [/Script/Engine.RendererOverrideSettings] File [D:/DW/Documents/GitHub/StealthGame/StealthGameBase/Saved/Config/Windows/Engine.ini]
[2020.06.01-17.41.05:917][  0]LogConfig: Applying CVar settings from Section [/Script/Engine.StreamingSettings] File [D:/DW/Documents/GitHub/StealthGame/StealthGameBase/Saved/Config/Windows/Engine.ini]
[2020.06.01-17.41.05:917][  0]LogConfig: Setting CVar [[s.MinBulkDataSizeForAsyncLoading:131072]]
[2020.06.01-17.41.05:917][  0]LogConfig: Setting CVar [[s.AsyncLoadingThreadEnabled:0]]
[2020.06.01-17.41.05:918][  0]LogConfig: Setting CVar [[s.EventDrivenLoaderEnabled:1]]
[2020.06.01-17.41.05:919][  0]LogConfig: Setting CVar [[s.WarnIfTimeLimitExceeded:0]]
[2020.06.01-17.41.05:919][  0]LogConfig: Setting CVar [[s.TimeLimitExceededMultiplier:1.5]]
[2020.06.01-17.41.05:919][  0]LogConfig: Setting CVar [[s.TimeLimitExceededMinTime:0.005]]
[2020.06.01-17.41.05:919][  0]LogConfig: Setting CVar [[s.UseBackgroundLevelStreaming:1]]
[2020.06.01-17.41.05:920][  0]LogConfig: Setting CVar [[s.PriorityAsyncLoadingExtraTime:15.0]]
[2020.06.01-17.41.05:921][  0]LogConfig: Setting CVar [[s.LevelStreamingActorsUpdateTimeLimit:5.0]]
[2020.06.01-17.41.05:921][  0]LogConfig: Setting CVar [[s.PriorityLevelStreamingActorsUpdateExtraTime:5.0]]
[2020.06.01-17.41.05:921][  0]LogConfig: Setting CVar [[s.LevelStreamingComponentsRegistrationGranularity:10]]
[2020.06.01-17.41.05:921][  0]LogConfig: Setting CVar [[s.UnregisterComponentsTimeLimit:1.0]]
[2020.06.01-17.41.05:922][  0]LogConfig: Setting CVar [[s.LevelStreamingComponentsUnregistrationGranularity:5]]
[2020.06.01-17.41.05:922][  0]LogConfig: Setting CVar [[s.FlushStreamingOnExit:1]]
[2020.06.01-17.41.05:923][  0]LogConfig: Applying CVar settings from Section [/Script/Engine.GarbageCollectionSettings] File [D:/DW/Documents/GitHub/StealthGame/StealthGameBase/Saved/Config/Windows/Engine.ini]
[2020.06.01-17.41.05:923][  0]LogConfig: Setting CVar [[gc.MaxObjectsNotConsideredByGC:1]]
[2020.06.01-17.41.05:923][  0]LogConfig: Setting CVar [[gc.SizeOfPermanentObjectPool:0]]
[2020.06.01-17.41.05:924][  0]LogConfig: Setting CVar [[gc.FlushStreamingOnGC:0]]
[2020.06.01-17.41.05:924][  0]LogConfig: Setting CVar [[gc.NumRetriesBeforeForcingGC:10]]
[2020.06.01-17.41.05:924][  0]LogConfig: Setting CVar [[gc.AllowParallelGC:1]]
[2020.06.01-17.41.05:925][  0]LogConfig: Setting CVar [[gc.TimeBetweenPurgingPendingKillObjects:61.1]]
[2020.06.01-17.41.05:925][  0]LogConfig: Setting CVar [[gc.MaxObjectsInEditor:25165824]]
[2020.06.01-17.41.05:926][  0]LogConfig: Setting CVar [[gc.IncrementalBeginDestroyEnabled:1]]
[2020.06.01-17.41.05:926][  0]LogConfig: Setting CVar [[gc.CreateGCClusters:1]]
[2020.06.01-17.41.05:926][  0]LogConfig: Setting CVar [[gc.MinGCClusterSize:5]]
[2020.06.01-17.41.05:926][  0]LogConfig: Setting CVar [[gc.ActorClusteringEnabled:0]]
[2020.06.01-17.41.05:927][  0]LogConfig: Setting CVar [[gc.BlueprintClusteringEnabled:0]]
[2020.06.01-17.41.05:927][  0]LogConfig: Setting CVar [[gc.UseDisregardForGCOnDedicatedServers:0]]
[2020.06.01-17.41.05:927][  0]LogConfig: Applying CVar settings from Section [/Script/Engine.NetworkSettings] File [D:/DW/Documents/GitHub/StealthGame/StealthGameBase/Saved/Config/Windows/Engine.ini]
[2020.06.01-17.41.05:928][  0]LogConfig: Applying CVar settings from Section [/Script/UnrealEd.CookerSettings] File [D:/DW/Documents/GitHub/StealthGame/StealthGameBase/Saved/Config/Windows/Engine.ini]
[2020.06.01-17.41.06:009][  0]LogConfig: Applying CVar settings from Section [ViewDistanceQuality@3] File [D:/DW/Documents/GitHub/StealthGame/StealthGameBase/Saved/Config/Windows/Scalability.ini]
[2020.06.01-17.41.06:009][  0]LogConfig: Setting CVar [[r.SkeletalMeshLODBias:0]]
[2020.06.01-17.41.06:009][  0]LogConfig: Setting CVar [[r.ViewDistanceScale:1.0]]
[2020.06.01-17.41.06:009][  0]LogConfig: Applying CVar settings from Section [AntiAliasingQuality@3] File [D:/DW/Documents/GitHub/StealthGame/StealthGameBase/Saved/Config/Windows/Scalability.ini]
[2020.06.01-17.41.06:009][  0]LogConfig: Setting CVar [[r.PostProcessAAQuality:4]]
[2020.06.01-17.41.06:009][  0]LogConfig: Applying CVar settings from Section [ShadowQuality@3] File [D:/DW/Documents/GitHub/StealthGame/StealthGameBase/Saved/Config/Windows/Scalability.ini]
[2020.06.01-17.41.06:009][  0]LogConfig: Setting CVar [[r.LightFunctionQuality:1]]
[2020.06.01-17.41.06:009][  0]LogConfig: Setting CVar [[r.ShadowQuality:5]]
[2020.06.01-17.41.06:009][  0]LogConfig: Setting CVar [[r.Shadow.CSM.MaxCascades:10]]
[2020.06.01-17.41.06:009][  0]LogConfig: Setting CVar [[r.Shadow.MaxResolution:2048]]
[2020.06.01-17.41.06:009][  0]LogConfig: Setting CVar [[r.Shadow.MaxCSMResolution:2048]]
[2020.06.01-17.41.06:009][  0]LogConfig: Setting CVar [[r.Shadow.RadiusThreshold:0.01]]
[2020.06.01-17.41.06:010][  0]LogConfig: Setting CVar [[r.Shadow.DistanceScale:1.0]]
[2020.06.01-17.41.06:010][  0]LogConfig: Setting CVar [[r.Shadow.CSM.TransitionScale:1.0]]
[2020.06.01-17.41.06:010][  0]LogConfig: Setting CVar [[r.Shadow.PreShadowResolutionFactor:1.0]]
[2020.06.01-17.41.06:010][  0]LogConfig: Setting CVar [[r.DistanceFieldShadowing:1]]
[2020.06.01-17.41.06:010][  0]LogConfig: Setting CVar [[r.DistanceFieldAO:1]]
[2020.06.01-17.41.06:010][  0]LogConfig: Setting CVar [[r.AOQuality:2]]
[2020.06.01-17.41.06:010][  0]LogConfig: Setting CVar [[r.VolumetricFog:1]]
[2020.06.01-17.41.06:010][  0]LogConfig: Setting CVar [[r.VolumetricFog.GridPixelSize:8]]
[2020.06.01-17.41.06:010][  0]LogConfig: Setting CVar [[r.VolumetricFog.GridSizeZ:128]]
[2020.06.01-17.41.06:010][  0]LogConfig: Setting CVar [[r.VolumetricFog.HistoryMissSupersampleCount:4]]
[2020.06.01-17.41.06:010][  0]LogConfig: Setting CVar [[r.LightMaxDrawDistanceScale:1]]
[2020.06.01-17.41.06:010][  0]LogConfig: Setting CVar [[r.CapsuleShadows:1]]
[2020.06.01-17.41.06:010][  0]LogConfig: Applying CVar settings from Section [PostProcessQuality@3] File [D:/DW/Documents/GitHub/StealthGame/StealthGameBase/Saved/Config/Windows/Scalability.ini]
[2020.06.01-17.41.06:010][  0]LogConfig: Setting CVar [[r.MotionBlurQuality:4]]
[2020.06.01-17.41.06:010][  0]LogConfig: Setting CVar [[r.AmbientOcclusionMipLevelFactor:0.4]]
[2020.06.01-17.41.06:010][  0]LogConfig: Setting CVar [[r.AmbientOcclusionMaxQuality:100]]
[2020.06.01-17.41.06:010][  0]LogConfig: Setting CVar [[r.AmbientOcclusionLevels:-1]]
[2020.06.01-17.41.06:011][  0]LogConfig: Setting CVar [[r.AmbientOcclusionRadiusScale:1.0]]
[2020.06.01-17.41.06:011][  0]LogConfig: Setting CVar [[r.DepthOfFieldQuality:2]]
[2020.06.01-17.41.06:011][  0]LogConfig: Setting CVar [[r.RenderTargetPoolMin:400]]
[2020.06.01-17.41.06:011][  0]LogConfig: Setting CVar [[r.LensFlareQuality:2]]
[2020.06.01-17.41.06:011][  0]LogConfig: Setting CVar [[r.SceneColorFringeQuality:1]]
[2020.06.01-17.41.06:011][  0]LogConfig: Setting CVar [[r.EyeAdaptationQuality:2]]
[2020.06.01-17.41.06:011][  0]LogConfig: Setting CVar [[r.BloomQuality:5]]
[2020.06.01-17.41.06:011][  0]LogConfig: Setting CVar [[r.FastBlurThreshold:100]]
[2020.06.01-17.41.06:011][  0]LogConfig: Setting CVar [[r.Upscale.Quality:3]]
[2020.06.01-17.41.06:011][  0]LogConfig: Setting CVar [[r.Tonemapper.GrainQuantization:1]]
[2020.06.01-17.41.06:011][  0]LogConfig: Setting CVar [[r.LightShaftQuality:1]]
[2020.06.01-17.41.06:011][  0]LogConfig: Setting CVar [[r.Filter.SizeScale:1]]
[2020.06.01-17.41.06:011][  0]LogConfig: Setting CVar [[r.Tonemapper.Quality:5]]
[2020.06.01-17.41.06:011][  0]LogConfig: Setting CVar [[r.DOF.Gather.AccumulatorQuality:1        ; higher gathering accumulator quality]]
[2020.06.01-17.41.06:011][  0]LogConfig: Setting CVar [[r.DOF.Gather.PostfilterMethod:1          ; Median3x3 postfilering method]]
[2020.06.01-17.41.06:012][  0]LogConfig: Setting CVar [[r.DOF.Gather.EnableBokehSettings:0       ; no bokeh simulation when gathering]]
[2020.06.01-17.41.06:012][  0]LogConfig: Setting CVar [[r.DOF.Gather.RingCount:4                 ; medium number of samples when gathering]]
[2020.06.01-17.41.06:012][  0]LogConfig: Setting CVar [[r.DOF.Scatter.ForegroundCompositing:1    ; additive foreground scattering]]
[2020.06.01-17.41.06:012][  0]LogConfig: Setting CVar [[r.DOF.Scatter.BackgroundCompositing:2    ; additive background scattering]]
[2020.06.01-17.41.06:012][  0]LogConfig: Setting CVar [[r.DOF.Scatter.EnableBokehSettings:1      ; bokeh simulation when scattering]]
[2020.06.01-17.41.06:012][  0]LogConfig: Setting CVar [[r.DOF.Scatter.MaxSpriteRatio:0.1         ; only a maximum of 10% of scattered bokeh]]
[2020.06.01-17.41.06:012][  0]LogConfig: Setting CVar [[r.DOF.Recombine.Quality:1                ; cheap slight out of focus]]
[2020.06.01-17.41.06:012][  0]LogConfig: Setting CVar [[r.DOF.Recombine.EnableBokehSettings:0    ; no bokeh simulation on slight out of focus]]
[2020.06.01-17.41.06:012][  0]LogConfig: Setting CVar [[r.DOF.TemporalAAQuality:1                ; more stable temporal accumulation]]
[2020.06.01-17.41.06:012][  0]LogConfig: Setting CVar [[r.DOF.Kernel.MaxForegroundRadius:0.025]]
[2020.06.01-17.41.06:012][  0]LogConfig: Setting CVar [[r.DOF.Kernel.MaxBackgroundRadius:0.025]]
[2020.06.01-17.41.06:012][  0]LogConfig: Applying CVar settings from Section [TextureQuality@3] File [D:/DW/Documents/GitHub/StealthGame/StealthGameBase/Saved/Config/Windows/Scalability.ini]
[2020.06.01-17.41.06:012][  0]LogConfig: Setting CVar [[r.Streaming.MipBias:0]]
[2020.06.01-17.41.06:012][  0]LogConfig: Setting CVar [[r.Streaming.AmortizeCPUToGPUCopy:0]]
[2020.06.01-17.41.06:013][  0]LogConfig: Setting CVar [[r.Streaming.MaxNumTexturesToStreamPerFrame:0]]
[2020.06.01-17.41.06:013][  0]LogConfig: Setting CVar [[r.Streaming.Boost:1]]
[2020.06.01-17.41.06:013][  0]LogConfig: Setting CVar [[r.MaxAnisotropy:8]]
[2020.06.01-17.41.06:013][  0]LogConfig: Setting CVar [[r.VT.MaxAnisotropy:8]]
[2020.06.01-17.41.06:013][  0]LogConfig: Setting CVar [[r.Streaming.LimitPoolSizeToVRAM:0]]
[2020.06.01-17.41.06:013][  0]LogConfig: Setting CVar [[r.Streaming.PoolSize:1000]]
[2020.06.01-17.41.06:013][  0]LogConfig: Setting CVar [[r.Streaming.MaxEffectiveScreenSize:0]]
[2020.06.01-17.41.06:013][  0]LogConfig: Applying CVar settings from Section [EffectsQuality@3] File [D:/DW/Documents/GitHub/StealthGame/StealthGameBase/Saved/Config/Windows/Scalability.ini]
[2020.06.01-17.41.06:013][  0]LogConfig: Setting CVar [[r.TranslucencyLightingVolumeDim:64]]
[2020.06.01-17.41.06:013][  0]LogConfig: Setting CVar [[r.RefractionQuality:2]]
[2020.06.01-17.41.06:013][  0]LogConfig: Setting CVar [[r.SSR.Quality:3]]
[2020.06.01-17.41.06:013][  0]LogConfig: Setting CVar [[r.SSR.HalfResSceneColor:0]]
[2020.06.01-17.41.06:013][  0]LogConfig: Setting CVar [[r.SceneColorFormat:4]]
[2020.06.01-17.41.06:013][  0]LogConfig: Setting CVar [[r.DetailMode:2]]
[2020.06.01-17.41.06:013][  0]LogConfig: Setting CVar [[r.TranslucencyVolumeBlur:1]]
[2020.06.01-17.41.06:013][  0]LogConfig: Setting CVar [[r.MaterialQualityLevel:1 ; High quality]]
[2020.06.01-17.41.06:014][  0]LogConfig: Setting CVar [[r.SSS.Scale:1]]
[2020.06.01-17.41.06:014][  0]LogConfig: Setting CVar [[r.SSS.SampleSet:2]]
[2020.06.01-17.41.06:014][  0]LogConfig: Setting CVar [[r.SSS.Quality:1]]
[2020.06.01-17.41.06:014][  0]LogConfig: Setting CVar [[r.SSS.HalfRes:0]]
[2020.06.01-17.41.06:014][  0]LogConfig: Setting CVar [[r.SSGI.Quality:3]]
[2020.06.01-17.41.06:014][  0]LogConfig: Setting CVar [[r.EmitterSpawnRateScale:1.0]]
[2020.06.01-17.41.06:014][  0]LogConfig: Setting CVar [[r.ParticleLightQuality:2]]
[2020.06.01-17.41.06:014][  0]LogConfig: Setting CVar [[r.SkyAtmosphere.AerialPerspectiveLUT.FastApplyOnOpaque:1 ; Always have FastSkyLUT 1 in this case to avoid wrong sky]]
[2020.06.01-17.41.06:014][  0]LogConfig: Setting CVar [[r.SkyAtmosphere.AerialPerspectiveLUT.SampleCountPerSlice:1]]
[2020.06.01-17.41.06:014][  0]LogConfig: Setting CVar [[r.SkyAtmosphere.AerialPerspectiveLUT.DepthResolution:16.0]]
[2020.06.01-17.41.06:014][  0]LogConfig: Setting CVar [[r.SkyAtmosphere.FastSkyLUT:1]]
[2020.06.01-17.41.06:014][  0]LogConfig: Setting CVar [[r.SkyAtmosphere.FastSkyLUT.SampleCountMin:4.0]]
[2020.06.01-17.41.06:014][  0]LogConfig: Setting CVar [[r.SkyAtmosphere.FastSkyLUT.SampleCountMax:32.0]]
[2020.06.01-17.41.06:014][  0]LogConfig: Setting CVar [[r.SkyAtmosphere.SampleCountMin:4.0]]
[2020.06.01-17.41.06:014][  0]LogConfig: Setting CVar [[r.SkyAtmosphere.SampleCountMax:32.0]]
[2020.06.01-17.41.06:014][  0]LogConfig: Setting CVar [[r.SkyAtmosphere.TransmittanceLUT.UseSmallFormat:0]]
[2020.06.01-17.41.06:015][  0]LogConfig: Setting CVar [[r.SkyAtmosphere.TransmittanceLUT.SampleCount:10.0]]
[2020.06.01-17.41.06:015][  0]LogConfig: Setting CVar [[r.SkyAtmosphere.MultiScatteringLUT.SampleCount:15.0]]
[2020.06.01-17.41.06:015][  0]LogConfig: Applying CVar settings from Section [FoliageQuality@3] File [D:/DW/Documents/GitHub/StealthGame/StealthGameBase/Saved/Config/Windows/Scalability.ini]
[2020.06.01-17.41.06:015][  0]LogConfig: Setting CVar [[foliage.DensityScale:1.0]]
[2020.06.01-17.41.06:015][  0]LogConfig: Setting CVar [[grass.DensityScale:1.0]]
[2020.06.01-17.41.06:015][  0]LogConfig: Applying CVar settings from Section [ShadingQuality@3] File [D:/DW/Documents/GitHub/StealthGame/StealthGameBase/Saved/Config/Windows/Scalability.ini]
[2020.06.01-17.41.06:015][  0]LogConfig: Setting CVar [[r.HairStrands.SkyLighting.SampleCount:16]]
[2020.06.01-17.41.06:015][  0]LogConfig: Setting CVar [[r.HairStrands.SkyLighting.JitterIntegration:0]]
[2020.06.01-17.41.06:015][  0]LogConfig: Setting CVar [[r.HairStrands.SkyAO.SampleCount:16]]
[2020.06.01-17.41.06:015][  0]LogConfig: Setting CVar [[r.HairStrands.DeepShadow.SuperSampling:0]]
[2020.06.01-17.41.06:015][  0]LogConfig: Setting CVar [[r.HairStrands.VisibilityPPLL:0]]
[2020.06.01-17.41.06:015][  0]LogConfig: Setting CVar [[r.HairStrands.RasterizationScale:0.5]]
[2020.06.01-17.41.06:015][  0]LogConfig: Setting CVar [[r.HairStrands.VelocityRasterizationScale:1]]
[2020.06.01-17.41.06:016][  0]LogInit: Selected Device Profile: [Windows]
[2020.06.01-17.41.06:016][  0]LogInit: Applying CVar settings loaded from the selected device profile: [Windows]
[2020.06.01-17.41.06:068][  0]LogHAL: Display: Platform has ~ 16 GB [17059516416 / 17179869184 / 16], which maps to Larger [LargestMinGB=32, LargerMinGB=12, DefaultMinGB=8, SmallerMinGB=6, SmallestMinGB=0)
[2020.06.01-17.41.06:090][  0]LogInit: Going up to parent DeviceProfile []
[2020.06.01-17.41.06:098][  0]LogConfig: Applying CVar settings from Section [ViewDistanceQuality@2] File [D:/DW/Documents/GitHub/StealthGame/StealthGameBase/Saved/Config/Windows/Scalability.ini]
[2020.06.01-17.41.06:098][  0]LogConfig: Setting CVar [[r.SkeletalMeshLODBias:0]]
[2020.06.01-17.41.06:098][  0]LogConfig: Setting CVar [[r.ViewDistanceScale:0.8]]
[2020.06.01-17.41.06:098][  0]LogConfig: Applying CVar settings from Section [AntiAliasingQuality@2] File [D:/DW/Documents/GitHub/StealthGame/StealthGameBase/Saved/Config/Windows/Scalability.ini]
[2020.06.01-17.41.06:098][  0]LogConfig: Setting CVar [[r.PostProcessAAQuality:3]]
[2020.06.01-17.41.06:099][  0]LogConfig: Applying CVar settings from Section [ShadowQuality@2] File [D:/DW/Documents/GitHub/StealthGame/StealthGameBase/Saved/Config/Windows/Scalability.ini]
[2020.06.01-17.41.06:101][  0]LogConfig: Setting CVar [[r.LightFunctionQuality:1]]
[2020.06.01-17.41.06:103][  0]LogConfig: Setting CVar [[r.ShadowQuality:5]]
[2020.06.01-17.41.06:104][  0]LogConfig: Setting CVar [[r.Shadow.CSM.MaxCascades:4]]
[2020.06.01-17.41.06:105][  0]LogConfig: Setting CVar [[r.Shadow.MaxResolution:1024]]
[2020.06.01-17.41.06:105][  0]LogConfig: Setting CVar [[r.Shadow.MaxCSMResolution:2048]]
[2020.06.01-17.41.06:105][  0]LogConfig: Setting CVar [[r.Shadow.RadiusThreshold:0.04]]
[2020.06.01-17.41.06:105][  0]LogConfig: Setting CVar [[r.Shadow.DistanceScale:0.85]]
[2020.06.01-17.41.06:105][  0]LogConfig: Setting CVar [[r.Shadow.CSM.TransitionScale:0.8]]
[2020.06.01-17.41.06:105][  0]LogConfig: Setting CVar [[r.Shadow.PreShadowResolutionFactor:0.5]]
[2020.06.01-17.41.06:105][  0]LogConfig: Setting CVar [[r.DistanceFieldShadowing:1]]
[2020.06.01-17.41.06:105][  0]LogConfig: Setting CVar [[r.DistanceFieldAO:1]]
[2020.06.01-17.41.06:105][  0]LogConfig: Setting CVar [[r.AOQuality:1]]
[2020.06.01-17.41.06:105][  0]LogConfig: Setting CVar [[r.VolumetricFog:1]]
[2020.06.01-17.41.06:105][  0]LogConfig: Setting CVar [[r.VolumetricFog.GridPixelSize:16]]
[2020.06.01-17.41.06:105][  0]LogConfig: Setting CVar [[r.VolumetricFog.GridSizeZ:64]]
[2020.06.01-17.41.06:105][  0]LogConfig: Setting CVar [[r.VolumetricFog.HistoryMissSupersampleCount:4]]
[2020.06.01-17.41.06:106][  0]LogConfig: Setting CVar [[r.LightMaxDrawDistanceScale:1]]
[2020.06.01-17.41.06:106][  0]LogConfig: Setting CVar [[r.CapsuleShadows:1]]
[2020.06.01-17.41.06:106][  0]LogConfig: Applying CVar settings from Section [PostProcessQuality@2] File [D:/DW/Documents/GitHub/StealthGame/StealthGameBase/Saved/Config/Windows/Scalability.ini]
[2020.06.01-17.41.06:106][  0]LogConfig: Setting CVar [[r.MotionBlurQuality:3]]
[2020.06.01-17.41.06:106][  0]LogConfig: Setting CVar [[r.AmbientOcclusionMipLevelFactor:0.6]]
[2020.06.01-17.41.06:106][  0]LogConfig: Setting CVar [[r.AmbientOcclusionMaxQuality:100]]
[2020.06.01-17.41.06:106][  0]LogConfig: Setting CVar [[r.AmbientOcclusionLevels:-1]]
[2020.06.01-17.41.06:106][  0]LogConfig: Setting CVar [[r.AmbientOcclusionRadiusScale:1.5]]
[2020.06.01-17.41.06:106][  0]LogConfig: Setting CVar [[r.DepthOfFieldQuality:2]]
[2020.06.01-17.41.06:106][  0]LogConfig: Setting CVar [[r.RenderTargetPoolMin:400]]
[2020.06.01-17.41.06:106][  0]LogConfig: Setting CVar [[r.LensFlareQuality:2]]
[2020.06.01-17.41.06:106][  0]LogConfig: Setting CVar [[r.SceneColorFringeQuality:1]]
[2020.06.01-17.41.06:106][  0]LogConfig: Setting CVar [[r.EyeAdaptationQuality:2]]
[2020.06.01-17.41.06:106][  0]LogConfig: Setting CVar [[r.BloomQuality:5]]
[2020.06.01-17.41.06:106][  0]LogConfig: Setting CVar [[r.FastBlurThreshold:3]]
[2020.06.01-17.41.06:106][  0]LogConfig: Setting CVar [[r.Upscale.Quality:2]]
[2020.06.01-17.41.06:106][  0]LogConfig: Setting CVar [[r.Tonemapper.GrainQuantization:1]]
[2020.06.01-17.41.06:106][  0]LogConfig: Setting CVar [[r.LightShaftQuality:1]]
[2020.06.01-17.41.06:107][  0]LogConfig: Setting CVar [[r.Filter.SizeScale:0.8]]
[2020.06.01-17.41.06:107][  0]LogConfig: Setting CVar [[r.Tonemapper.Quality:5]]
[2020.06.01-17.41.06:107][  0]LogConfig: Setting CVar [[r.DOF.Gather.AccumulatorQuality:0        ; lower gathering accumulator quality]]
[2020.06.01-17.41.06:107][  0]LogConfig: Setting CVar [[r.DOF.Gather.PostfilterMethod:2          ; Max3x3 postfilering method]]
[2020.06.01-17.41.06:107][  0]LogConfig: Setting CVar [[r.DOF.Gather.EnableBokehSettings:0       ; no bokeh simulation when gathering]]
[2020.06.01-17.41.06:107][  0]LogConfig: Setting CVar [[r.DOF.Gather.RingCount:4                 ; medium number of samples when gathering]]
[2020.06.01-17.41.06:107][  0]LogConfig: Setting CVar [[r.DOF.Scatter.ForegroundCompositing:1    ; additive foreground scattering]]
[2020.06.01-17.41.06:107][  0]LogConfig: Setting CVar [[r.DOF.Scatter.BackgroundCompositing:1    ; no background occlusion]]
[2020.06.01-17.41.06:107][  0]LogConfig: Setting CVar [[r.DOF.Scatter.EnableBokehSettings:0      ; no bokeh simulation when scattering]]
[2020.06.01-17.41.06:107][  0]LogConfig: Setting CVar [[r.DOF.Scatter.MaxSpriteRatio:0.04        ; only a maximum of 4% of scattered bokeh]]
[2020.06.01-17.41.06:107][  0]LogConfig: Setting CVar [[r.DOF.Recombine.Quality:0                ; no slight out of focus]]
[2020.06.01-17.41.06:107][  0]LogConfig: Setting CVar [[r.DOF.TemporalAAQuality:0                ; faster temporal accumulation]]
[2020.06.01-17.41.06:110][  0]LogConfig: Setting CVar [[r.DOF.Kernel.MaxForegroundRadius:0.012   ; required because of AccumulatorQuality=0]]
[2020.06.01-17.41.06:111][  0]LogConfig: Setting CVar [[r.DOF.Kernel.MaxBackgroundRadius:0.012   ; required because of AccumulatorQuality=0]]
[2020.06.01-17.41.06:112][  0]LogConfig: Applying CVar settings from Section [TextureQuality@2] File [D:/DW/Documents/GitHub/StealthGame/StealthGameBase/Saved/Config/Windows/Scalability.ini]
[2020.06.01-17.41.06:112][  0]LogConfig: Setting CVar [[r.Streaming.MipBias:0]]
[2020.06.01-17.41.06:112][  0]LogConfig: Setting CVar [[r.Streaming.AmortizeCPUToGPUCopy:0]]
[2020.06.01-17.41.06:112][  0]LogConfig: Setting CVar [[r.Streaming.MaxNumTexturesToStreamPerFrame:0]]
[2020.06.01-17.41.06:112][  0]LogConfig: Setting CVar [[r.Streaming.Boost:1]]
[2020.06.01-17.41.06:120][  0]LogConfig: Setting CVar [[r.MaxAnisotropy:4]]
[2020.06.01-17.41.06:122][  0]LogConfig: Setting CVar [[r.VT.MaxAnisotropy:8]]
[2020.06.01-17.41.06:122][  0]LogConfig: Setting CVar [[r.Streaming.LimitPoolSizeToVRAM:1]]
[2020.06.01-17.41.06:122][  0]LogConfig: Setting CVar [[r.Streaming.PoolSize:800]]
[2020.06.01-17.41.06:127][  0]LogConfig: Setting CVar [[r.Streaming.MaxEffectiveScreenSize:0]]
[2020.06.01-17.41.06:127][  0]LogConfig: Applying CVar settings from Section [EffectsQuality@2] File [D:/DW/Documents/GitHub/StealthGame/StealthGameBase/Saved/Config/Windows/Scalability.ini]
[2020.06.01-17.41.06:134][  0]LogConfig: Setting CVar [[r.TranslucencyLightingVolumeDim:48]]
[2020.06.01-17.41.06:136][  0]LogConfig: Setting CVar [[r.RefractionQuality:2]]
[2020.06.01-17.41.06:136][  0]LogConfig: Setting CVar [[r.SSR.Quality:2]]
[2020.06.01-17.41.06:137][  0]LogConfig: Setting CVar [[r.SSR.HalfResSceneColor:1]]
[2020.06.01-17.41.06:137][  0]LogConfig: Setting CVar [[r.SceneColorFormat:3]]
[2020.06.01-17.41.06:138][  0]LogConfig: Setting CVar [[r.DetailMode:1]]
[2020.06.01-17.41.06:141][  0]LogConfig: Setting CVar [[r.TranslucencyVolumeBlur:1]]
[2020.06.01-17.41.06:142][  0]LogConfig: Setting CVar [[r.MaterialQualityLevel:1 ; High quality]]
[2020.06.01-17.41.06:142][  0]LogConfig: Setting CVar [[r.SSS.Scale:1]]
[2020.06.01-17.41.06:143][  0]LogConfig: Setting CVar [[r.SSS.SampleSet:1]]
[2020.06.01-17.41.06:144][  0]LogConfig: Setting CVar [[r.SSS.Quality:-1]]
[2020.06.01-17.41.06:144][  0]LogConfig: Setting CVar [[r.SSS.HalfRes:1]]
[2020.06.01-17.41.06:145][  0]LogConfig: Setting CVar [[r.SSGI.Quality:2]]
[2020.06.01-17.41.06:146][  0]LogConfig: Setting CVar [[r.EmitterSpawnRateScale:0.5]]
[2020.06.01-17.41.06:147][  0]LogConfig: Setting CVar [[r.ParticleLightQuality:1]]
[2020.06.01-17.41.06:147][  0]LogConfig: Setting CVar [[r.SkyAtmosphere.AerialPerspectiveLUT.FastApplyOnOpaque:1 ; Always have FastSkyLUT 1 in this case to avoid wrong sky]]
[2020.06.01-17.41.06:147][  0]LogConfig: Setting CVar [[r.SkyAtmosphere.AerialPerspectiveLUT.SampleCountPerSlice:1]]
[2020.06.01-17.41.06:147][  0]LogConfig: Setting CVar [[r.SkyAtmosphere.AerialPerspectiveLUT.DepthResolution:16.0]]
[2020.06.01-17.41.06:148][  0]LogConfig: Setting CVar [[r.SkyAtmosphere.FastSkyLUT:1]]
[2020.06.01-17.41.06:148][  0]LogConfig: Setting CVar [[r.SkyAtmosphere.FastSkyLUT.SampleCountMin:4.0]]
[2020.06.01-17.41.06:148][  0]LogConfig: Setting CVar [[r.SkyAtmosphere.FastSkyLUT.SampleCountMax:32.0]]
[2020.06.01-17.41.06:149][  0]LogConfig: Setting CVar [[r.SkyAtmosphere.SampleCountMin:4.0]]
[2020.06.01-17.41.06:150][  0]LogConfig: Setting CVar [[r.SkyAtmosphere.SampleCountMax:32.0]]
[2020.06.01-17.41.06:150][  0]LogConfig: Setting CVar [[r.SkyAtmosphere.TransmittanceLUT.UseSmallFormat:0]]
[2020.06.01-17.41.06:152][  0]LogConfig: Setting CVar [[r.SkyAtmosphere.TransmittanceLUT.SampleCount:10.0]]
[2020.06.01-17.41.06:153][  0]LogConfig: Setting CVar [[r.SkyAtmosphere.MultiScatteringLUT.SampleCount:15.0]]
[2020.06.01-17.41.06:153][  0]LogConfig: Applying CVar settings from Section [FoliageQuality@2] File [D:/DW/Documents/GitHub/StealthGame/StealthGameBase/Saved/Config/Windows/Scalability.ini]
[2020.06.01-17.41.06:154][  0]LogConfig: Setting CVar [[foliage.DensityScale:0.8]]
[2020.06.01-17.41.06:154][  0]LogConfig: Setting CVar [[grass.DensityScale:0.8]]
[2020.06.01-17.41.06:154][  0]LogConfig: Applying CVar settings from Section [ShadingQuality@2] File [D:/DW/Documents/GitHub/StealthGame/StealthGameBase/Saved/Config/Windows/Scalability.ini]
[2020.06.01-17.41.06:159][  0]LogConfig: Setting CVar [[r.HairStrands.SkyLighting.SampleCount:16]]
[2020.06.01-17.41.06:160][  0]LogConfig: Setting CVar [[r.HairStrands.SkyLighting.JitterIntegration:0]]
[2020.06.01-17.41.06:161][  0]LogConfig: Setting CVar [[r.HairStrands.SkyAO.SampleCount:16]]
[2020.06.01-17.41.06:161][  0]LogConfig: Setting CVar [[r.HairStrands.DeepShadow.SuperSampling:0]]
[2020.06.01-17.41.06:161][  0]LogConfig: Setting CVar [[r.HairStrands.VisibilityPPLL:0]]
[2020.06.01-17.41.06:161][  0]LogConfig: Setting CVar [[r.HairStrands.RasterizationScale:0.5]]
[2020.06.01-17.41.06:162][  0]LogConfig: Setting CVar [[r.HairStrands.VelocityRasterizationScale:1]]
[2020.06.01-17.41.06:162][  0]LogConfig: Applying CVar settings from Section [Startup] File [../../../Engine/Config/ConsoleVariables.ini]
[2020.06.01-17.41.06:163][  0]LogConfig: Setting CVar [[net.UseAdaptiveNetUpdateFrequency:0]]
[2020.06.01-17.41.06:164][  0]LogConfig: Setting CVar [[p.chaos.AllowCreatePhysxBodies:1]]
[2020.06.01-17.41.06:164][  0]LogConfig: Setting CVar [[fx.SkipVectorVMBackendOptimizations:1]]
[2020.06.01-17.41.06:164][  0]LogConfig: Applying CVar settings from Section [ConsoleVariables] File [D:/DW/Documents/GitHub/StealthGame/StealthGameBase/Saved/Config/Windows/Engine.ini]
[2020.06.01-17.41.06:197][  0]LogInit: Computer: LAPTOP-205H8F92
[2020.06.01-17.41.06:197][  0]LogInit: User: DW
[2020.06.01-17.41.06:197][  0]LogInit: CPU Page size=4096, Cores=4
[2020.06.01-17.41.06:197][  0]LogInit: High frequency timer resolution =10.000000 MHz
[2020.06.01-17.41.06:199][  0]LogMemory: Memory total: Physical=15.9GB (16GB approx)
[2020.06.01-17.41.06:199][  0]LogMemory: Platform Memory Stats for Windows
[2020.06.01-17.41.06:199][  0]LogMemory: Process Physical Memory: 114.14 MB used, 114.15 MB peak
[2020.06.01-17.41.06:199][  0]LogMemory: Process Virtual Memory: 96.17 MB used, 96.17 MB peak
[2020.06.01-17.41.06:199][  0]LogMemory: Physical Memory: 9564.19 MB used,  6705.04 MB free, 16269.22 MB total
[2020.06.01-17.41.06:200][  0]LogMemory: Virtual Memory: 5144.10 MB used,  134212584.00 MB free, 134217728.00 MB total
[2020.06.01-17.41.06:232][  0]LogWindows: WindowsPlatformFeatures enabled
[2020.06.01-17.41.08:916][  0]LogInit: Physics initialised using underlying interface: PhysX
[2020.06.01-17.41.09:005][  0]LogInit: Using OS detected language (en-GB).
[2020.06.01-17.41.09:005][  0]LogInit: Using OS detected locale (en-GB).
[2020.06.01-17.41.09:140][  0]LogTextLocalizationManager: No specific localization for 'en-GB' exists, so the 'en' localization will be used.
[2020.06.01-17.41.11:242][  0]LogInit: Setting process to per monitor DPI aware
[2020.06.01-17.41.11:997][  0]LogSlate: New Slate User Created.  User Index 0, Is Virtual User: 0
[2020.06.01-17.41.11:997][  0]LogSlate: Slate User Registered.  User Index 0, Is Virtual User: 0
[2020.06.01-17.41.15:318][  0]LogHMD: Failed to initialize OpenVR with code 110
[2020.06.01-17.41.15:318][  0]LogD3D11RHI: D3D11 min allowed feature level: 11_0
[2020.06.01-17.41.15:319][  0]LogD3D11RHI: D3D11 max allowed feature level: 11_0
[2020.06.01-17.41.15:319][  0]LogD3D11RHI: D3D11 adapters:
[2020.06.01-17.41.15:484][  0]LogD3D11RHI:    0. 'NVIDIA GeForce GTX 1050' (Feature Level 11_0)
[2020.06.01-17.41.15:485][  0]LogD3D11RHI:       4019/0/8134 MB DedicatedVideo/DedicatedSystem/SharedSystem, Outputs:1, VendorId:0x10de
[2020.06.01-17.41.15:536][  0]LogD3D11RHI:    1. 'Intel(R) HD Graphics 630' (Feature Level 11_0)
[2020.06.01-17.41.15:536][  0]LogD3D11RHI:       128/0/8134 MB DedicatedVideo/DedicatedSystem/SharedSystem, Outputs:0, VendorId:0x8086
[2020.06.01-17.41.15:551][  0]LogD3D11RHI:    2. 'Microsoft Basic Render Driver' (Feature Level 11_0)
[2020.06.01-17.41.15:551][  0]LogD3D11RHI:       0/0/8134 MB DedicatedVideo/DedicatedSystem/SharedSystem, Outputs:0, VendorId:0x1414
[2020.06.01-17.41.15:551][  0]LogD3D11RHI: Chosen D3D11 Adapter: 0
[2020.06.01-17.41.15:632][  0]LogD3D11RHI: Creating new Direct3DDevice
[2020.06.01-17.41.15:632][  0]LogD3D11RHI:     GPU DeviceId: 0x1c8d (for the marketing name, search the web for "GPU Device Id")
[2020.06.01-17.41.15:649][  0]LogWindows: EnumDisplayDevices:
[2020.06.01-17.41.15:650][  0]LogWindows:    0. 'Intel(R) HD Graphics 630' (P:1 D:1)
[2020.06.01-17.41.15:650][  0]LogWindows:    1. 'Intel(R) HD Graphics 630' (P:0 D:0)
[2020.06.01-17.41.15:651][  0]LogWindows:    2. 'Intel(R) HD Graphics 630' (P:0 D:0)
[2020.06.01-17.41.15:652][  0]LogWindows:    3. 'NVIDIA GeForce GTX 1050' (P:0 D:0)
[2020.06.01-17.41.15:652][  0]LogWindows: DebugString: PrimaryIsNotTheChoosenAdapter PrimaryIsNotTheChoosenAdapter PrimaryIsNotTheChoosenAdapter 
[2020.06.01-17.41.15:652][  0]LogD3D11RHI:     Adapter Name: NVIDIA GeForce GTX 1050
[2020.06.01-17.41.15:652][  0]LogD3D11RHI:   Driver Version: 445.87 (internal:26.21.14.4587, unified:445.87)
[2020.06.01-17.41.15:652][  0]LogD3D11RHI:      Driver Date: 4-3-2020
[2020.06.01-17.41.15:825][  0]LogRHI: Texture pool is 2813 MB (70% of 4019 MB)
[2020.06.01-17.41.16:309][  0]LogD3D11RHI: RHI has support for 64 bit atomics
[2020.06.01-17.41.16:336][  0]LogD3D11RHI: [Aftermath] Enabled and primed
[2020.06.01-17.41.16:336][  0]LogD3D11RHI: Async texture creation enabled
[2020.06.01-17.41.16:337][  0]LogD3D11RHI: Array index from any shader is supported
[2020.06.01-17.41.16:838][  0]LogD3D11RHI: GPU Timing Frequency: 1000.000000 (Debug: 2 1)
[2020.06.01-17.41.17:329][  0]LogTargetPlatformManager: Display: Loaded TargetPlatform 'AllDesktop'
[2020.06.01-17.41.17:375][  0]LogTargetPlatformManager: Display: Loaded TargetPlatform 'Android'
[2020.06.01-17.41.17:376][  0]LogTargetPlatformManager: Display: Loaded TargetPlatform 'Android_ASTC'
[2020.06.01-17.41.17:376][  0]LogTargetPlatformManager: Display: Loaded TargetPlatform 'Android_DXT'
[2020.06.01-17.41.17:376][  0]LogTargetPlatformManager: Display: Loaded TargetPlatform 'Android_ETC2'
[2020.06.01-17.41.17:376][  0]LogTargetPlatformManager: Display: Loaded TargetPlatform 'AndroidClient'
[2020.06.01-17.41.17:376][  0]LogTargetPlatformManager: Display: Loaded TargetPlatform 'Android_ASTCClient'
[2020.06.01-17.41.17:377][  0]LogTargetPlatformManager: Display: Loaded TargetPlatform 'Android_DXTClient'
[2020.06.01-17.41.17:377][  0]LogTargetPlatformManager: Display: Loaded TargetPlatform 'Android_ETC2Client'
[2020.06.01-17.41.17:377][  0]LogTargetPlatformManager: Display: Loaded TargetPlatform 'Android_Multi'
[2020.06.01-17.41.17:377][  0]LogTargetPlatformManager: Display: Loaded TargetPlatform 'Android_MultiClient'
[2020.06.01-17.41.17:536][  0]LogTargetPlatformManager: Display: Loaded TargetPlatform 'IOSClient'
[2020.06.01-17.41.17:538][  0]LogTargetPlatformManager: Display: Loaded TargetPlatform 'IOS'
[2020.06.01-17.41.17:581][  0]LogTargetPlatformManager: Display: Loaded TargetPlatform 'Linux'
[2020.06.01-17.41.17:616][  0]LogTargetPlatformManager: Display: Loaded TargetPlatform 'LinuxNoEditor'
[2020.06.01-17.41.17:650][  0]LogTargetPlatformManager: Display: Loaded TargetPlatform 'LinuxClient'
[2020.06.01-17.41.17:726][  0]LogTargetPlatformManager: Display: Loaded TargetPlatform 'LinuxServer'
[2020.06.01-17.41.17:763][  0]LogTargetPlatformManager: Display: Loaded TargetPlatform 'LinuxAArch64NoEditor'
[2020.06.01-17.41.17:792][  0]LogTargetPlatformManager: Display: Loaded TargetPlatform 'LinuxAArch64Client'
[2020.06.01-17.41.17:823][  0]LogTargetPlatformManager: Display: Loaded TargetPlatform 'LinuxAArch64Server'
[2020.06.01-17.41.17:879][  0]LogTargetPlatformManager: Display: Loaded TargetPlatform 'Lumin'
[2020.06.01-17.41.17:880][  0]LogTargetPlatformManager: Display: Loaded TargetPlatform 'LuminClient'
[2020.06.01-17.41.17:931][  0]LogTargetPlatformManager: Display: Loaded TargetPlatform 'TVOSClient'
[2020.06.01-17.41.17:931][  0]LogTargetPlatformManager: Display: Loaded TargetPlatform 'TVOS'
[2020.06.01-17.41.17:983][  0]LogTargetPlatformManager: Display: Loaded TargetPlatform 'WindowsNoEditor'
[2020.06.01-17.41.18:009][  0]LogTargetPlatformManager: Display: Loaded TargetPlatform 'Windows'
[2020.06.01-17.41.18:042][  0]LogTargetPlatformManager: Display: Loaded TargetPlatform 'WindowsClient'
[2020.06.01-17.41.18:081][  0]LogTargetPlatformManager: Display: Loaded TargetPlatform 'WindowsServer'
[2020.06.01-17.41.18:081][  0]LogTargetPlatformManager: Display: Building Assets For Windows
[2020.06.01-17.41.18:245][  0]LogAudioDebug: Display: Lib vorbis DLL was dynamically loaded.
[2020.06.01-17.41.18:935][  0]LogShaderCompilers: Guid format shader working directory is -23 characters bigger than the processId version (../../../../../../DW/Documents/GitHub/StealthGame/StealthGameBase/Intermediate/Shaders/WorkingDirectory/23180/).
[2020.06.01-17.41.18:936][  0]LogShaderCompilers: Cleaned the shader compiler working directory 'C:/Users/DW/AppData/Local/Temp/UnrealShaderWorkingDir/58D9A83143031394A32FA48AB8AFB5BF/'.
[2020.06.01-17.41.18:957][  0]LogXGEController: Cleaning working directory: C:/Users/DW/AppData/Local/Temp/UnrealXGEWorkingDir/
[2020.06.01-17.41.18:959][  0]LogShaderCompilers: Display: Using XGE Shader Compiler (Interception Interface).
[2020.06.01-17.41.21:892][  0]LogDerivedDataCache: Display: Max Cache Size: 512 MB
[2020.06.01-17.41.22:639][  0]LogDerivedDataCache: Loaded boot cache 0.75s 108MB C:/Users/DW/AppData/Local/UnrealEngine/4.25/DerivedDataCache/Boot.ddc.
[2020.06.01-17.41.22:639][  0]LogDerivedDataCache: Display: Loaded Boot cache: C:/Users/DW/AppData/Local/UnrealEngine/4.25/DerivedDataCache/Boot.ddc
[2020.06.01-17.41.22:639][  0]LogDerivedDataCache: FDerivedDataBackendGraph:  Pak pak cache file ../../../../../../DW/Documents/GitHub/StealthGame/StealthGameBase/DerivedDataCache/DDC.ddp not found, will not use a pak cache.
[2020.06.01-17.41.22:639][  0]LogDerivedDataCache: Unable to find inner node Pak for hierarchical cache Hierarchy.
[2020.06.01-17.41.22:640][  0]LogDerivedDataCache: FDerivedDataBackendGraph:  CompressedPak pak cache file ../../../../../../DW/Documents/GitHub/StealthGame/StealthGameBase/DerivedDataCache/Compressed.ddp not found, will not use a pak cache.
[2020.06.01-17.41.22:640][  0]LogDerivedDataCache: Unable to find inner node CompressedPak for hierarchical cache Hierarchy.
[2020.06.01-17.41.22:702][  0]LogDerivedDataCache: Display: Pak cache opened for reading ../../../Engine/DerivedDataCache/Compressed.ddp.
[2020.06.01-17.41.22:702][  0]LogDerivedDataCache: FDerivedDataBackendGraph:  EnterprisePak pak cache file ../../../Enterprise/DerivedDataCache/Compressed.ddp not found, will not use a pak cache.
[2020.06.01-17.41.22:702][  0]LogDerivedDataCache: Unable to find inner node EnterprisePak for hierarchical cache Hierarchy.
[2020.06.01-17.41.22:706][  0]LogDerivedDataCache: Using Local data cache path C:/Users/DW/AppData/Local/UnrealEngine/Common/DerivedDataCache: Writable
[2020.06.01-17.41.22:707][  0]LogDerivedDataCache: Shared data cache path not found in *engine.ini, will not use an Shared cache.
[2020.06.01-17.41.22:707][  0]LogDerivedDataCache: Unable to find inner node Shared for hierarchical cache Hierarchy.
[2020.06.01-17.41.22:911][  0]LogSlate: Using FreeType 2.10.0
[2020.06.01-17.41.23:002][  0]LogSlate: SlateFontServices - WITH_FREETYPE: 1, WITH_HARFBUZZ: 1
[2020.06.01-17.41.23:780][  0]LogAssetRegistry: FAssetRegistry took 0.0098 seconds to start up
[2020.06.01-17.41.31:616][  0]LogInit: Selected Device Profile: [Windows]
[2020.06.01-17.41.35:626][  0]LogMeshReduction: Using QuadricMeshReduction for automatic static mesh reduction
[2020.06.01-17.41.35:626][  0]LogMeshReduction: Using SimplygonMeshReduction for automatic skeletal mesh reduction
[2020.06.01-17.41.35:626][  0]LogMeshReduction: Using ProxyLODMeshReduction for automatic mesh merging
[2020.06.01-17.41.35:626][  0]LogMeshReduction: No distributed automatic mesh merging module available
[2020.06.01-17.41.35:645][  0]LogMeshMerging: No distributed automatic mesh merging module available
[2020.06.01-17.41.36:716][  0]LogNetVersion: FPSGame 1.0.0, NetCL: 13144385, EngineNetVer: 14, GameNetVer: 0 (Checksum: 1304077534)
[2020.06.01-17.41.57:352][  0]LogAISub: UAISubsystem::UAISubsystem AISubsystem (000001DF6D53A940), frame # 0
[2020.06.01-17.41.57:352][  0]LogAISub: UAISubsystem::UAISubsystem AIPerceptionSystem (000001DF6D3A60C0), frame # 0
[2020.06.01-17.41.57:585][  0]LogAISub: UAISubsystem::UAISubsystem EnvQueryManager (000001DF6D3F2000), frame # 0
[2020.06.01-17.41.59:019][  0]LogPackageLocalizationCache: Processed 19 localized package path(s) for 1 prioritized culture(s) in 0.209495 seconds
[2020.06.01-17.41.59:133][  0]LogUObjectArray: 15917 objects as part of root set at end of initial load.
[2020.06.01-17.41.59:133][  0]LogUObjectAllocator: 3965568 out of 0 bytes used by permanent object pool.
[2020.06.01-17.41.59:134][  0]LogUObjectArray: CloseDisregardForGC: 0/0 objects in disregard for GC pool
[2020.06.01-17.42.21:685][  0]LogTcpMessaging: Initializing TcpMessaging bridge
[2020.06.01-17.42.22:204][  0]LogUdpMessaging: Initializing bridge on interface 0.0.0.0:0 to multicast group 230.0.0.1:6666.
[2020.06.01-17.42.33:033][  0]LogMaterial: Display: Missing cached shader map for material M_FPGun, compiling. 
[2020.06.01-17.42.34:266][  0]LogSkeletalMesh: Building Skeletal Mesh SK_FPGun...
[2020.06.01-17.42.34:586][  0]LogSkeletalMesh: Built Skeletal Mesh [0.25s] /Game/Weapon/SK_FPGun.SK_FPGun
[2020.06.01-17.42.34:615][  0]LogSkeletalMesh: Building Skeletal Mesh SK_Mannequin_Arms...
[2020.06.01-17.42.34:649][  0]LogSkeletalMesh: Built Skeletal Mesh [0.03s] /Game/Character/Mesh/SK_Mannequin_Arms.SK_Mannequin_Arms
[2020.06.01-17.42.34:652][  0]LogMaterial: Display: Missing cached shader map for material M_PlayerArms, compiling. 
[2020.06.01-17.42.34:711][  0]LogMaterial: Display: Missing cached shader map for material M_Projectile, compiling. 
[2020.06.01-17.42.34:729][  0]LogStaticMesh: Building static mesh FirstPersonProjectileMesh...
[2020.06.01-17.42.36:160][  0]LogStaticMesh: Built static mesh [1.43s] /Game/Weapon/FirstPersonProjectileMesh.FirstPersonProjectileMesh
[2020.06.01-17.42.43:233][  0]SourceControl: Source control is disabled
[2020.06.01-17.42.43:274][  0]SourceControl: Source control is disabled
[2020.06.01-17.42.43:941][  0]SourceControl: Source control is disabled
[2020.06.01-17.42.44:328][  0]SourceControl: Source control is disabled
[2020.06.01-17.42.44:807][  0]SourceControl: Source control is disabled
[2020.06.01-17.42.56:770][  0]LogAndroidPermission: UAndroidPermissionCallbackProxy::GetInstance
[2020.06.01-17.42.57:172][  0]LogAudioCaptureCore: Display: No Audio Capture implementations found. Audio input will be silent.
[2020.06.01-17.42.57:172][  0]LogAudioCaptureCore: Display: No Audio Capture implementations found. Audio input will be silent.
[2020.06.01-17.42.58:898][  0]LogOcInput: OculusInput pre-init called
[2020.06.01-17.42.59:328][  0]LogWindows: Failed to load 'OVRPlugin.dll' (GetLastError=126)
[2020.06.01-17.42.59:328][  0]LogWindows: File 'OVRPlugin.dll' does not exist
[2020.06.01-17.43.06:169][  0]LogAutomationTest: Warning: Smoke tests took > 2s to run: 5.27s
[2020.06.01-17.43.06:440][  0]LogEngine: Initializing Engine...
[2020.06.01-17.43.06:701][  0]LogHMD: Failed to initialize OpenVR with code 110
[2020.06.01-17.43.06:723][  0]LogMagicLeap: Warning: VR disabled because ZI is not enabled.  To enable, in the editor, Edit -> Project Settings -> Plugins -> Magic Leap Plugin -> Enable Zero Iteration
[2020.06.01-17.43.06:940][  0]LogStats: UGameplayTagsManager::InitializeManager -  0.052 s
[2020.06.01-17.43.07:409][  0]LogInit: Initializing FReadOnlyCVARCache
[2020.06.01-17.43.09:292][  0]LogAIModule: Creating AISystem for world Untitled
[2020.06.01-17.43.09:293][  0]LogAISub: UAISubsystem::UAISubsystem EnvQueryManager (000001DF757B6400), frame # 0
[2020.06.01-17.43.09:293][  0]LogAISub: UAISubsystem::UAISubsystem AIPerceptionSystem (000001DF75810900), frame # 0
[2020.06.01-17.43.10:263][  0]LogAudioMixer: Display: Audio Mixer Platform Settings:
[2020.06.01-17.43.10:263][  0]LogAudioMixer: Display: 	Sample Rate:						  48000
[2020.06.01-17.43.10:263][  0]LogAudioMixer: Display: 	Callback Buffer Frame Size Requested: 1024
[2020.06.01-17.43.10:263][  0]LogAudioMixer: Display: 	Callback Buffer Frame Size To Use:	  1024
[2020.06.01-17.43.10:264][  0]LogAudioMixer: Display: 	Number of buffers to queue:			  2
[2020.06.01-17.43.10:264][  0]LogAudioMixer: Display: 	Max Channels (voices):				  32
[2020.06.01-17.43.10:264][  0]LogAudioMixer: Display: 	Number of Async Source Workers:		  0
[2020.06.01-17.43.10:280][  0]LogAudio: Display: AudioDevice MaxSources: 32
[2020.06.01-17.43.10:299][  0]LogAudio: Display: Using built-in audio occlusion.
[2020.06.01-17.43.10:299][  0]LogAudioMixer: Display: Initializing audio mixer.
[2020.06.01-17.43.10:564][  0]LogAudioMixer: Display: 0: FrontLeft
[2020.06.01-17.43.10:564][  0]LogAudioMixer: Display: 1: FrontRight
[2020.06.01-17.43.11:853][  0]LogAudioMixer: Display: Using Audio Device Speaker/Headphone (Realtek High Definition Audio)
[2020.06.01-17.43.11:991][  0]LogAudioMixer: Display: Initializing Sound Submixes...
[2020.06.01-17.43.11:995][  0]LogAudioMixer: Display: Creating Master Submix 'MasterSubmixDefault'
[2020.06.01-17.43.11:995][  0]LogAudioMixer: Display: Creating Master Submix 'MasterReverbSubmixDefault'
[2020.06.01-17.43.12:080][  0]LogAudioMixer: Display: Creating Master Submix 'MasterEQSubmixDefault'
[2020.06.01-17.43.12:084][  0]LogInit: FAudioDevice initialized.
[2020.06.01-17.43.12:178][  0]LogNetVersion: Set ProjectVersion to 1.0.0.0. Version Checksum will be recalculated on next use.
[2020.06.01-17.43.12:413][  0]LogDerivedDataCache: Saved boot cache 0.24s 109MB C:/Users/DW/AppData/Local/UnrealEngine/4.25/DerivedDataCache/Boot.ddc.
[2020.06.01-17.43.12:414][  0]LogInit: Texture streaming: Enabled
[2020.06.01-17.43.13:010][  0]LogEngineSessionManager: EngineSessionManager initialized
[2020.06.01-17.43.13:010][  0]LogEditorSessionSummary: Verbose: Initializing EditorSessionSummaryWriter for editor session tracking
[2020.06.01-17.43.13:145][  0]LogEditorSessionSummary: EditorSessionSummaryWriter initialized
[2020.06.01-17.43.14:485][  0]LogInit: Transaction tracking system initialized
[2020.06.01-17.43.15:777][  0]BlueprintLog: New page: Editor Load
[2020.06.01-17.43.19:950][  0]LocalizationService: Localization service is disabled
[2020.06.01-17.43.24:197][  0]LogFileCache: Scanning file cache for directory 'D:/DW/Documents/GitHub/StealthGame/StealthGameBase/Content/' took 0.01s
[2020.06.01-17.43.24:197][  0]LogCook: Display: Max memory allowance for cook 16384mb min free memory 0mb
[2020.06.01-17.43.24:198][  0]LogCook: Display: Mobile HDR setting 1
[2020.06.01-17.43.29:945][  0]SourceControl: Source control is disabled
[2020.06.01-17.43.29:974][  0]LogUnrealEdMisc: Loading editor; pre map load, took 169.243
[2020.06.01-17.43.30:094][  0]Cmd: MAP LOAD FILE="../../../../../../DW/Documents/GitHub/StealthGame/StealthGameBase/Content/Maps/FirstPersonExampleMap.umap" TEMPLATE=0 SHOWPROGRESS=1 FEATURELEVEL=3
[2020.06.01-17.43.30:154][  0]LightingResults: New page: Lighting Build
[2020.06.01-17.43.30:341][  0]LogWorld: UWorld::CleanupWorld for Untitled, bSessionEnded=true, bCleanupResources=true
[2020.06.01-17.43.30:391][  0]LogSlate: InvalidateAllWidgets triggered.  All widgets were invalidated
[2020.06.01-17.43.30:450][  0]MapCheck: New page: Map Check
[2020.06.01-17.43.30:451][  0]LightingResults: New page: Lighting Build
[2020.06.01-17.43.31:937][  0]LogAISub: UAISubsystem::~UAISubsystem EnvQueryManager (000001DF757B6400), frame # 0
[2020.06.01-17.43.31:937][  0]LogAISub: UAISubsystem::~UAISubsystem AIPerceptionSystem (000001DF75810900), frame # 0
[2020.06.01-17.43.31:967][  0]LogUObjectHash: Compacting FUObjectHashTables data took   0.83ms
[2020.06.01-17.43.32:676][  0]LogTexture: Display: Building textures: AOMaterialMask0_1 (BC4, 1024X512)
[2020.06.01-17.43.32:676][  0]LogTexture: Display: Building textures: ShadowMapTexture2D_2 (G8, 1024X512)
[2020.06.01-17.43.32:676][  0]LogTexture: Display: Building textures: SkyOcclusion1_1 (AutoDXT, 1024X512)
[2020.06.01-17.43.32:676][  0]LogTexture: Display: Building textures: HQ_Lightmap1_1 (AutoDXT, 1024X1024)
[2020.06.01-17.43.32:676][  0]LogTexture: Display: Building textures: LQ_Lightmap_1_1 (DXT1, 1024X1024)
[2020.06.01-17.43.32:676][  0]LogMaterial: Display: Missing cached shader map for material AntiAliasedTextMaterialTranslucent_Glow, compiling. 
[2020.06.01-17.43.33:121][  0]LogStaticMesh: Building static mesh Shape_Cube...
[2020.06.01-17.43.33:123][  0]LogStaticMesh: Built static mesh [0.00s] /Game/Environment/Shape_Cube.Shape_Cube
[2020.06.01-17.43.33:134][  0]LogMaterial: Display: Missing cached shader map for material M_Cube, compiling. 
[2020.06.01-17.43.33:152][  0]LogMaterial: Display: Missing cached shader map for material M_BlockoutSimple, compiling. 
[2020.06.01-17.43.33:267][  0]LogMaterial: Display: Missing cached shader map for material M_BlockoutSimple, compiling. 
[2020.06.01-17.43.33:387][  0]LogAIModule: Creating AISystem for world FirstPersonExampleMap
[2020.06.01-17.43.33:388][  0]LogAISub: UAISubsystem::UAISubsystem EnvQueryManager (000001DF07F23E00), frame # 0
[2020.06.01-17.43.33:388][  0]LogAISub: UAISubsystem::UAISubsystem AIPerceptionSystem (000001DF71353C40), frame # 0
[2020.06.01-17.43.35:930][  0]LogAudioMixer: Display: Audio Buffer Underrun detected.
[2020.06.01-17.43.36:199][  0]LogEditorServer: Finished looking for orphan Actors (0.000 secs)
[2020.06.01-17.43.36:814][  0]LogUObjectHash: Compacting FUObjectHashTables data took   0.68ms
[2020.06.01-17.43.36:859][  0]Cmd: MAP CHECKDEP NOCLEARLOG
[2020.06.01-17.43.36:937][  0]MapCheck: Map check complete: 0 Error(s), 0 Warning(s), took 72.641ms to complete.
[2020.06.01-17.43.36:937][  0]LogFileHelpers: Loading map 'FirstPersonExampleMap' took 6.946
[2020.06.01-17.43.42:116][  0]LogUnrealEdMisc: Total Editor Startup Time, took 181.384
[2020.06.01-17.43.50:875][  0]LogSlate: Updating window title bar state: overlay mode, drag disabled, window buttons hidden, title bar hidden
[2020.06.01-17.43.51:160][  0]LogSlate: Updating window title bar state: overlay mode, drag disabled, window buttons hidden, title bar hidden
[2020.06.01-17.43.51:169][  0]LogSlate: Updating window title bar state: overlay mode, drag disabled, window buttons hidden, title bar hidden
[2020.06.01-17.43.51:178][  0]LogSlate: Updating window title bar state: overlay mode, drag disabled, window buttons hidden, title bar hidden
[2020.06.01-17.43.51:759][  0]LogCollectionManager: Loaded 0 collections in 0.001494 seconds
[2020.06.01-17.43.53:591][  0]LogFileCache: Scanning file cache for directory 'D:/DW/Documents/GitHub/StealthGame/StealthGameBase/Saved/Collections/' took 0.00s
[2020.06.01-17.43.53:592][  0]LogFileCache: Scanning file cache for directory 'D:/DW/Documents/GitHub/StealthGame/StealthGameBase/Content/Developers/DW/Collections/' took 0.00s
[2020.06.01-17.43.53:592][  0]LogFileCache: Scanning file cache for directory 'D:/DW/Documents/GitHub/StealthGame/StealthGameBase/Content/Collections/' took 0.00s
[2020.06.01-17.43.53:592][  0]LogContentBrowser: Native class hierarchy populated in 0.2210 seconds. Added 3430 classes and 823 folders.
[2020.06.01-17.43.54:679][  0]LogContentBrowser: Native class hierarchy updated for 'WidgetCarousel' in 0.0009 seconds. Added 0 classes and 0 folders.
[2020.06.01-17.43.58:295][  0]LogContentBrowser: Native class hierarchy updated for 'AddContentDialog' in 0.0005 seconds. Added 0 classes and 0 folders.
[2020.06.01-17.44.02:051][  0]LogSlate: Took 0.086290 seconds to synchronously load lazily loaded font '../../../Engine/Content/Slate/Fonts/Roboto-Regular.ttf' (155K)
[2020.06.01-17.44.02:225][  0]LogSlate: Took 0.037816 seconds to synchronously load lazily loaded font '../../../Engine/Content/Slate/Fonts/Roboto-Bold.ttf' (160K)
[2020.06.01-17.44.03:085][  0]LogSlate: Took 0.035360 seconds to synchronously load lazily loaded font '../../../Engine/Content/Editor/Slate/Fonts/FontAwesome.ttf' (139K)
[2020.06.01-17.44.08:274][  0]LogRenderer: Reallocating scene render targets to support 1260x664 Format 9 NumSamples 1 (Frame:1).
[2020.06.01-17.44.14:506][  0]LogContentBrowser: Native class hierarchy updated for 'HierarchicalLODOutliner' in 0.0005 seconds. Added 0 classes and 0 folders.
[2020.06.01-17.44.14:507][  0]LogLoad: (Engine Initialization) Total time: 213.77 seconds
[2020.06.01-17.44.14:507][  0]LogLoad: (Engine Initialization) Total Blueprint compile time: 0.00 seconds
[2020.06.01-17.44.16:203][  0]LogContentStreaming: Texture pool size now 800 MB
[2020.06.01-17.44.16:788][  0]LogSlate: Took 0.021824 seconds to synchronously load lazily loaded font '../../../Engine/Content/Slate/Fonts/Roboto-Light.ttf' (167K)
[2020.06.01-17.44.17:875][  2]LogAssetRegistry: Asset discovery search completed in 174.0984 seconds
[2020.06.01-17.44.18:092][  2]LogCollectionManager: Fixed up redirectors for 0 collections in 0.013894 seconds (updated 0 objects)
[2020.06.01-17.44.53:628][174]LogAudioMixer: Display: Audio Buffer Underrun detected.
[2020.06.01-17.45.33:188][964]LogSlate: Took 0.000212 seconds to synchronously load lazily loaded font '../../../Engine/Content/Slate/Fonts/Roboto-Light.ttf' (167K)
[2020.06.01-17.45.33:236][964]LogAssetEditorSubsystem: Opening Asset editor for Class /Script/FPSGame.FPSProjectile
[2020.06.01-17.45.46:006][368]LogAssetEditorSubsystem: Opening Asset editor for Blueprint /Game/Blueprints/BP_Projectile.BP_Projectile
[2020.06.01-17.45.48:239][368]LogContentBrowser: Native class hierarchy updated for 'BlueprintGraph' in 0.0009 seconds. Added 125 classes and 0 folders.
[2020.06.01-17.45.53:549][368]LogSlate: Took 0.032758 seconds to synchronously load lazily loaded font '../../../Engine/Content/Slate/Fonts/Roboto-BoldCondensed.ttf' (158K)
[2020.06.01-17.46.03:260][720]LogRenderer: Reallocating scene render targets to support 1260x692 Format 9 NumSamples 1 (Frame:1).
[2020.06.01-17.46.15:471][177]LogSlate: Took 0.021712 seconds to synchronously load lazily loaded font '../../../Engine/Content/Slate/Fonts/Roboto-Italic.ttf' (157K)
[2020.06.01-17.46.33:962][869]LogSlate: Window 'BP_Projectile' being destroyed
[2020.06.01-17.47.01:311][673]Candidate modules for hot reload:
[2020.06.01-17.47.01:311][673]  FPSGame
[2020.06.01-17.47.01:312][673]Launching UnrealBuildTool... [D:/Program Files/Epic Games/UE_4.25/Engine/Binaries/DotNET/UnrealBuildTool.exe  -ModuleWithSuffix=FPSGame,1400 FPSGameEditor Win64 Development -Project="D:/DW/Documents/GitHub/StealthGame/StealthGameBase/FPSGame.uproject" "D:/DW/Documents/GitHub/StealthGame/StealthGameBase/FPSGame.uproject"  -IgnoreJunk]
[2020.06.01-17.47.01:315][673]Warning: Starting HotReload took  0.1s.
[2020.06.01-17.47.02:343][695]LogAudioMixer: Display: Audio Buffer Underrun detected.
[2020.06.01-17.47.19:207][879]CompilerResultsLog: New page: Compilation - 1 Jun 2020, 19:47:19
[2020.06.01-17.47.19:207][879]CompilerResultsLog: Using 'git status' to determine working set for adaptive non-unity build (D:\DW\Documents\GitHub\StealthGame).
[2020.06.01-17.47.19:207][879]CompilerResultsLog: Parsing headers for FPSGameEditor
[2020.06.01-17.47.19:207][879]CompilerResultsLog:   Running UnrealHeaderTool "D:\DW\Documents\GitHub\StealthGame\StealthGameBase\FPSGame.uproject" "D:\DW\Documents\GitHub\StealthGame\StealthGameBase\Intermediate\Build\Win64\FPSGameEditor\Development\FPSGameEditor.uhtmanifest" -LogCmds="loginit warning, logexit warning, logdatabase error" -Unattended -WarningsAsErrors -abslog="C:\Users\DW\AppData\Local\UnrealBuildTool\Log_UHT.txt" -installed
[2020.06.01-17.47.19:208][879]CompilerResultsLog: Reflection code generated for FPSGameEditor in 8.8559478 seconds
[2020.06.01-17.47.19:208][879]CompilerResultsLog: Building FPSGameEditor...
[2020.06.01-17.47.19:208][879]CompilerResultsLog: Using Visual Studio 2019 14.26.28805 toolchain (C:\Program Files (x86)\Microsoft Visual Studio\2019\Community\VC\Tools\MSVC\14.26.28801) and Windows 10.0.18362.0 SDK (C:\Program Files (x86)\Windows Kits\10).
[2020.06.01-17.47.19:208][879]CompilerResultsLog: [Upgrade]
[2020.06.01-17.47.19:208][879]CompilerResultsLog: [Upgrade] Using backward-compatible build settings. The latest version of UE4 sets the following values by default, which may require code changes:
[2020.06.01-17.47.19:208][879]CompilerResultsLog: [Upgrade]     bLegacyPublicIncludePaths = false                 => Omits subfolders from public include paths to reduce compiler command line length. (Previously: true).
[2020.06.01-17.47.19:209][879]CompilerResultsLog: [Upgrade]     ShadowVariableWarningLevel = WarningLevel.Error   => Treats shadowed variable warnings as errors. (Previously: WarningLevel.Warning).
[2020.06.01-17.47.19:209][879]CompilerResultsLog: [Upgrade]     PCHUsage = PCHUsageMode.UseExplicitOrSharedPCHs   => Set in build.cs files to enables IWYU-style PCH model. See https://docs.unrealengine.com/en-US/Programming/BuildTools/UnrealBuildTool/IWYU/index.html. (Previously: PCHUsageMode.UseSharedPCHs).
[2020.06.01-17.47.19:209][879]CompilerResultsLog: [Upgrade] Suppress this message by setting 'DefaultBuildSettings = BuildSettingsVersion.V2;' in FPSGameEditor.Target.cs, and explicitly overriding settings that differ from the new defaults.
[2020.06.01-17.47.19:209][879]CompilerResultsLog: [Upgrade]
[2020.06.01-17.47.19:209][879]CompilerResultsLog: Distributing 7 actions to XGE
[2020.06.01-17.47.19:209][879]CompilerResultsLog: --------------------Build System Warning---------------------------------------
[2020.06.01-17.47.19:209][879]CompilerResultsLog: License is invalid:
[2020.06.01-17.47.19:210][879]CompilerResultsLog:     License information is invalid. Please try reloading your license file using the Coordinator Monitor application on the Coordinator machine, or reinstall IncrediBuild.
[2020.06.01-17.47.19:210][879]CompilerResultsLog:     This build will run in standalone mode.
[2020.06.01-17.47.19:210][879]CompilerResultsLog: 
[2020.06.01-17.47.19:210][879]CompilerResultsLog: -------------------------------------------------------------------------------
[2020.06.01-17.47.19:210][879]CompilerResultsLog: --------------------Project: Default-------------------------------------------
[2020.06.01-17.47.19:210][879]CompilerResultsLog: FPSCharacter.cpp (0:01.70 at +0:00)
[2020.06.01-17.47.19:210][879]CompilerResultsLog: FPSProjectile.cpp (0:01.15 at +0:01)
[2020.06.01-17.47.19:211][879]CompilerResultsLog: FPSGame.init.gen.cpp (0:00.82 at +0:02)
[2020.06.01-17.47.19:211][879]CompilerResultsLog: FPSProjectile.gen.cpp (0:01.04 at +0:03)
[2020.06.01-17.47.19:211][879]CompilerResultsLog: UE4Editor-FPSGame-1400.dll (0:01.28 at +0:04)
[2020.06.01-17.47.19:211][879]CompilerResultsLog:    Creating library D:\DW\Documents\GitHub\StealthGame\StealthGameBase\Intermediate\Build\Win64\UE4Editor\Development\FPSGame\UE4Editor-FPSGame-1400.suppressed.lib and object D:\DW\Documents\GitHub\StealthGame\StealthGameBase\Intermediate\Build\Win64\UE4Editor\Development\FPSGame\UE4Editor-FPSGame-1400.suppressed.exp
[2020.06.01-17.47.19:211][879]CompilerResultsLog: UE4Editor-FPSGame-1400.lib (0:00.42 at +0:06)
[2020.06.01-17.47.19:211][879]CompilerResultsLog:    Creating library D:\DW\Documents\GitHub\StealthGame\StealthGameBase\Intermediate\Build\Win64\UE4Editor\Development\FPSGame\UE4Editor-FPSGame-1400.lib and object D:\DW\Documents\GitHub\StealthGame\StealthGameBase\Intermediate\Build\Win64\UE4Editor\Development\FPSGame\UE4Editor-FPSGame-1400.exp
[2020.06.01-17.47.19:212][879]CompilerResultsLog: FPSGameEditor.target (0:00.40 at +0:06)
[2020.06.01-17.47.19:212][879]CompilerResultsLog: ---------------------- Done ----------------------
[2020.06.01-17.47.19:212][879]CompilerResultsLog: 
[2020.06.01-17.47.19:212][879]CompilerResultsLog:     Rebuild All: 1 succeeded, 0 failed, 0 skipped
[2020.06.01-17.47.19:212][879]CompilerResultsLog: 
[2020.06.01-17.47.19:212][879]CompilerResultsLog: 1 build system warning(s):
[2020.06.01-17.47.19:212][879]CompilerResultsLog:    - License is invalid
[2020.06.01-17.47.19:213][879]CompilerResultsLog: 
[2020.06.01-17.47.19:213][879]CompilerResultsLog: Total time in XGE executor: 7.42 seconds
[2020.06.01-17.47.19:213][879]CompilerResultsLog: Total execution time: 17.50 seconds
[2020.06.01-17.47.19:213][879]LogMainFrame: MainFrame: Module compiling took 17.991 seconds
[2020.06.01-17.47.21:597][879]LogClass: Could not find existing class FPSProjectile in package /Script/FPSGame for HotReload, assuming new class
[2020.06.01-17.47.21:597][879]LogClass: Function OnHit is new.
[2020.06.01-17.47.21:618][879]LogHotReload: Re-instancing FPSProjectile after hot-reload.
[2020.06.01-17.47.22:323][879]LogContentBrowser: Native class hierarchy updated for 'FPSGame' in 0.0006 seconds. Added 4 classes and 3 folders.
[2020.06.01-17.47.22:337][879]Display: HotReload successful (0 functions remapped  0 scriptstructs remapped)
[2020.06.01-17.47.23:080][879]LogContentBrowser: Native class hierarchy populated in 0.0094 seconds. Added 3430 classes and 823 folders.
[2020.06.01-17.47.23:177][879]Display: HotReload took 22.0s.
[2020.06.01-17.47.31:574][300]LogWorld: UWorld::CleanupWorld for World_4, bSessionEnded=true, bCleanupResources=true
[2020.06.01-17.47.31:574][300]LogSlate: InvalidateAllWidgets triggered.  All widgets were invalidated
[2020.06.01-17.47.34:319][427]LogAssetEditorSubsystem: Opening Asset editor for Blueprint /Game/Blueprints/BP_Projectile.BP_Projectile
[2020.06.01-17.47.38:266][577]LogMaterial: Display: Missing cached shader map for material M_Burst, compiling. 
[2020.06.01-17.47.38:313][577]LogMaterial: Display: Missing cached shader map for material M_explosion_subUV, compiling. 
[2020.06.01-17.47.38:436][577]LogMaterial: Display: Missing cached shader map for material M_smoke_subUV, compiling. 
[2020.06.01-17.47.38:642][577]LogMaterial: Display: Missing cached shader map for material M_radial_ramp, compiling. 
[2020.06.01-17.47.39:676][617]BlueprintLog: New page: Compile BP_Projectile
[2020.06.01-17.47.40:085][617]LogUObjectHash: Compacting FUObjectHashTables data took   5.08ms
[2020.06.01-17.47.40:353][617]LogSlate: Took 0.038400 seconds to synchronously load lazily loaded font '../../../Engine/Content/Slate/Fonts/DroidSansMono.ttf' (77K)
[2020.06.01-17.47.41:167][634]Cmd: OBJ SAVEPACKAGE PACKAGE="/Game/Blueprints/BP_Projectile" FILE="../../../../../../DW/Documents/GitHub/StealthGame/StealthGameBase/Content/Blueprints/BP_Projectile.uasset" SILENT=true
[2020.06.01-17.47.41:509][634]LogSavePackage: Moving '../../../../../../DW/Documents/GitHub/StealthGame/StealthGameBase/Saved/BP_ProjectileDD428E8F4341E0BDC77F2FA66EFA4A73.tmp' to '../../../../../../DW/Documents/GitHub/StealthGame/StealthGameBase/Content/Blueprints/BP_Projectile.uasset'
[2020.06.01-17.47.41:673][634]AssetCheck: New page: Asset Save: BP_Projectile
[2020.06.01-17.47.41:673][634]LogContentValidation: Display: Validating Blueprint /Game/Blueprints/BP_Projectile.BP_Projectile
[2020.06.01-17.47.42:797][684]LogTemp: Repeating last play command: Selected Viewport
[2020.06.01-17.47.43:057][684]LogPlayLevel: PlayLevel: No blueprints needed recompiling
[2020.06.01-17.47.43:068][684]PIE: New page: PIE session: FirstPersonExampleMap (1 Jun 2020, 19:47:43)
[2020.06.01-17.47.43:301][684]LogOnline: OSS: Creating online subsystem instance for: NULL
[2020.06.01-17.47.43:339][684]LogOnline: OSS: TryLoadSubsystemAndSetDefault: Loaded subsystem for module [NULL]
[2020.06.01-17.47.43:446][684]LogPlayLevel: Creating play world package: /Game/Maps/UEDPIE_0_FirstPersonExampleMap
[2020.06.01-17.47.43:587][684]LogPlayLevel: PIE: StaticDuplicateObject took: (0.140711s)
[2020.06.01-17.47.43:604][684]LogAIModule: Creating AISystem for world FirstPersonExampleMap
[2020.06.01-17.47.43:606][684]LogAISub: UAISubsystem::UAISubsystem EnvQueryManager (000001DF8767FE00), frame # 5684
[2020.06.01-17.47.43:606][684]LogAISub: UAISubsystem::UAISubsystem AIPerceptionSystem (000001DF87C78F40), frame # 5684
[2020.06.01-17.47.43:606][684]LogPlayLevel: PIE: World Init took: (0.019033s)
[2020.06.01-17.47.43:607][684]LogPlayLevel: PIE: Created PIE world by copying editor world from /Game/Maps/FirstPersonExampleMap.FirstPersonExampleMap to /Game/Maps/UEDPIE_0_FirstPersonExampleMap.FirstPersonExampleMap (0.160531s)
[2020.06.01-17.47.43:795][684]LogUObjectHash: Compacting FUObjectHashTables data took   2.77ms
[2020.06.01-17.47.43:823][684]LogAudioMixer: Display: Audio Mixer Platform Settings:
[2020.06.01-17.47.43:823][684]LogAudioMixer: Display: 	Sample Rate:						  48000
[2020.06.01-17.47.43:824][684]LogAudioMixer: Display: 	Callback Buffer Frame Size Requested: 1024
[2020.06.01-17.47.43:824][684]LogAudioMixer: Display: 	Callback Buffer Frame Size To Use:	  1024
[2020.06.01-17.47.43:824][684]LogAudioMixer: Display: 	Number of buffers to queue:			  2
[2020.06.01-17.47.43:824][684]LogAudioMixer: Display: 	Max Channels (voices):				  32
[2020.06.01-17.47.43:824][684]LogAudioMixer: Display: 	Number of Async Source Workers:		  0
[2020.06.01-17.47.43:824][684]LogAudio: Display: AudioDevice MaxSources: 32
[2020.06.01-17.47.43:825][684]LogAudio: Display: Using built-in audio occlusion.
[2020.06.01-17.47.43:825][684]LogAudioMixer: Display: Initializing audio mixer.
[2020.06.01-17.47.43:833][684]LogAudioMixer: Display: 0: FrontLeft
[2020.06.01-17.47.43:833][684]LogAudioMixer: Display: 1: FrontRight
[2020.06.01-17.47.43:907][684]LogAudioMixer: Display: Using Audio Device Speaker/Headphone (Realtek High Definition Audio)
[2020.06.01-17.47.43:908][684]LogAudioMixer: Display: Initializing Sound Submixes...
[2020.06.01-17.47.43:908][684]LogAudioMixer: Display: Creating Master Submix 'MasterSubmixDefault'
[2020.06.01-17.47.43:908][684]LogAudioMixer: Display: Creating Master Submix 'MasterReverbSubmixDefault'
[2020.06.01-17.47.43:909][684]LogAudioMixer: Display: Creating Master Submix 'MasterEQSubmixDefault'
[2020.06.01-17.47.43:928][684]LogInit: FAudioDevice initialized.
[2020.06.01-17.47.44:129][684]LogLoad: Game class is 'FPSGameMode'
[2020.06.01-17.47.44:309][684]LogWorld: Bringing World /Game/Maps/UEDPIE_0_FirstPersonExampleMap.FirstPersonExampleMap up for play (max tick rate 60) at 2020.06.01-18.47.44
[2020.06.01-17.47.44:365][684]LogWorld: Bringing up level for play took: 0.074365
[2020.06.01-17.47.44:379][684]LogOnline: OSS: Creating online subsystem instance for: :Context_7
[2020.06.01-17.47.44:817][684]LogContentBrowser: Native class hierarchy updated for 'MovieSceneCapture' in 0.0007 seconds. Added 20 classes and 0 folders.
[2020.06.01-17.47.44:928][684]PIE: Server logged in
[2020.06.01-17.47.44:931][684]PIE: Play in editor total start time 2.08 seconds.
[2020.06.01-17.47.52:920][ 90]LogAudioMixer: Display: No commands were queued while flushing the source manager.
[2020.06.01-17.47.52:932][ 90]LogAudioMixer: Display: Flush succeeded in the source manager command queue (1).
[2020.06.01-17.47.52:951][ 90]LogAudioMixer: Display: Flush succeeded the source manager command queue (2).
[2020.06.01-17.47.53:147][ 90]LogSlate: Updating window title bar state: overlay mode, drag disabled, window buttons hidden, title bar hidden
[2020.06.01-17.47.53:148][ 90]LogWorld: BeginTearingDown for /Game/Maps/UEDPIE_0_FirstPersonExampleMap
[2020.06.01-17.47.53:171][ 90]LogAudioMixer: Display: No commands were queued while flushing the source manager.
[2020.06.01-17.47.53:186][ 90]LogWorld: UWorld::CleanupWorld for FirstPersonExampleMap, bSessionEnded=true, bCleanupResources=true
[2020.06.01-17.47.53:273][ 90]LogSlate: InvalidateAllWidgets triggered.  All widgets were invalidated
[2020.06.01-17.47.53:351][ 90]LogPlayLevel: Display: Shutting down PIE online subsystems
[2020.06.01-17.47.53:374][ 90]LogSlate: InvalidateAllWidgets triggered.  All widgets were invalidated
[2020.06.01-17.47.53:429][ 90]LogAudioMixer: Display: No commands were queued while flushing the source manager.
[2020.06.01-17.47.53:504][ 90]LogSlate: Updating window title bar state: overlay mode, drag disabled, window buttons hidden, title bar hidden
[2020.06.01-17.47.53:520][ 90]LogAISub: UAISubsystem::~UAISubsystem AIPerceptionSystem (000001DF87C78F40), frame # 6090
[2020.06.01-17.47.53:520][ 90]LogAISub: UAISubsystem::~UAISubsystem EnvQueryManager (000001DF8767FE00), frame # 6090
[2020.06.01-17.47.53:670][ 90]LogUObjectHash: Compacting FUObjectHashTables data took   3.87ms
[2020.06.01-17.47.53:745][ 91]LogPlayLevel: Display: Destroying online subsystem :Context_7
[2020.06.01-17.48.09:488][596]LogSlate: Window 'Editor Preferences' being destroyed
[2020.06.01-17.48.09:519][596]LogSlate: Window 'Editor Preferences' being destroyed
[2020.06.01-17.52.29:288][ 17]LogTemp: Repeating last play command: Selected Viewport
[2020.06.01-17.52.29:297][ 17]LogPlayLevel: PlayLevel: No blueprints needed recompiling
[2020.06.01-17.52.29:298][ 17]PIE: New page: PIE session: FirstPersonExampleMap (1 Jun 2020, 19:52:29)
[2020.06.01-17.52.29:298][ 17]LogPlayLevel: Creating play world package: /Game/Maps/UEDPIE_0_FirstPersonExampleMap
[2020.06.01-17.52.29:318][ 17]LogPlayLevel: PIE: StaticDuplicateObject took: (0.019873s)
[2020.06.01-17.52.29:320][ 17]LogAIModule: Creating AISystem for world FirstPersonExampleMap
[2020.06.01-17.52.29:320][ 17]LogAISub: UAISubsystem::UAISubsystem EnvQueryManager (000001DF97857E00), frame # 22017
[2020.06.01-17.52.29:352][ 17]LogAISub: UAISubsystem::UAISubsystem AIPerceptionSystem (000001DFCD33CCC0), frame # 22017
[2020.06.01-17.52.29:352][ 17]LogPlayLevel: PIE: World Init took: (0.033791s)
[2020.06.01-17.52.29:353][ 17]LogPlayLevel: PIE: Created PIE world by copying editor world from /Game/Maps/FirstPersonExampleMap.FirstPersonExampleMap to /Game/Maps/UEDPIE_0_FirstPersonExampleMap.FirstPersonExampleMap (0.054452s)
[2020.06.01-17.52.29:385][ 17]LogUObjectHash: Compacting FUObjectHashTables data took   3.26ms
[2020.06.01-17.52.29:393][ 17]LogAudioMixer: Display: Audio Mixer Platform Settings:
[2020.06.01-17.52.29:393][ 17]LogAudioMixer: Display: 	Sample Rate:						  48000
[2020.06.01-17.52.29:393][ 17]LogAudioMixer: Display: 	Callback Buffer Frame Size Requested: 1024
[2020.06.01-17.52.29:394][ 17]LogAudioMixer: Display: 	Callback Buffer Frame Size To Use:	  1024
[2020.06.01-17.52.29:394][ 17]LogAudioMixer: Display: 	Number of buffers to queue:			  2
[2020.06.01-17.52.29:394][ 17]LogAudioMixer: Display: 	Max Channels (voices):				  32
[2020.06.01-17.52.29:394][ 17]LogAudioMixer: Display: 	Number of Async Source Workers:		  0
[2020.06.01-17.52.29:394][ 17]LogAudio: Display: AudioDevice MaxSources: 32
[2020.06.01-17.52.29:395][ 17]LogAudio: Display: Using built-in audio occlusion.
[2020.06.01-17.52.29:396][ 17]LogAudioMixer: Display: Initializing audio mixer.
[2020.06.01-17.52.29:402][ 17]LogAudioMixer: Display: 0: FrontLeft
[2020.06.01-17.52.29:403][ 17]LogAudioMixer: Display: 1: FrontRight
[2020.06.01-17.52.29:471][ 17]LogAudioMixer: Display: Using Audio Device Speaker/Headphone (Realtek High Definition Audio)
[2020.06.01-17.52.29:471][ 17]LogAudioMixer: Display: Initializing Sound Submixes...
[2020.06.01-17.52.29:472][ 17]LogAudioMixer: Display: Creating Master Submix 'MasterSubmixDefault'
[2020.06.01-17.52.29:472][ 17]LogAudioMixer: Display: Creating Master Submix 'MasterReverbSubmixDefault'
[2020.06.01-17.52.29:472][ 17]LogAudioMixer: Display: Creating Master Submix 'MasterEQSubmixDefault'
[2020.06.01-17.52.29:501][ 17]LogInit: FAudioDevice initialized.
[2020.06.01-17.52.29:532][ 17]LogLoad: Game class is 'FPSGameMode'
[2020.06.01-17.52.29:536][ 17]LogWorld: Bringing World /Game/Maps/UEDPIE_0_FirstPersonExampleMap.FirstPersonExampleMap up for play (max tick rate 60) at 2020.06.01-18.52.29
[2020.06.01-17.52.29:536][ 17]LogWorld: Bringing up level for play took: 0.002990
[2020.06.01-17.52.29:537][ 17]LogOnline: OSS: Creating online subsystem instance for: :Context_8
[2020.06.01-17.52.29:542][ 17]PIE: Server logged in
[2020.06.01-17.52.29:544][ 17]PIE: Play in editor total start time 0.25 seconds.
[2020.06.01-17.52.44:058][875]LogAudioMixer: Display: No commands were queued while flushing the source manager.
[2020.06.01-17.52.44:071][875]LogAudioMixer: Display: Flush succeeded in the source manager command queue (1).
[2020.06.01-17.52.44:091][875]LogAudioMixer: Display: Flush succeeded the source manager command queue (2).
[2020.06.01-17.52.44:094][875]LogSlate: Updating window title bar state: overlay mode, drag disabled, window buttons hidden, title bar hidden
[2020.06.01-17.52.44:095][875]LogWorld: BeginTearingDown for /Game/Maps/UEDPIE_0_FirstPersonExampleMap
[2020.06.01-17.52.44:095][875]LogAudioMixer: Display: No commands were queued while flushing the source manager.
[2020.06.01-17.52.44:095][875]LogWorld: UWorld::CleanupWorld for FirstPersonExampleMap, bSessionEnded=true, bCleanupResources=true
[2020.06.01-17.52.44:098][875]LogSlate: InvalidateAllWidgets triggered.  All widgets were invalidated
[2020.06.01-17.52.44:117][875]LogPlayLevel: Display: Shutting down PIE online subsystems
[2020.06.01-17.52.44:121][875]LogSlate: InvalidateAllWidgets triggered.  All widgets were invalidated
[2020.06.01-17.52.44:187][875]LogAudioMixer: Display: No commands were queued while flushing the source manager.
[2020.06.01-17.52.44:244][875]LogSlate: Updating window title bar state: overlay mode, drag disabled, window buttons hidden, title bar hidden
[2020.06.01-17.52.44:249][875]LogAISub: UAISubsystem::~UAISubsystem AIPerceptionSystem (000001DFCD33CCC0), frame # 22875
[2020.06.01-17.52.44:249][875]LogAISub: UAISubsystem::~UAISubsystem EnvQueryManager (000001DF97857E00), frame # 22875
[2020.06.01-17.52.44:252][875]LogUObjectHash: Compacting FUObjectHashTables data took   2.39ms
[2020.06.01-17.52.44:274][876]LogPlayLevel: Display: Destroying online subsystem :Context_8
[2020.06.01-17.52.51:632][ 99]LogSlate: WidgetSwitcher ('None') active index changed to -1
[2020.06.01-17.52.51:633][ 99]LogSlate: WidgetSwitcher ('None') active index changed to 0
[2020.06.01-17.52.59:059][229]LogSlate: WidgetSwitcher ('None') active index changed to 1
[2020.06.01-17.53.31:842][208]Candidate modules for hot reload:
[2020.06.01-17.53.31:842][208]  FPSGame
[2020.06.01-17.53.31:842][208]Launching UnrealBuildTool... [D:/Program Files/Epic Games/UE_4.25/Engine/Binaries/DotNET/UnrealBuildTool.exe  -ModuleWithSuffix=FPSGame,353 FPSGameEditor Win64 Development -Project="D:/DW/Documents/GitHub/StealthGame/StealthGameBase/FPSGame.uproject" "D:/DW/Documents/GitHub/StealthGame/StealthGameBase/FPSGame.uproject"  -IgnoreJunk]
[2020.06.01-17.53.55:154][208]CompilerResultsLog: New page: Compilation - 1 Jun 2020, 19:53:55
[2020.06.01-17.53.55:154][208]CompilerResultsLog: Using 'git status' to determine working set for adaptive non-unity build (D:\DW\Documents\GitHub\StealthGame).
[2020.06.01-17.53.55:154][208]CompilerResultsLog: Invalidating makefile for FPSGameEditor (source file added)
[2020.06.01-17.53.55:154][208]CompilerResultsLog: Parsing headers for FPSGameEditor
[2020.06.01-17.53.55:155][208]CompilerResultsLog:   Running UnrealHeaderTool "D:\DW\Documents\GitHub\StealthGame\StealthGameBase\FPSGame.uproject" "D:\DW\Documents\GitHub\StealthGame\StealthGameBase\Intermediate\Build\Win64\FPSGameEditor\Development\FPSGameEditor.uhtmanifest" -LogCmds="loginit warning, logexit warning, logdatabase error" -Unattended -WarningsAsErrors -abslog="C:\Users\DW\AppData\Local\UnrealBuildTool\Log_UHT.txt" -installed
[2020.06.01-17.53.55:155][208]CompilerResultsLog: Reflection code generated for FPSGameEditor in 10.2605433 seconds
[2020.06.01-17.53.55:155][208]CompilerResultsLog: Building FPSGameEditor...
[2020.06.01-17.53.55:155][208]CompilerResultsLog: Using Visual Studio 2019 14.26.28805 toolchain (C:\Program Files (x86)\Microsoft Visual Studio\2019\Community\VC\Tools\MSVC\14.26.28801) and Windows 10.0.18362.0 SDK (C:\Program Files (x86)\Windows Kits\10).
[2020.06.01-17.53.55:155][208]CompilerResultsLog: [Upgrade]
[2020.06.01-17.53.55:155][208]CompilerResultsLog: [Upgrade] Using backward-compatible build settings. The latest version of UE4 sets the following values by default, which may require code changes:
[2020.06.01-17.53.55:155][208]CompilerResultsLog: [Upgrade]     bLegacyPublicIncludePaths = false                 => Omits subfolders from public include paths to reduce compiler command line length. (Previously: true).
[2020.06.01-17.53.55:156][208]CompilerResultsLog: [Upgrade]     ShadowVariableWarningLevel = WarningLevel.Error   => Treats shadowed variable warnings as errors. (Previously: WarningLevel.Warning).
[2020.06.01-17.53.55:156][208]CompilerResultsLog: [Upgrade]     PCHUsage = PCHUsageMode.UseExplicitOrSharedPCHs   => Set in build.cs files to enables IWYU-style PCH model. See https://docs.unrealengine.com/en-US/Programming/BuildTools/UnrealBuildTool/IWYU/index.html. (Previously: PCHUsageMode.UseSharedPCHs).
[2020.06.01-17.53.55:156][208]CompilerResultsLog: [Upgrade] Suppress this message by setting 'DefaultBuildSettings = BuildSettingsVersion.V2;' in FPSGameEditor.Target.cs, and explicitly overriding settings that differ from the new defaults.
[2020.06.01-17.53.55:156][208]CompilerResultsLog: [Upgrade]
[2020.06.01-17.53.55:156][208]CompilerResultsLog: Distributing 6 actions to XGE
[2020.06.01-17.53.55:156][208]CompilerResultsLog: --------------------Build System Warning---------------------------------------
[2020.06.01-17.53.55:156][208]CompilerResultsLog: License is invalid:
[2020.06.01-17.53.55:157][208]CompilerResultsLog:     License information is invalid. Please try reloading your license file using the Coordinator Monitor application on the Coordinator machine, or reinstall IncrediBuild.
[2020.06.01-17.53.55:157][208]CompilerResultsLog:     This build will run in standalone mode.
[2020.06.01-17.53.55:157][208]CompilerResultsLog: 
[2020.06.01-17.53.55:157][208]CompilerResultsLog: -------------------------------------------------------------------------------
[2020.06.01-17.53.55:157][208]CompilerResultsLog: --------------------Project: Default-------------------------------------------
[2020.06.01-17.53.55:157][208]CompilerResultsLog: FPSObjectiveActor.gen.cpp (0:02.90 at +0:00)
[2020.06.01-17.53.55:157][208]CompilerResultsLog: FPSGame.init.gen.cpp (0:00.79 at +0:02)
[2020.06.01-17.53.55:157][208]CompilerResultsLog: FPSObjectiveActor.cpp (0:01.07 at +0:03)
[2020.06.01-17.53.55:157][208]CompilerResultsLog: UE4Editor-FPSGame-0353.dll (0:01.07 at +0:04)
[2020.06.01-17.53.55:158][208]CompilerResultsLog:    Creating library D:\DW\Documents\GitHub\StealthGame\StealthGameBase\Intermediate\Build\Win64\UE4Editor\Development\FPSGame\UE4Editor-FPSGame-0353.suppressed.lib and object D:\DW\Documents\GitHub\StealthGame\StealthGameBase\Intermediate\Build\Win64\UE4Editor\Development\FPSGame\UE4Editor-FPSGame-0353.suppressed.exp
[2020.06.01-17.53.55:158][208]CompilerResultsLog: UE4Editor-FPSGame-0353.lib (0:00.28 at +0:05)
[2020.06.01-17.53.55:158][208]CompilerResultsLog:    Creating library D:\DW\Documents\GitHub\StealthGame\StealthGameBase\Intermediate\Build\Win64\UE4Editor\Development\FPSGame\UE4Editor-FPSGame-0353.lib and object D:\DW\Documents\GitHub\StealthGame\StealthGameBase\Intermediate\Build\Win64\UE4Editor\Development\FPSGame\UE4Editor-FPSGame-0353.exp
[2020.06.01-17.53.55:158][208]CompilerResultsLog: FPSGameEditor.target (0:00.57 at +0:06)
[2020.06.01-17.53.55:158][208]CompilerResultsLog: ---------------------- Done ----------------------
[2020.06.01-17.53.55:158][208]CompilerResultsLog: 
[2020.06.01-17.53.55:158][208]CompilerResultsLog:     Rebuild All: 1 succeeded, 0 failed, 0 skipped
[2020.06.01-17.53.55:158][208]CompilerResultsLog: 
[2020.06.01-17.53.55:158][208]CompilerResultsLog: 1 build system warning(s):
[2020.06.01-17.53.55:158][208]CompilerResultsLog:    - License is invalid
[2020.06.01-17.53.55:159][208]CompilerResultsLog: 
[2020.06.01-17.53.55:159][208]CompilerResultsLog: Total time in XGE executor: 7.00 seconds
[2020.06.01-17.53.55:159][208]CompilerResultsLog: Total execution time: 22.97 seconds
[2020.06.01-17.53.55:159][208]LogMainFrame: MainFrame: Module compiling took 23.329 seconds
[2020.06.01-17.53.55:538][208]LogContentBrowser: Native class hierarchy populated in 0.0128 seconds. Added 3430 classes and 823 folders.
[2020.06.01-17.53.55:538][208]Display: HotReload took 23.7s.
[2020.06.01-17.53.55:548][208]Warning: HotReload operation took 23.7s.
[2020.06.01-17.53.56:032][208]LogVSAccessor: Warning: Couldn't goto line number '1' in 'D:/DW/Documents/GitHub/StealthGame/StealthGameBase/Source/FPSGame/Public/FPSObjectiveActor.h'
[2020.06.01-17.53.56:228][208]LogVSAccessor: Warning: Couldn't goto line number '1' in 'D:/DW/Documents/GitHub/StealthGame/StealthGameBase/Source/FPSGame/Private/FPSObjectiveActor.cpp'
[2020.06.01-17.53.56:233][208]LogSlate: Window 'Add C++ Class' being destroyed
[2020.06.01-17.53.56:881][208]LogHotReload: New module detected: UE4Editor-FPSGame-0353.dll
[2020.06.01-17.53.56:951][209]LogHotReload: Starting Hot-Reload from IDE
[2020.06.01-17.53.59:282][209]LogClass: Could not find existing class FPSObjectiveActor in package /Script/FPSGame for HotReload, assuming new class
[2020.06.01-17.53.59:291][209]LogContentBrowser: Native class hierarchy updated for 'FPSGame' in 0.0013 seconds. Added 5 classes and 3 folders.
[2020.06.01-17.53.59:296][209]Display: HotReload successful (1 functions remapped  0 scriptstructs remapped)
[2020.06.01-17.53.59:411][209]LogContentBrowser: Native class hierarchy populated in 0.0099 seconds. Added 3431 classes and 823 folders.
[2020.06.01-17.53.59:420][209]Display: HotReload took  2.5s.
[2020.06.01-18.28.48:757][542]LogAudioMixer: Display: Audio Buffer Underrun detected.
[2020.06.01-18.29.47:960][  4]LogSlate: Warning: Slate: Had to block on waiting for a draw buffer
[2020.06.01-18.29.56:809][  4]LogSlate: Window 'Pick Parent Class' being destroyed
[2020.06.01-18.30.03:974][338]LogAssetEditorSubsystem: Opening Asset editor for Blueprint /Game/Blueprints/BP_Objective.BP_Objective
[2020.06.01-18.30.27:943][638]LogSlate: Window 'BP_Objective' being destroyed
[2020.06.01-18.30.29:816][749]LogWorld: UWorld::CleanupWorld for World_5, bSessionEnded=true, bCleanupResources=true
[2020.06.01-18.30.29:816][749]LogSlate: InvalidateAllWidgets triggered.  All widgets were invalidated
[2020.06.01-18.30.38:740][951]Cmd: OBJ SAVEPACKAGE PACKAGE="/Game/Blueprints/BP_Objective" FILE="../../../../../../DW/Documents/GitHub/StealthGame/StealthGameBase/Content/Blueprints/BP_Objective.uasset" SILENT=true
[2020.06.01-18.30.38:748][951]LogSavePackage: Moving '../../../../../../DW/Documents/GitHub/StealthGame/StealthGameBase/Saved/BP_Objective4F26247341B972A47A922DBDE24EBD43.tmp' to '../../../../../../DW/Documents/GitHub/StealthGame/StealthGameBase/Content/Blueprints/BP_Objective.uasset'
[2020.06.01-18.30.38:780][951]AssetCheck: New page: Asset Save: BP_Objective
[2020.06.01-18.30.38:781][951]LogContentValidation: Display: Validating Blueprint /Game/Blueprints/BP_Objective.BP_Objective
[2020.06.01-18.31.03:823][ 34]LogTemp: Repeating last play command: Selected Viewport
[2020.06.01-18.31.03:900][ 34]LogPlayLevel: PlayLevel: No blueprints needed recompiling
[2020.06.01-18.31.03:901][ 34]PIE: New page: PIE session: FirstPersonExampleMap (1 Jun 2020, 20:31:03)
[2020.06.01-18.31.03:901][ 34]LogPlayLevel: Creating play world package: /Game/Maps/UEDPIE_0_FirstPersonExampleMap
[2020.06.01-18.31.03:923][ 34]LogPlayLevel: PIE: StaticDuplicateObject took: (0.021832s)
[2020.06.01-18.31.03:925][ 34]LogAIModule: Creating AISystem for world FirstPersonExampleMap
[2020.06.01-18.31.03:925][ 34]LogAISub: UAISubsystem::UAISubsystem EnvQueryManager (000001DF8D7E0600), frame # 33034
[2020.06.01-18.31.03:925][ 34]LogAISub: UAISubsystem::UAISubsystem AIPerceptionSystem (000001DF8DBA0900), frame # 33034
[2020.06.01-18.31.03:926][ 34]LogPlayLevel: PIE: World Init took: (0.002245s)
[2020.06.01-18.31.03:926][ 34]LogPlayLevel: PIE: Created PIE world by copying editor world from /Game/Maps/FirstPersonExampleMap.FirstPersonExampleMap to /Game/Maps/UEDPIE_0_FirstPersonExampleMap.FirstPersonExampleMap (0.024835s)
[2020.06.01-18.31.04:082][ 34]LogUObjectHash: Compacting FUObjectHashTables data took   5.22ms
[2020.06.01-18.31.04:086][ 34]LogAudioMixer: Display: Audio Mixer Platform Settings:
[2020.06.01-18.31.04:086][ 34]LogAudioMixer: Display: 	Sample Rate:						  48000
[2020.06.01-18.31.04:087][ 34]LogAudioMixer: Display: 	Callback Buffer Frame Size Requested: 1024
[2020.06.01-18.31.04:087][ 34]LogAudioMixer: Display: 	Callback Buffer Frame Size To Use:	  1024
[2020.06.01-18.31.04:087][ 34]LogAudioMixer: Display: 	Number of buffers to queue:			  2
[2020.06.01-18.31.04:087][ 34]LogAudioMixer: Display: 	Max Channels (voices):				  32
[2020.06.01-18.31.04:087][ 34]LogAudioMixer: Display: 	Number of Async Source Workers:		  0
[2020.06.01-18.31.04:087][ 34]LogAudio: Display: AudioDevice MaxSources: 32
[2020.06.01-18.31.04:089][ 34]LogAudio: Display: Using built-in audio occlusion.
[2020.06.01-18.31.04:089][ 34]LogAudioMixer: Display: Initializing audio mixer.
[2020.06.01-18.31.04:095][ 34]LogAudioMixer: Display: 0: FrontLeft
[2020.06.01-18.31.04:095][ 34]LogAudioMixer: Display: 1: FrontRight
[2020.06.01-18.31.04:162][ 34]LogAudioMixer: Display: Using Audio Device Speaker/Headphone (Realtek High Definition Audio)
[2020.06.01-18.31.04:162][ 34]LogAudioMixer: Display: Initializing Sound Submixes...
[2020.06.01-18.31.04:162][ 34]LogAudioMixer: Display: Creating Master Submix 'MasterSubmixDefault'
[2020.06.01-18.31.04:163][ 34]LogAudioMixer: Display: Creating Master Submix 'MasterReverbSubmixDefault'
[2020.06.01-18.31.04:163][ 34]LogAudioMixer: Display: Creating Master Submix 'MasterEQSubmixDefault'
[2020.06.01-18.31.04:188][ 34]LogInit: FAudioDevice initialized.
[2020.06.01-18.31.04:211][ 34]LogLoad: Game class is 'FPSGameMode'
[2020.06.01-18.31.04:215][ 34]LogWorld: Bringing World /Game/Maps/UEDPIE_0_FirstPersonExampleMap.FirstPersonExampleMap up for play (max tick rate 60) at 2020.06.01-19.31.04
[2020.06.01-18.31.04:215][ 34]LogWorld: Bringing up level for play took: 0.002232
[2020.06.01-18.31.04:216][ 34]LogOnline: OSS: Creating online subsystem instance for: :Context_10
[2020.06.01-18.31.04:234][ 34]PIE: Server logged in
[2020.06.01-18.31.04:236][ 34]PIE: Play in editor total start time 0.406 seconds.
[2020.06.01-18.31.07:146][206]LogAudioMixer: Display: No commands were queued while flushing the source manager.
[2020.06.01-18.31.07:150][206]LogAudioMixer: Display: Flush succeeded in the source manager command queue (1).
[2020.06.01-18.31.07:170][206]LogAudioMixer: Display: Flush succeeded the source manager command queue (2).
[2020.06.01-18.31.07:173][206]LogSlate: Updating window title bar state: overlay mode, drag disabled, window buttons hidden, title bar hidden
[2020.06.01-18.31.07:173][206]LogWorld: BeginTearingDown for /Game/Maps/UEDPIE_0_FirstPersonExampleMap
[2020.06.01-18.31.07:174][206]LogAudioMixer: Display: No commands were queued while flushing the source manager.
[2020.06.01-18.31.07:174][206]LogWorld: UWorld::CleanupWorld for FirstPersonExampleMap, bSessionEnded=true, bCleanupResources=true
[2020.06.01-18.31.07:175][206]LogSlate: InvalidateAllWidgets triggered.  All widgets were invalidated
[2020.06.01-18.31.07:192][206]LogPlayLevel: Display: Shutting down PIE online subsystems
[2020.06.01-18.31.07:196][206]LogSlate: InvalidateAllWidgets triggered.  All widgets were invalidated
[2020.06.01-18.31.07:217][206]LogSlate: Updating window title bar state: overlay mode, drag disabled, window buttons hidden, title bar hidden
[2020.06.01-18.31.07:220][206]LogAudioMixer: Display: No commands were queued while flushing the source manager.
[2020.06.01-18.31.07:298][206]LogAISub: UAISubsystem::~UAISubsystem EnvQueryManager (000001DF8D7E0600), frame # 33206
[2020.06.01-18.31.07:298][206]LogAISub: UAISubsystem::~UAISubsystem AIPerceptionSystem (000001DF8DBA0900), frame # 33206
[2020.06.01-18.31.07:326][206]LogUObjectHash: Compacting FUObjectHashTables data took   3.94ms
[2020.06.01-18.31.07:346][207]LogPlayLevel: Display: Destroying online subsystem :Context_10
[2020.06.01-18.31.27:814][404]LogUObjectHash: Compacting FUObjectHashTables data took   3.50ms
[2020.06.01-18.31.27:864][404]LogSavePackage: Moving '../../../../../../DW/Documents/GitHub/StealthGame/StealthGameBase/Saved/FirstPersonExampleMap8A467FE64DCF1C9D848B0AA60D3A93B8.tmp' to '../../../../../../DW/Documents/GitHub/StealthGame/StealthGameBase/Content/Maps/FirstPersonExampleMap.umap'
[2020.06.01-18.31.28:024][404]LogSavePackage: Moving '../../../../../../DW/Documents/GitHub/StealthGame/StealthGameBase/Saved/FirstPersonExampleMap_BuiltDataE0FB3B83447C186A31794D9636FEFA3F.tmp' to '../../../../../../DW/Documents/GitHub/StealthGame/StealthGameBase/Content/Maps/FirstPersonExampleMap_BuiltData.uasset'
[2020.06.01-18.31.28:046][404]AssetCheck: New page: Asset Save: multiple assets
[2020.06.01-18.31.28:046][404]LogContentValidation: Display: Validating World /Game/Maps/FirstPersonExampleMap.FirstPersonExampleMap
[2020.06.01-18.31.28:046][404]LogContentValidation: Display: Validating MapBuildDataRegistry /Game/Maps/FirstPersonExampleMap_BuiltData.FirstPersonExampleMap_BuiltData
[2020.06.01-18.31.30:723][557]Cmd: OBJ SAVEPACKAGE PACKAGE="/Game/Blueprints/BP_Objective" FILE="../../../../../../DW/Documents/GitHub/StealthGame/StealthGameBase/Content/Blueprints/BP_Objective.uasset" SILENT=true
[2020.06.01-18.31.30:735][557]LogSavePackage: Moving '../../../../../../DW/Documents/GitHub/StealthGame/StealthGameBase/Saved/BP_ObjectiveC5571F434EC32B3CC8D021812D1BA174.tmp' to '../../../../../../DW/Documents/GitHub/StealthGame/StealthGameBase/Content/Blueprints/BP_Objective.uasset'
[2020.06.01-18.31.30:779][557]AssetCheck: New page: Asset Save: BP_Objective
[2020.06.01-18.31.30:779][557]LogContentValidation: Display: Validating Blueprint /Game/Blueprints/BP_Objective.BP_Objective
