  Using 'git status' to determine working set for adaptive non-unity build (D:\DW\Documents\GitHub\StealthGame).
  Building FPSGameEditor...
  Using Visual Studio 2019 14.26.28805 toolchain (C:\Program Files (x86)\Microsoft Visual Studio\2019\Community\VC\Tools\MSVC\14.26.28801) and Windows 10.0.18362.0 SDK (C:\Program Files (x86)\Windows Kits\10).
  [Upgrade]
  [Upgrade] Using backward-compatible build settings. The latest version of UE4 sets the following values by default, which may require code changes:
  [Upgrade]     bLegacyPublicIncludePaths = false                 => Omits subfolders from public include paths to reduce compiler command line length. (Previously: true).
  [Upgrade]     ShadowVariableWarningLevel = WarningLevel.Error   => Treats shadowed variable warnings as errors. (Previously: WarningLevel.Warning).
  [Upgrade]     PCHUsage = PCHUsageMode.UseExplicitOrSharedPCHs   => Set in build.cs files to enables IWYU-style PCH model. See https://docs.unrealengine.com/en-US/Programming/BuildTools/UnrealBuildTool/IWYU/index.html. (Previously: PCHUsageMode.UseSharedPCHs).
  [Upgrade] Suppress this message by setting 'DefaultBuildSettings = BuildSettingsVersion.V2;' in FPSGameEditor.Target.cs, and explicitly overriding settings that differ from the new defaults.
  [Upgrade]
  Distributing 3 actions to XGE
  --------------------Build System Warning---------------------------------------
  License is invalid:
      License information is invalid. Please try reloading your license file using the Coordinator Monitor application on the Coordinator machine, or reinstall IncrediBuild.
      This build will run in standalone mode.
  
  -------------------------------------------------------------------------------
  --------------------Project: Default-------------------------------------------
  UE4Editor-FPSGame.dll (0:00.85 at +0:00)
     Creating library D:\DW\Documents\GitHub\StealthGame\StealthGame\Intermediate\Build\Win64\UE4Editor\Development\FPSGame\UE4Editor-FPSGame.suppressed.lib and object D:\DW\Documents\GitHub\StealthGame\StealthGame\Intermediate\Build\Win64\UE4Editor\Development\FPSGame\UE4Editor-FPSGame.suppressed.exp
  UE4Editor-FPSGame.lib (0:00.20 at +0:00)
     Creating library D:\DW\Documents\GitHub\StealthGame\StealthGame\Intermediate\Build\Win64\UE4Editor\Development\FPSGame\UE4Editor-FPSGame.lib and object D:\DW\Documents\GitHub\StealthGame\StealthGame\Intermediate\Build\Win64\UE4Editor\Development\FPSGame\UE4Editor-FPSGame.exp
  FPSGameEditor.target (0:00.21 at +0:01)
  ---------------------- Done ----------------------
  
      Rebuild All: 1 succeeded, 0 failed, 0 skipped
  
  1 build system warning(s):
     - License is invalid
  
  Total time in XGE executor: 1.53 seconds
  Total execution time: 2.33 seconds
