  Using 'git status' to determine working set for adaptive non-unity build (D:\DW\Documents\GitHub\StealthGame).
  Creating makefile for StealthGameEditor (no existing makefile)
  Parsing headers for StealthGameEditor
    Running UnrealHeaderTool "D:\DW\Documents\GitHub\StealthGame\StealthGame\StealthGame.uproject" "D:\DW\Documents\GitHub\StealthGame\StealthGame\Intermediate\Build\Win64\StealthGameEditor\Development\StealthGameEditor.uhtmanifest" -LogCmds="loginit warning, logexit warning, logdatabase error" -Unattended -WarningsAsErrors -abslog="C:\Users\DW\AppData\Local\UnrealBuildTool\Log_UHT.txt" -installed
  Reflection code generated for StealthGameEditor in 16.5750539 seconds
  Building StealthGameEditor...
  Using Visual Studio 2019 14.26.28805 toolchain (C:\Program Files (x86)\Microsoft Visual Studio\2019\Community\VC\Tools\MSVC\14.26.28801) and Windows 10.0.18362.0 SDK (C:\Program Files (x86)\Windows Kits\10).
  Distributing 7 actions to XGE
  --------------------Build System Warning---------------------------------------
  License is invalid:
      License information is invalid. Please try reloading your license file using the Coordinator Monitor application on the Coordinator machine, or reinstall IncrediBuild.
      This build will run in standalone mode.
  
  -------------------------------------------------------------------------------
  --------------------Project: Default-------------------------------------------
  StealthGameCharacter.cpp (3:24.45 at +0:00)
  StealthGameProjectile.cpp (0:03.53 at +3:24)
  StealthGame.init.gen.cpp (0:01.50 at +3:28)
  StealthGameProjectile.gen.cpp (0:02.21 at +3:29)
  UE4Editor-StealthGame.dll (0:01.68 at +3:31)
     Creating library D:\DW\Documents\GitHub\StealthGame\StealthGame\Intermediate\Build\Win64\UE4Editor\Development\StealthGame\UE4Editor-StealthGame.suppressed.lib and object D:\DW\Documents\GitHub\StealthGame\StealthGame\Intermediate\Build\Win64\UE4Editor\Development\StealthGame\UE4Editor-StealthGame.suppressed.exp
  UE4Editor-StealthGame.lib (0:00.23 at +3:33)
     Creating library D:\DW\Documents\GitHub\StealthGame\StealthGame\Intermediate\Build\Win64\UE4Editor\Development\StealthGame\UE4Editor-StealthGame.lib and object D:\DW\Documents\GitHub\StealthGame\StealthGame\Intermediate\Build\Win64\UE4Editor\Development\StealthGame\UE4Editor-StealthGame.exp
  StealthGameEditor.target (0:00.26 at +3:33)
  ---------------------- Done ----------------------
  
      Rebuild All: 1 succeeded, 0 failed, 0 skipped
  
  1 build system warning(s):
     - License is invalid
  
  Total time in XGE executor: 214.83 seconds
  Total execution time: 236.53 seconds
