Log file open, 06/01/20 21:05:44
LogInit: Display: Running engine for game: FPSGame
LogPlatformFile: Not using cached read wrapper
LogTaskGraph: Started task graph with 5 named threads and 23 total threads with 3 sets of task threads.
LogStats: Stats thread started at 0.671274
LogD3D11RHI: Loaded GFSDK_Aftermath_Lib.x64.dll
LogICUInternationalization: ICU TimeZone Detection - Raw Offset: +0:00, Platform Override: ''
LogPluginManager: Mounting plugin Paper2D
LogPluginManager: Mounting plugin AISupport
LogPluginManager: Mounting plugin LightPropagationVolume
LogPluginManager: Mounting plugin CameraShakePreviewer
LogPluginManager: Mounting plugin ActorLayerUtilities
LogPluginManager: Mounting plugin AnimationSharing
LogPluginManager: Mounting plugin CLionSourceCodeAccess
LogPluginManager: Mounting plugin CodeLiteSourceCodeAccess
LogPluginManager: Mounting plugin GitSourceControl
LogPluginManager: Mounting plugin KDevelopSourceCodeAccess
LogPluginManager: Mounting plugin NullSourceCodeAccess
LogPluginManager: Mounting plugin PerforceSourceControl
LogPluginManager: Mounting plugin PlasticSourceControl
LogPluginManager: Mounting plugin RiderSourceCodeAccess
LogPluginManager: Mounting plugin SubversionSourceControl
LogPluginManager: Mounting plugin UObjectPlugin
LogPluginManager: Mounting plugin VisualStudioCodeSourceCodeAccess
LogPluginManager: Mounting plugin VisualStudioSourceCodeAccess
LogPluginManager: Mounting plugin XCodeSourceCodeAccess
LogPluginManager: Mounting plugin AssetManagerEditor
LogPluginManager: Mounting plugin CryptoKeys
LogPluginManager: Mounting plugin CurveEditorTools
LogPluginManager: Mounting plugin DataValidation
LogPluginManager: Mounting plugin EditorScriptingUtilities
LogPluginManager: Mounting plugin FacialAnimation
LogPluginManager: Mounting plugin GameplayTagsEditor
LogPluginManager: Mounting plugin GeometryMode
LogPluginManager: Mounting plugin MacGraphicsSwitching
LogPluginManager: Mounting plugin MaterialAnalyzer
LogPluginManager: Mounting plugin MobileLauncherProfileWizard
LogPluginManager: Mounting plugin PluginBrowser
LogPluginManager: Mounting plugin SpeedTreeImporter
LogPluginManager: Mounting plugin DatasmithContent
LogPluginManager: Mounting plugin VariantManagerContent
LogPluginManager: Mounting plugin AlembicImporter
LogPluginManager: Mounting plugin AutomationUtils
LogPluginManager: Mounting plugin BackChannel
LogPluginManager: Mounting plugin ChaosCloth
LogPluginManager: Mounting plugin ChaosClothEditor
LogPluginManager: Mounting plugin ChaosEditor
LogPluginManager: Mounting plugin ChaosNiagara
LogPluginManager: Mounting plugin ChaosSolverPlugin
LogPluginManager: Mounting plugin CharacterAI
LogPluginManager: Mounting plugin GeometryCache
LogPluginManager: Mounting plugin GeometryCollectionPlugin
LogPluginManager: Mounting plugin GeometryProcessing
LogPluginManager: Mounting plugin PlanarCut
LogPluginManager: Mounting plugin PlatformCrypto
LogPluginManager: Mounting plugin ProxyLODPlugin
LogPluginManager: Mounting plugin SkeletalReduction
LogPluginManager: Mounting plugin Niagara
LogPluginManager: Mounting plugin MagicLeap
LogPluginManager: Mounting plugin MagicLeapLightEstimation
LogPluginManager: Mounting plugin MagicLeapMedia
LogPluginManager: Mounting plugin MagicLeapPassableWorld
LogPluginManager: Mounting plugin MLSDK
LogPluginManager: Mounting plugin AndroidMedia
LogPluginManager: Mounting plugin AvfMedia
LogPluginManager: Mounting plugin ImgMedia
LogPluginManager: Mounting plugin MediaCompositing
LogPluginManager: Mounting plugin MediaPlayerEditor
LogPluginManager: Mounting plugin WebMMedia
LogPluginManager: Mounting plugin WmfMedia
LogPluginManager: Mounting plugin MeshPainting
LogPluginManager: Mounting plugin TcpMessaging
LogPluginManager: Mounting plugin UdpMessaging
LogPluginManager: Mounting plugin ActorSequence
LogPluginManager: Mounting plugin LevelSequenceEditor
LogPluginManager: Mounting plugin MatineeToLevelSequence
LogPluginManager: Mounting plugin MovieRenderPipeline
LogPluginManager: Mounting plugin TemplateSequence
LogPluginManager: Mounting plugin NetcodeUnitTest
LogPluginManager: Mounting plugin NUTUnrealEngine4
LogPluginManager: Mounting plugin OnlineSubsystemGooglePlay
LogPluginManager: Mounting plugin OnlineSubsystemIOS
LogPluginManager: Mounting plugin OnlineSubsystem
LogPluginManager: Mounting plugin OnlineSubsystemNull
LogPluginManager: Mounting plugin OnlineSubsystemUtils
LogPluginManager: Mounting plugin LauncherChunkInstaller
LogPluginManager: Mounting plugin AndroidDeviceProfileSelector
LogPluginManager: Mounting plugin AndroidMoviePlayer
LogPluginManager: Mounting plugin AndroidPermission
LogPluginManager: Mounting plugin AppleImageUtils
LogPluginManager: Mounting plugin AppleMoviePlayer
LogPluginManager: Mounting plugin ArchVisCharacter
LogPluginManager: Mounting plugin AssetTags
LogPluginManager: Mounting plugin AudioCapture
LogPluginManager: Mounting plugin CableComponent
LogPluginManager: Mounting plugin CustomMeshComponent
LogPluginManager: Mounting plugin EditableMesh
LogPluginManager: Mounting plugin ExampleDeviceProfileSelector
LogPluginManager: Mounting plugin GoogleCloudMessaging
LogPluginManager: Mounting plugin GooglePAD
LogPluginManager: Mounting plugin IOSDeviceProfileSelector
LogPluginManager: Mounting plugin LinuxDeviceProfileSelector
LogPluginManager: Mounting plugin LocationServicesBPLibrary
LogPluginManager: Mounting plugin MobilePatchingUtils
LogPluginManager: Mounting plugin OculusVR
LogPluginManager: Mounting plugin PhysXVehicles
LogPluginManager: Mounting plugin PostSplashScreen
LogPluginManager: Mounting plugin ProceduralMeshComponent
LogPluginManager: Mounting plugin RuntimePhysXCooking
LogPluginManager: Mounting plugin SignificanceManager
LogPluginManager: Mounting plugin SoundFields
LogPluginManager: Mounting plugin SteamVR
LogPluginManager: Mounting plugin Synthesis
LogPluginManager: Mounting plugin WebMMoviePlayer
LogPluginManager: Mounting plugin WindowsMoviePlayer
LogPluginManager: Mounting plugin ScreenshotTools
LogInit: Using libcurl 7.55.1-DEV
LogInit:  - built for x86_64-pc-win32
LogInit:  - supports SSL with OpenSSL/1.1.1
LogInit:  - supports HTTP deflate (compression) using libz 1.2.8
LogInit:  - other features:
LogInit:      CURL_VERSION_SSL
LogInit:      CURL_VERSION_LIBZ
LogInit:      CURL_VERSION_IPV6
LogInit:      CURL_VERSION_ASYNCHDNS
LogInit:      CURL_VERSION_LARGEFILE
LogInit:      CURL_VERSION_IDN
LogInit:  CurlRequestOptions (configurable via config and command line):
LogInit:  - bVerifyPeer = true  - Libcurl will verify peer certificate
LogInit:  - bUseHttpProxy = false  - Libcurl will NOT use HTTP proxy
LogInit:  - bDontReuseConnections = false  - Libcurl will reuse connections
LogInit:  - MaxHostConnections = 16  - Libcurl will limit the number of connections to a host
LogInit:  - LocalHostAddr = Default
LogInit:  - BufferSize = 65536
LogOnline: OSS: Creating online subsystem instance for: NULL
LogInit: WinSock: version 1.1 (2.2), MaxSocks=32767, MaxUdp=65467
LogOnline: OSS: TryLoadSubsystemAndSetDefault: Loaded subsystem for module [NULL]
LogInit: Build: ++UE4+Release-4.25-CL-13144385
LogInit: Engine Version: 4.25.0-13144385+++UE4+Release-4.25
LogInit: Compatible Engine Version: 4.25.0-13144385+++UE4+Release-4.25
LogInit: Net CL: 13144385
LogInit: OS: Windows 10 (Release 1909) (), CPU: Intel(R) Core(TM) i7-7700HQ CPU @ 2.80GHz, GPU: Intel(R) HD Graphics 630
LogInit: Compiled (64-bit): May  2 2020 02:12:11
LogInit: Compiled with Visual C++: 19.24.28315.00
LogInit: Build Configuration: Development
LogInit: Branch Name: ++UE4+Release-4.25
LogInit: Command Line:  -skipcompile
LogInit: Base Directory: D:/Program Files/Epic Games/UE_4.25/Engine/Binaries/Win64/
LogInit: Allocator: TBB
LogInit: Installed Engine Build: 1
LogDevObjectVersion: Number of dev versions registered: 26
LogDevObjectVersion:   Dev-Blueprints (B0D832E4-1F89-4F0D-ACCF-7EB736FD4AA2): 10
LogDevObjectVersion:   Dev-Build (E1C64328-A22C-4D53-A36C-8E866417BD8C): 0
LogDevObjectVersion:   Dev-Core (375EC13C-06E4-48FB-B500-84F0262A717E): 4
LogDevObjectVersion:   Dev-Editor (E4B068ED-F494-42E9-A231-DA0B2E46BB41): 38
LogDevObjectVersion:   Dev-Framework (CFFC743F-43B0-4480-9391-14DF171D2073): 37
LogDevObjectVersion:   Dev-Mobile (B02B49B5-BB20-44E9-A304-32B752E40360): 2
LogDevObjectVersion:   Dev-Networking (A4E4105C-59A1-49B5-A7C5-40C4547EDFEE): 0
LogDevObjectVersion:   Dev-Online (39C831C9-5AE6-47DC-9A44-9C173E1C8E7C): 0
LogDevObjectVersion:   Dev-Physics (78F01B33-EBEA-4F98-B9B4-84EACCB95AA2): 4
LogDevObjectVersion:   Dev-Platform (6631380F-2D4D-43E0-8009-CF276956A95A): 0
LogDevObjectVersion:   Dev-Rendering (12F88B9F-8875-4AFC-A67C-D90C383ABD29): 43
LogDevObjectVersion:   Dev-Sequencer (7B5AE74C-D270-4C10-A958-57980B212A5A): 12
LogDevObjectVersion:   Dev-VR (D7296918-1DD6-4BDD-9DE2-64A83CC13884): 3
LogDevObjectVersion:   Dev-LoadTimes (C2A15278-BFE7-4AFE-6C17-90FF531DF755): 1
LogDevObjectVersion:   Private-Geometry (6EACA3D4-40EC-4CC1-B786-8BED09428FC5): 3
LogDevObjectVersion:   Dev-AnimPhys (29E575DD-E0A3-4627-9D10-D276232CDCEA): 17
LogDevObjectVersion:   Dev-Anim (AF43A65D-7FD3-4947-9873-3E8ED9C1BB05): 7
LogDevObjectVersion:   Dev-ReflectionCapture (6B266CEC-1EC7-4B8F-A30B-E4D90942FC07): 1
LogDevObjectVersion:   Dev-Automation (0DF73D61-A23F-47EA-B727-89E90C41499A): 1
LogDevObjectVersion:   FortniteMain (601D1886-AC64-4F84-AA16-D3DE0DEAC7D6): 31
LogDevObjectVersion:   Dev-Enterprise (9DFFBCD6-494F-0158-E221-12823C92A888): 10
LogDevObjectVersion:   Dev-Niagara (F2AED0AC-9AFE-416F-8664-AA7FFA26D6FC): 1
LogDevObjectVersion:   Dev-Destruction (174F1F0B-B4C6-45A5-B13F-2EE8D0FB917D): 10
LogDevObjectVersion:   Dev-Physics-Ext (35F94A83-E258-406C-A318-09F59610247C): 37
LogDevObjectVersion:   Dev-PhysicsMaterial-Chaos (B68FC16E-8B1B-42E2-B453-215C058844FE): 1
LogDevObjectVersion:   Dev-CineCamera (B2E18506-4273-CFC2-A54E-F4BB758BBA07): 1
LogInit: Presizing for max 25165824 objects, including 0 objects not considered by GC, pre-allocating 0 bytes for permanent pool.
LogConfig: Applying CVar settings from Section [/Script/Engine.StreamingSettings] File [D:/DW/Documents/GitHub/StealthGame/StealthGame/Saved/Config/Windows/Engine.ini]
LogConfig: Setting CVar [[s.MinBulkDataSizeForAsyncLoading:131072]]
LogConfig: Setting CVar [[s.AsyncLoadingThreadEnabled:0]]
LogConfig: Setting CVar [[s.EventDrivenLoaderEnabled:1]]
LogConfig: Setting CVar [[s.WarnIfTimeLimitExceeded:0]]
LogConfig: Setting CVar [[s.TimeLimitExceededMultiplier:1.5]]
LogConfig: Setting CVar [[s.TimeLimitExceededMinTime:0.005]]
LogConfig: Setting CVar [[s.UseBackgroundLevelStreaming:1]]
LogConfig: Setting CVar [[s.PriorityAsyncLoadingExtraTime:15.0]]
LogConfig: Setting CVar [[s.LevelStreamingActorsUpdateTimeLimit:5.0]]
LogConfig: Setting CVar [[s.PriorityLevelStreamingActorsUpdateExtraTime:5.0]]
LogConfig: Setting CVar [[s.LevelStreamingComponentsRegistrationGranularity:10]]
LogConfig: Setting CVar [[s.UnregisterComponentsTimeLimit:1.0]]
LogConfig: Setting CVar [[s.LevelStreamingComponentsUnregistrationGranularity:5]]
LogConfig: Setting CVar [[s.FlushStreamingOnExit:1]]
LogInit: Object subsystem initialized
LogConfig: Setting CVar [[con.DebugEarlyDefault:1]]
LogConfig: Setting CVar [[r.setres:1280x720]]
[2020.06.01-20.05.46:554][  0]LogConfig: Setting CVar [[r.VSync:0]]
[2020.06.01-20.05.46:555][  0]LogConfig: Setting CVar [[r.RHICmdBypass:0]]
[2020.06.01-20.05.46:555][  0]LogConfig: Applying CVar settings from Section [/Script/Engine.RendererSettings] File [D:/DW/Documents/GitHub/StealthGame/StealthGame/Saved/Config/Windows/Engine.ini]
[2020.06.01-20.05.46:555][  0]LogConfig: Setting CVar [[r.GPUCrashDebugging:0]]
[2020.06.01-20.05.46:555][  0]LogConfig: Applying CVar settings from Section [/Script/Engine.RendererOverrideSettings] File [D:/DW/Documents/GitHub/StealthGame/StealthGame/Saved/Config/Windows/Engine.ini]
[2020.06.01-20.05.46:555][  0]LogConfig: Applying CVar settings from Section [/Script/Engine.StreamingSettings] File [D:/DW/Documents/GitHub/StealthGame/StealthGame/Saved/Config/Windows/Engine.ini]
[2020.06.01-20.05.46:555][  0]LogConfig: Setting CVar [[s.MinBulkDataSizeForAsyncLoading:131072]]
[2020.06.01-20.05.46:555][  0]LogConfig: Setting CVar [[s.AsyncLoadingThreadEnabled:0]]
[2020.06.01-20.05.46:555][  0]LogConfig: Setting CVar [[s.EventDrivenLoaderEnabled:1]]
[2020.06.01-20.05.46:555][  0]LogConfig: Setting CVar [[s.WarnIfTimeLimitExceeded:0]]
[2020.06.01-20.05.46:556][  0]LogConfig: Setting CVar [[s.TimeLimitExceededMultiplier:1.5]]
[2020.06.01-20.05.46:556][  0]LogConfig: Setting CVar [[s.TimeLimitExceededMinTime:0.005]]
[2020.06.01-20.05.46:556][  0]LogConfig: Setting CVar [[s.UseBackgroundLevelStreaming:1]]
[2020.06.01-20.05.46:556][  0]LogConfig: Setting CVar [[s.PriorityAsyncLoadingExtraTime:15.0]]
[2020.06.01-20.05.46:556][  0]LogConfig: Setting CVar [[s.LevelStreamingActorsUpdateTimeLimit:5.0]]
[2020.06.01-20.05.46:556][  0]LogConfig: Setting CVar [[s.PriorityLevelStreamingActorsUpdateExtraTime:5.0]]
[2020.06.01-20.05.46:556][  0]LogConfig: Setting CVar [[s.LevelStreamingComponentsRegistrationGranularity:10]]
[2020.06.01-20.05.46:556][  0]LogConfig: Setting CVar [[s.UnregisterComponentsTimeLimit:1.0]]
[2020.06.01-20.05.46:556][  0]LogConfig: Setting CVar [[s.LevelStreamingComponentsUnregistrationGranularity:5]]
[2020.06.01-20.05.46:556][  0]LogConfig: Setting CVar [[s.FlushStreamingOnExit:1]]
[2020.06.01-20.05.46:557][  0]LogConfig: Applying CVar settings from Section [/Script/Engine.GarbageCollectionSettings] File [D:/DW/Documents/GitHub/StealthGame/StealthGame/Saved/Config/Windows/Engine.ini]
[2020.06.01-20.05.46:557][  0]LogConfig: Setting CVar [[gc.MaxObjectsNotConsideredByGC:1]]
[2020.06.01-20.05.46:557][  0]LogConfig: Setting CVar [[gc.SizeOfPermanentObjectPool:0]]
[2020.06.01-20.05.46:557][  0]LogConfig: Setting CVar [[gc.FlushStreamingOnGC:0]]
[2020.06.01-20.05.46:557][  0]LogConfig: Setting CVar [[gc.NumRetriesBeforeForcingGC:10]]
[2020.06.01-20.05.46:557][  0]LogConfig: Setting CVar [[gc.AllowParallelGC:1]]
[2020.06.01-20.05.46:557][  0]LogConfig: Setting CVar [[gc.TimeBetweenPurgingPendingKillObjects:61.1]]
[2020.06.01-20.05.46:557][  0]LogConfig: Setting CVar [[gc.MaxObjectsInEditor:25165824]]
[2020.06.01-20.05.46:557][  0]LogConfig: Setting CVar [[gc.IncrementalBeginDestroyEnabled:1]]
[2020.06.01-20.05.46:557][  0]LogConfig: Setting CVar [[gc.CreateGCClusters:1]]
[2020.06.01-20.05.46:557][  0]LogConfig: Setting CVar [[gc.MinGCClusterSize:5]]
[2020.06.01-20.05.46:557][  0]LogConfig: Setting CVar [[gc.ActorClusteringEnabled:0]]
[2020.06.01-20.05.46:557][  0]LogConfig: Setting CVar [[gc.BlueprintClusteringEnabled:0]]
[2020.06.01-20.05.46:558][  0]LogConfig: Setting CVar [[gc.UseDisregardForGCOnDedicatedServers:0]]
[2020.06.01-20.05.46:558][  0]LogConfig: Applying CVar settings from Section [/Script/Engine.NetworkSettings] File [D:/DW/Documents/GitHub/StealthGame/StealthGame/Saved/Config/Windows/Engine.ini]
[2020.06.01-20.05.46:558][  0]LogConfig: Applying CVar settings from Section [/Script/UnrealEd.CookerSettings] File [D:/DW/Documents/GitHub/StealthGame/StealthGame/Saved/Config/Windows/Engine.ini]
[2020.06.01-20.05.46:568][  0]LogConfig: Applying CVar settings from Section [ViewDistanceQuality@3] File [D:/DW/Documents/GitHub/StealthGame/StealthGame/Saved/Config/Windows/Scalability.ini]
[2020.06.01-20.05.46:568][  0]LogConfig: Setting CVar [[r.SkeletalMeshLODBias:0]]
[2020.06.01-20.05.46:569][  0]LogConfig: Setting CVar [[r.ViewDistanceScale:1.0]]
[2020.06.01-20.05.46:569][  0]LogConfig: Applying CVar settings from Section [AntiAliasingQuality@3] File [D:/DW/Documents/GitHub/StealthGame/StealthGame/Saved/Config/Windows/Scalability.ini]
[2020.06.01-20.05.46:569][  0]LogConfig: Setting CVar [[r.PostProcessAAQuality:4]]
[2020.06.01-20.05.46:569][  0]LogConfig: Applying CVar settings from Section [ShadowQuality@3] File [D:/DW/Documents/GitHub/StealthGame/StealthGame/Saved/Config/Windows/Scalability.ini]
[2020.06.01-20.05.46:569][  0]LogConfig: Setting CVar [[r.LightFunctionQuality:1]]
[2020.06.01-20.05.46:569][  0]LogConfig: Setting CVar [[r.ShadowQuality:5]]
[2020.06.01-20.05.46:569][  0]LogConfig: Setting CVar [[r.Shadow.CSM.MaxCascades:10]]
[2020.06.01-20.05.46:569][  0]LogConfig: Setting CVar [[r.Shadow.MaxResolution:2048]]
[2020.06.01-20.05.46:569][  0]LogConfig: Setting CVar [[r.Shadow.MaxCSMResolution:2048]]
[2020.06.01-20.05.46:569][  0]LogConfig: Setting CVar [[r.Shadow.RadiusThreshold:0.01]]
[2020.06.01-20.05.46:569][  0]LogConfig: Setting CVar [[r.Shadow.DistanceScale:1.0]]
[2020.06.01-20.05.46:570][  0]LogConfig: Setting CVar [[r.Shadow.CSM.TransitionScale:1.0]]
[2020.06.01-20.05.46:570][  0]LogConfig: Setting CVar [[r.Shadow.PreShadowResolutionFactor:1.0]]
[2020.06.01-20.05.46:570][  0]LogConfig: Setting CVar [[r.DistanceFieldShadowing:1]]
[2020.06.01-20.05.46:570][  0]LogConfig: Setting CVar [[r.DistanceFieldAO:1]]
[2020.06.01-20.05.46:570][  0]LogConfig: Setting CVar [[r.AOQuality:2]]
[2020.06.01-20.05.46:570][  0]LogConfig: Setting CVar [[r.VolumetricFog:1]]
[2020.06.01-20.05.46:570][  0]LogConfig: Setting CVar [[r.VolumetricFog.GridPixelSize:8]]
[2020.06.01-20.05.46:570][  0]LogConfig: Setting CVar [[r.VolumetricFog.GridSizeZ:128]]
[2020.06.01-20.05.46:570][  0]LogConfig: Setting CVar [[r.VolumetricFog.HistoryMissSupersampleCount:4]]
[2020.06.01-20.05.46:571][  0]LogConfig: Setting CVar [[r.LightMaxDrawDistanceScale:1]]
[2020.06.01-20.05.46:571][  0]LogConfig: Setting CVar [[r.CapsuleShadows:1]]
[2020.06.01-20.05.46:571][  0]LogConfig: Applying CVar settings from Section [PostProcessQuality@3] File [D:/DW/Documents/GitHub/StealthGame/StealthGame/Saved/Config/Windows/Scalability.ini]
[2020.06.01-20.05.46:571][  0]LogConfig: Setting CVar [[r.MotionBlurQuality:4]]
[2020.06.01-20.05.46:571][  0]LogConfig: Setting CVar [[r.AmbientOcclusionMipLevelFactor:0.4]]
[2020.06.01-20.05.46:571][  0]LogConfig: Setting CVar [[r.AmbientOcclusionMaxQuality:100]]
[2020.06.01-20.05.46:571][  0]LogConfig: Setting CVar [[r.AmbientOcclusionLevels:-1]]
[2020.06.01-20.05.46:572][  0]LogConfig: Setting CVar [[r.AmbientOcclusionRadiusScale:1.0]]
[2020.06.01-20.05.46:572][  0]LogConfig: Setting CVar [[r.DepthOfFieldQuality:2]]
[2020.06.01-20.05.46:572][  0]LogConfig: Setting CVar [[r.RenderTargetPoolMin:400]]
[2020.06.01-20.05.46:572][  0]LogConfig: Setting CVar [[r.LensFlareQuality:2]]
[2020.06.01-20.05.46:572][  0]LogConfig: Setting CVar [[r.SceneColorFringeQuality:1]]
[2020.06.01-20.05.46:572][  0]LogConfig: Setting CVar [[r.EyeAdaptationQuality:2]]
[2020.06.01-20.05.46:572][  0]LogConfig: Setting CVar [[r.BloomQuality:5]]
[2020.06.01-20.05.46:572][  0]LogConfig: Setting CVar [[r.FastBlurThreshold:100]]
[2020.06.01-20.05.46:573][  0]LogConfig: Setting CVar [[r.Upscale.Quality:3]]
[2020.06.01-20.05.46:573][  0]LogConfig: Setting CVar [[r.Tonemapper.GrainQuantization:1]]
[2020.06.01-20.05.46:573][  0]LogConfig: Setting CVar [[r.LightShaftQuality:1]]
[2020.06.01-20.05.46:573][  0]LogConfig: Setting CVar [[r.Filter.SizeScale:1]]
[2020.06.01-20.05.46:573][  0]LogConfig: Setting CVar [[r.Tonemapper.Quality:5]]
[2020.06.01-20.05.46:573][  0]LogConfig: Setting CVar [[r.DOF.Gather.AccumulatorQuality:1        ; higher gathering accumulator quality]]
[2020.06.01-20.05.46:573][  0]LogConfig: Setting CVar [[r.DOF.Gather.PostfilterMethod:1          ; Median3x3 postfilering method]]
[2020.06.01-20.05.46:574][  0]LogConfig: Setting CVar [[r.DOF.Gather.EnableBokehSettings:0       ; no bokeh simulation when gathering]]
[2020.06.01-20.05.46:574][  0]LogConfig: Setting CVar [[r.DOF.Gather.RingCount:4                 ; medium number of samples when gathering]]
[2020.06.01-20.05.46:574][  0]LogConfig: Setting CVar [[r.DOF.Scatter.ForegroundCompositing:1    ; additive foreground scattering]]
[2020.06.01-20.05.46:574][  0]LogConfig: Setting CVar [[r.DOF.Scatter.BackgroundCompositing:2    ; additive background scattering]]
[2020.06.01-20.05.46:574][  0]LogConfig: Setting CVar [[r.DOF.Scatter.EnableBokehSettings:1      ; bokeh simulation when scattering]]
[2020.06.01-20.05.46:574][  0]LogConfig: Setting CVar [[r.DOF.Scatter.MaxSpriteRatio:0.1         ; only a maximum of 10% of scattered bokeh]]
[2020.06.01-20.05.46:574][  0]LogConfig: Setting CVar [[r.DOF.Recombine.Quality:1                ; cheap slight out of focus]]
[2020.06.01-20.05.46:574][  0]LogConfig: Setting CVar [[r.DOF.Recombine.EnableBokehSettings:0    ; no bokeh simulation on slight out of focus]]
[2020.06.01-20.05.46:575][  0]LogConfig: Setting CVar [[r.DOF.TemporalAAQuality:1                ; more stable temporal accumulation]]
[2020.06.01-20.05.46:575][  0]LogConfig: Setting CVar [[r.DOF.Kernel.MaxForegroundRadius:0.025]]
[2020.06.01-20.05.46:575][  0]LogConfig: Setting CVar [[r.DOF.Kernel.MaxBackgroundRadius:0.025]]
[2020.06.01-20.05.46:575][  0]LogConfig: Applying CVar settings from Section [TextureQuality@3] File [D:/DW/Documents/GitHub/StealthGame/StealthGame/Saved/Config/Windows/Scalability.ini]
[2020.06.01-20.05.46:575][  0]LogConfig: Setting CVar [[r.Streaming.MipBias:0]]
[2020.06.01-20.05.46:575][  0]LogConfig: Setting CVar [[r.Streaming.AmortizeCPUToGPUCopy:0]]
[2020.06.01-20.05.46:575][  0]LogConfig: Setting CVar [[r.Streaming.MaxNumTexturesToStreamPerFrame:0]]
[2020.06.01-20.05.46:575][  0]LogConfig: Setting CVar [[r.Streaming.Boost:1]]
[2020.06.01-20.05.46:575][  0]LogConfig: Setting CVar [[r.MaxAnisotropy:8]]
[2020.06.01-20.05.46:575][  0]LogConfig: Setting CVar [[r.VT.MaxAnisotropy:8]]
[2020.06.01-20.05.46:576][  0]LogConfig: Setting CVar [[r.Streaming.LimitPoolSizeToVRAM:0]]
[2020.06.01-20.05.46:576][  0]LogConfig: Setting CVar [[r.Streaming.PoolSize:1000]]
[2020.06.01-20.05.46:576][  0]LogConfig: Setting CVar [[r.Streaming.MaxEffectiveScreenSize:0]]
[2020.06.01-20.05.46:576][  0]LogConfig: Applying CVar settings from Section [EffectsQuality@3] File [D:/DW/Documents/GitHub/StealthGame/StealthGame/Saved/Config/Windows/Scalability.ini]
[2020.06.01-20.05.46:576][  0]LogConfig: Setting CVar [[r.TranslucencyLightingVolumeDim:64]]
[2020.06.01-20.05.46:576][  0]LogConfig: Setting CVar [[r.RefractionQuality:2]]
[2020.06.01-20.05.46:576][  0]LogConfig: Setting CVar [[r.SSR.Quality:3]]
[2020.06.01-20.05.46:576][  0]LogConfig: Setting CVar [[r.SSR.HalfResSceneColor:0]]
[2020.06.01-20.05.46:576][  0]LogConfig: Setting CVar [[r.SceneColorFormat:4]]
[2020.06.01-20.05.46:577][  0]LogConfig: Setting CVar [[r.DetailMode:2]]
[2020.06.01-20.05.46:577][  0]LogConfig: Setting CVar [[r.TranslucencyVolumeBlur:1]]
[2020.06.01-20.05.46:577][  0]LogConfig: Setting CVar [[r.MaterialQualityLevel:1 ; High quality]]
[2020.06.01-20.05.46:577][  0]LogConfig: Setting CVar [[r.SSS.Scale:1]]
[2020.06.01-20.05.46:577][  0]LogConfig: Setting CVar [[r.SSS.SampleSet:2]]
[2020.06.01-20.05.46:577][  0]LogConfig: Setting CVar [[r.SSS.Quality:1]]
[2020.06.01-20.05.46:577][  0]LogConfig: Setting CVar [[r.SSS.HalfRes:0]]
[2020.06.01-20.05.46:577][  0]LogConfig: Setting CVar [[r.SSGI.Quality:3]]
[2020.06.01-20.05.46:577][  0]LogConfig: Setting CVar [[r.EmitterSpawnRateScale:1.0]]
[2020.06.01-20.05.46:578][  0]LogConfig: Setting CVar [[r.ParticleLightQuality:2]]
[2020.06.01-20.05.46:578][  0]LogConfig: Setting CVar [[r.SkyAtmosphere.AerialPerspectiveLUT.FastApplyOnOpaque:1 ; Always have FastSkyLUT 1 in this case to avoid wrong sky]]
[2020.06.01-20.05.46:578][  0]LogConfig: Setting CVar [[r.SkyAtmosphere.AerialPerspectiveLUT.SampleCountPerSlice:1]]
[2020.06.01-20.05.46:578][  0]LogConfig: Setting CVar [[r.SkyAtmosphere.AerialPerspectiveLUT.DepthResolution:16.0]]
[2020.06.01-20.05.46:578][  0]LogConfig: Setting CVar [[r.SkyAtmosphere.FastSkyLUT:1]]
[2020.06.01-20.05.46:578][  0]LogConfig: Setting CVar [[r.SkyAtmosphere.FastSkyLUT.SampleCountMin:4.0]]
[2020.06.01-20.05.46:578][  0]LogConfig: Setting CVar [[r.SkyAtmosphere.FastSkyLUT.SampleCountMax:32.0]]
[2020.06.01-20.05.46:578][  0]LogConfig: Setting CVar [[r.SkyAtmosphere.SampleCountMin:4.0]]
[2020.06.01-20.05.46:578][  0]LogConfig: Setting CVar [[r.SkyAtmosphere.SampleCountMax:32.0]]
[2020.06.01-20.05.46:578][  0]LogConfig: Setting CVar [[r.SkyAtmosphere.TransmittanceLUT.UseSmallFormat:0]]
[2020.06.01-20.05.46:578][  0]LogConfig: Setting CVar [[r.SkyAtmosphere.TransmittanceLUT.SampleCount:10.0]]
[2020.06.01-20.05.46:578][  0]LogConfig: Setting CVar [[r.SkyAtmosphere.MultiScatteringLUT.SampleCount:15.0]]
[2020.06.01-20.05.46:579][  0]LogConfig: Applying CVar settings from Section [FoliageQuality@3] File [D:/DW/Documents/GitHub/StealthGame/StealthGame/Saved/Config/Windows/Scalability.ini]
[2020.06.01-20.05.46:579][  0]LogConfig: Setting CVar [[foliage.DensityScale:1.0]]
[2020.06.01-20.05.46:579][  0]LogConfig: Setting CVar [[grass.DensityScale:1.0]]
[2020.06.01-20.05.46:579][  0]LogConfig: Applying CVar settings from Section [ShadingQuality@3] File [D:/DW/Documents/GitHub/StealthGame/StealthGame/Saved/Config/Windows/Scalability.ini]
[2020.06.01-20.05.46:579][  0]LogConfig: Setting CVar [[r.HairStrands.SkyLighting.SampleCount:16]]
[2020.06.01-20.05.46:579][  0]LogConfig: Setting CVar [[r.HairStrands.SkyLighting.JitterIntegration:0]]
[2020.06.01-20.05.46:579][  0]LogConfig: Setting CVar [[r.HairStrands.SkyAO.SampleCount:16]]
[2020.06.01-20.05.46:579][  0]LogConfig: Setting CVar [[r.HairStrands.DeepShadow.SuperSampling:0]]
[2020.06.01-20.05.46:579][  0]LogConfig: Setting CVar [[r.HairStrands.VisibilityPPLL:0]]
[2020.06.01-20.05.46:579][  0]LogConfig: Setting CVar [[r.HairStrands.RasterizationScale:0.5]]
[2020.06.01-20.05.46:579][  0]LogConfig: Setting CVar [[r.HairStrands.VelocityRasterizationScale:1]]
[2020.06.01-20.05.46:580][  0]LogInit: Selected Device Profile: [Windows]
[2020.06.01-20.05.46:580][  0]LogInit: Applying CVar settings loaded from the selected device profile: [Windows]
[2020.06.01-20.05.46:580][  0]LogHAL: Display: Platform has ~ 16 GB [17059516416 / 17179869184 / 16], which maps to Larger [LargestMinGB=32, LargerMinGB=12, DefaultMinGB=8, SmallerMinGB=6, SmallestMinGB=0)
[2020.06.01-20.05.46:580][  0]LogInit: Going up to parent DeviceProfile []
[2020.06.01-20.05.46:580][  0]LogConfig: Applying CVar settings from Section [ViewDistanceQuality@2] File [D:/DW/Documents/GitHub/StealthGame/StealthGame/Saved/Config/Windows/Scalability.ini]
[2020.06.01-20.05.46:580][  0]LogConfig: Setting CVar [[r.SkeletalMeshLODBias:0]]
[2020.06.01-20.05.46:580][  0]LogConfig: Setting CVar [[r.ViewDistanceScale:0.8]]
[2020.06.01-20.05.46:580][  0]LogConfig: Applying CVar settings from Section [AntiAliasingQuality@2] File [D:/DW/Documents/GitHub/StealthGame/StealthGame/Saved/Config/Windows/Scalability.ini]
[2020.06.01-20.05.46:580][  0]LogConfig: Setting CVar [[r.PostProcessAAQuality:3]]
[2020.06.01-20.05.46:580][  0]LogConfig: Applying CVar settings from Section [ShadowQuality@2] File [D:/DW/Documents/GitHub/StealthGame/StealthGame/Saved/Config/Windows/Scalability.ini]
[2020.06.01-20.05.46:580][  0]LogConfig: Setting CVar [[r.LightFunctionQuality:1]]
[2020.06.01-20.05.46:580][  0]LogConfig: Setting CVar [[r.ShadowQuality:5]]
[2020.06.01-20.05.46:581][  0]LogConfig: Setting CVar [[r.Shadow.CSM.MaxCascades:4]]
[2020.06.01-20.05.46:581][  0]LogConfig: Setting CVar [[r.Shadow.MaxResolution:1024]]
[2020.06.01-20.05.46:581][  0]LogConfig: Setting CVar [[r.Shadow.MaxCSMResolution:2048]]
[2020.06.01-20.05.46:581][  0]LogConfig: Setting CVar [[r.Shadow.RadiusThreshold:0.04]]
[2020.06.01-20.05.46:581][  0]LogConfig: Setting CVar [[r.Shadow.DistanceScale:0.85]]
[2020.06.01-20.05.46:581][  0]LogConfig: Setting CVar [[r.Shadow.CSM.TransitionScale:0.8]]
[2020.06.01-20.05.46:581][  0]LogConfig: Setting CVar [[r.Shadow.PreShadowResolutionFactor:0.5]]
[2020.06.01-20.05.46:581][  0]LogConfig: Setting CVar [[r.DistanceFieldShadowing:1]]
[2020.06.01-20.05.46:581][  0]LogConfig: Setting CVar [[r.DistanceFieldAO:1]]
[2020.06.01-20.05.46:581][  0]LogConfig: Setting CVar [[r.AOQuality:1]]
[2020.06.01-20.05.46:581][  0]LogConfig: Setting CVar [[r.VolumetricFog:1]]
[2020.06.01-20.05.46:581][  0]LogConfig: Setting CVar [[r.VolumetricFog.GridPixelSize:16]]
[2020.06.01-20.05.46:581][  0]LogConfig: Setting CVar [[r.VolumetricFog.GridSizeZ:64]]
[2020.06.01-20.05.46:581][  0]LogConfig: Setting CVar [[r.VolumetricFog.HistoryMissSupersampleCount:4]]
[2020.06.01-20.05.46:581][  0]LogConfig: Setting CVar [[r.LightMaxDrawDistanceScale:1]]
[2020.06.01-20.05.46:581][  0]LogConfig: Setting CVar [[r.CapsuleShadows:1]]
[2020.06.01-20.05.46:582][  0]LogConfig: Applying CVar settings from Section [PostProcessQuality@2] File [D:/DW/Documents/GitHub/StealthGame/StealthGame/Saved/Config/Windows/Scalability.ini]
[2020.06.01-20.05.46:582][  0]LogConfig: Setting CVar [[r.MotionBlurQuality:3]]
[2020.06.01-20.05.46:582][  0]LogConfig: Setting CVar [[r.AmbientOcclusionMipLevelFactor:0.6]]
[2020.06.01-20.05.46:582][  0]LogConfig: Setting CVar [[r.AmbientOcclusionMaxQuality:100]]
[2020.06.01-20.05.46:582][  0]LogConfig: Setting CVar [[r.AmbientOcclusionLevels:-1]]
[2020.06.01-20.05.46:582][  0]LogConfig: Setting CVar [[r.AmbientOcclusionRadiusScale:1.5]]
[2020.06.01-20.05.46:582][  0]LogConfig: Setting CVar [[r.DepthOfFieldQuality:2]]
[2020.06.01-20.05.46:582][  0]LogConfig: Setting CVar [[r.RenderTargetPoolMin:400]]
[2020.06.01-20.05.46:582][  0]LogConfig: Setting CVar [[r.LensFlareQuality:2]]
[2020.06.01-20.05.46:582][  0]LogConfig: Setting CVar [[r.SceneColorFringeQuality:1]]
[2020.06.01-20.05.46:582][  0]LogConfig: Setting CVar [[r.EyeAdaptationQuality:2]]
[2020.06.01-20.05.46:582][  0]LogConfig: Setting CVar [[r.BloomQuality:5]]
[2020.06.01-20.05.46:582][  0]LogConfig: Setting CVar [[r.FastBlurThreshold:3]]
[2020.06.01-20.05.46:582][  0]LogConfig: Setting CVar [[r.Upscale.Quality:2]]
[2020.06.01-20.05.46:583][  0]LogConfig: Setting CVar [[r.Tonemapper.GrainQuantization:1]]
[2020.06.01-20.05.46:583][  0]LogConfig: Setting CVar [[r.LightShaftQuality:1]]
[2020.06.01-20.05.46:583][  0]LogConfig: Setting CVar [[r.Filter.SizeScale:0.8]]
[2020.06.01-20.05.46:583][  0]LogConfig: Setting CVar [[r.Tonemapper.Quality:5]]
[2020.06.01-20.05.46:583][  0]LogConfig: Setting CVar [[r.DOF.Gather.AccumulatorQuality:0        ; lower gathering accumulator quality]]
[2020.06.01-20.05.46:583][  0]LogConfig: Setting CVar [[r.DOF.Gather.PostfilterMethod:2          ; Max3x3 postfilering method]]
[2020.06.01-20.05.46:583][  0]LogConfig: Setting CVar [[r.DOF.Gather.EnableBokehSettings:0       ; no bokeh simulation when gathering]]
[2020.06.01-20.05.46:583][  0]LogConfig: Setting CVar [[r.DOF.Gather.RingCount:4                 ; medium number of samples when gathering]]
[2020.06.01-20.05.46:583][  0]LogConfig: Setting CVar [[r.DOF.Scatter.ForegroundCompositing:1    ; additive foreground scattering]]
[2020.06.01-20.05.46:583][  0]LogConfig: Setting CVar [[r.DOF.Scatter.BackgroundCompositing:1    ; no background occlusion]]
[2020.06.01-20.05.46:583][  0]LogConfig: Setting CVar [[r.DOF.Scatter.EnableBokehSettings:0      ; no bokeh simulation when scattering]]
[2020.06.01-20.05.46:583][  0]LogConfig: Setting CVar [[r.DOF.Scatter.MaxSpriteRatio:0.04        ; only a maximum of 4% of scattered bokeh]]
[2020.06.01-20.05.46:583][  0]LogConfig: Setting CVar [[r.DOF.Recombine.Quality:0                ; no slight out of focus]]
[2020.06.01-20.05.46:583][  0]LogConfig: Setting CVar [[r.DOF.TemporalAAQuality:0                ; faster temporal accumulation]]
[2020.06.01-20.05.46:584][  0]LogConfig: Setting CVar [[r.DOF.Kernel.MaxForegroundRadius:0.012   ; required because of AccumulatorQuality=0]]
[2020.06.01-20.05.46:584][  0]LogConfig: Setting CVar [[r.DOF.Kernel.MaxBackgroundRadius:0.012   ; required because of AccumulatorQuality=0]]
[2020.06.01-20.05.46:584][  0]LogConfig: Applying CVar settings from Section [TextureQuality@2] File [D:/DW/Documents/GitHub/StealthGame/StealthGame/Saved/Config/Windows/Scalability.ini]
[2020.06.01-20.05.46:584][  0]LogConfig: Setting CVar [[r.Streaming.MipBias:0]]
[2020.06.01-20.05.46:584][  0]LogConfig: Setting CVar [[r.Streaming.AmortizeCPUToGPUCopy:0]]
[2020.06.01-20.05.46:584][  0]LogConfig: Setting CVar [[r.Streaming.MaxNumTexturesToStreamPerFrame:0]]
[2020.06.01-20.05.46:584][  0]LogConfig: Setting CVar [[r.Streaming.Boost:1]]
[2020.06.01-20.05.46:584][  0]LogConfig: Setting CVar [[r.MaxAnisotropy:4]]
[2020.06.01-20.05.46:584][  0]LogConfig: Setting CVar [[r.VT.MaxAnisotropy:8]]
[2020.06.01-20.05.46:584][  0]LogConfig: Setting CVar [[r.Streaming.LimitPoolSizeToVRAM:1]]
[2020.06.01-20.05.46:584][  0]LogConfig: Setting CVar [[r.Streaming.PoolSize:800]]
[2020.06.01-20.05.46:584][  0]LogConfig: Setting CVar [[r.Streaming.MaxEffectiveScreenSize:0]]
[2020.06.01-20.05.46:584][  0]LogConfig: Applying CVar settings from Section [EffectsQuality@2] File [D:/DW/Documents/GitHub/StealthGame/StealthGame/Saved/Config/Windows/Scalability.ini]
[2020.06.01-20.05.46:584][  0]LogConfig: Setting CVar [[r.TranslucencyLightingVolumeDim:48]]
[2020.06.01-20.05.46:584][  0]LogConfig: Setting CVar [[r.RefractionQuality:2]]
[2020.06.01-20.05.46:585][  0]LogConfig: Setting CVar [[r.SSR.Quality:2]]
[2020.06.01-20.05.46:585][  0]LogConfig: Setting CVar [[r.SSR.HalfResSceneColor:1]]
[2020.06.01-20.05.46:585][  0]LogConfig: Setting CVar [[r.SceneColorFormat:3]]
[2020.06.01-20.05.46:585][  0]LogConfig: Setting CVar [[r.DetailMode:1]]
[2020.06.01-20.05.46:585][  0]LogConfig: Setting CVar [[r.TranslucencyVolumeBlur:1]]
[2020.06.01-20.05.46:585][  0]LogConfig: Setting CVar [[r.MaterialQualityLevel:1 ; High quality]]
[2020.06.01-20.05.46:585][  0]LogConfig: Setting CVar [[r.SSS.Scale:1]]
[2020.06.01-20.05.46:585][  0]LogConfig: Setting CVar [[r.SSS.SampleSet:1]]
[2020.06.01-20.05.46:585][  0]LogConfig: Setting CVar [[r.SSS.Quality:-1]]
[2020.06.01-20.05.46:585][  0]LogConfig: Setting CVar [[r.SSS.HalfRes:1]]
[2020.06.01-20.05.46:585][  0]LogConfig: Setting CVar [[r.SSGI.Quality:2]]
[2020.06.01-20.05.46:585][  0]LogConfig: Setting CVar [[r.EmitterSpawnRateScale:0.5]]
[2020.06.01-20.05.46:585][  0]LogConfig: Setting CVar [[r.ParticleLightQuality:1]]
[2020.06.01-20.05.46:585][  0]LogConfig: Setting CVar [[r.SkyAtmosphere.AerialPerspectiveLUT.FastApplyOnOpaque:1 ; Always have FastSkyLUT 1 in this case to avoid wrong sky]]
[2020.06.01-20.05.46:585][  0]LogConfig: Setting CVar [[r.SkyAtmosphere.AerialPerspectiveLUT.SampleCountPerSlice:1]]
[2020.06.01-20.05.46:586][  0]LogConfig: Setting CVar [[r.SkyAtmosphere.AerialPerspectiveLUT.DepthResolution:16.0]]
[2020.06.01-20.05.46:586][  0]LogConfig: Setting CVar [[r.SkyAtmosphere.FastSkyLUT:1]]
[2020.06.01-20.05.46:586][  0]LogConfig: Setting CVar [[r.SkyAtmosphere.FastSkyLUT.SampleCountMin:4.0]]
[2020.06.01-20.05.46:586][  0]LogConfig: Setting CVar [[r.SkyAtmosphere.FastSkyLUT.SampleCountMax:32.0]]
[2020.06.01-20.05.46:586][  0]LogConfig: Setting CVar [[r.SkyAtmosphere.SampleCountMin:4.0]]
[2020.06.01-20.05.46:586][  0]LogConfig: Setting CVar [[r.SkyAtmosphere.SampleCountMax:32.0]]
[2020.06.01-20.05.46:586][  0]LogConfig: Setting CVar [[r.SkyAtmosphere.TransmittanceLUT.UseSmallFormat:0]]
[2020.06.01-20.05.46:586][  0]LogConfig: Setting CVar [[r.SkyAtmosphere.TransmittanceLUT.SampleCount:10.0]]
[2020.06.01-20.05.46:586][  0]LogConfig: Setting CVar [[r.SkyAtmosphere.MultiScatteringLUT.SampleCount:15.0]]
[2020.06.01-20.05.46:586][  0]LogConfig: Applying CVar settings from Section [FoliageQuality@2] File [D:/DW/Documents/GitHub/StealthGame/StealthGame/Saved/Config/Windows/Scalability.ini]
[2020.06.01-20.05.46:586][  0]LogConfig: Setting CVar [[foliage.DensityScale:0.8]]
[2020.06.01-20.05.46:586][  0]LogConfig: Setting CVar [[grass.DensityScale:0.8]]
[2020.06.01-20.05.46:586][  0]LogConfig: Applying CVar settings from Section [ShadingQuality@2] File [D:/DW/Documents/GitHub/StealthGame/StealthGame/Saved/Config/Windows/Scalability.ini]
[2020.06.01-20.05.46:586][  0]LogConfig: Setting CVar [[r.HairStrands.SkyLighting.SampleCount:16]]
[2020.06.01-20.05.46:586][  0]LogConfig: Setting CVar [[r.HairStrands.SkyLighting.JitterIntegration:0]]
[2020.06.01-20.05.46:587][  0]LogConfig: Setting CVar [[r.HairStrands.SkyAO.SampleCount:16]]
[2020.06.01-20.05.46:587][  0]LogConfig: Setting CVar [[r.HairStrands.DeepShadow.SuperSampling:0]]
[2020.06.01-20.05.46:587][  0]LogConfig: Setting CVar [[r.HairStrands.VisibilityPPLL:0]]
[2020.06.01-20.05.46:587][  0]LogConfig: Setting CVar [[r.HairStrands.RasterizationScale:0.5]]
[2020.06.01-20.05.46:587][  0]LogConfig: Setting CVar [[r.HairStrands.VelocityRasterizationScale:1]]
[2020.06.01-20.05.46:587][  0]LogConfig: Applying CVar settings from Section [Startup] File [../../../Engine/Config/ConsoleVariables.ini]
[2020.06.01-20.05.46:587][  0]LogConfig: Setting CVar [[net.UseAdaptiveNetUpdateFrequency:0]]
[2020.06.01-20.05.46:587][  0]LogConfig: Setting CVar [[p.chaos.AllowCreatePhysxBodies:1]]
[2020.06.01-20.05.46:587][  0]LogConfig: Setting CVar [[fx.SkipVectorVMBackendOptimizations:1]]
[2020.06.01-20.05.46:587][  0]LogConfig: Applying CVar settings from Section [ConsoleVariables] File [D:/DW/Documents/GitHub/StealthGame/StealthGame/Saved/Config/Windows/Engine.ini]
[2020.06.01-20.05.46:588][  0]LogInit: Computer: LAPTOP-205H8F92
[2020.06.01-20.05.46:588][  0]LogInit: User: DW
[2020.06.01-20.05.46:588][  0]LogInit: CPU Page size=4096, Cores=4
[2020.06.01-20.05.46:588][  0]LogInit: High frequency timer resolution =10.000000 MHz
[2020.06.01-20.05.46:588][  0]LogMemory: Memory total: Physical=15.9GB (16GB approx)
[2020.06.01-20.05.46:588][  0]LogMemory: Platform Memory Stats for Windows
[2020.06.01-20.05.46:588][  0]LogMemory: Process Physical Memory: 114.53 MB used, 114.54 MB peak
[2020.06.01-20.05.46:588][  0]LogMemory: Process Virtual Memory: 96.22 MB used, 96.22 MB peak
[2020.06.01-20.05.46:588][  0]LogMemory: Physical Memory: 10800.10 MB used,  5469.13 MB free, 16269.22 MB total
[2020.06.01-20.05.46:588][  0]LogMemory: Virtual Memory: 5144.10 MB used,  134212584.00 MB free, 134217728.00 MB total
[2020.06.01-20.05.46:609][  0]LogWindows: WindowsPlatformFeatures enabled
[2020.06.01-20.05.47:553][  0]LogInit: Physics initialised using underlying interface: PhysX
[2020.06.01-20.05.47:566][  0]LogInit: Using OS detected language (en-GB).
[2020.06.01-20.05.47:566][  0]LogInit: Using OS detected locale (en-GB).
[2020.06.01-20.05.47:569][  0]LogTextLocalizationManager: No specific localization for 'en-GB' exists, so the 'en' localization will be used.
[2020.06.01-20.05.48:132][  0]LogInit: Setting process to per monitor DPI aware
[2020.06.01-20.05.48:367][  0]LogSlate: New Slate User Created.  User Index 0, Is Virtual User: 0
[2020.06.01-20.05.48:367][  0]LogSlate: Slate User Registered.  User Index 0, Is Virtual User: 0
[2020.06.01-20.05.49:964][  0]LogHMD: Failed to initialize OpenVR with code 110
[2020.06.01-20.05.49:964][  0]LogD3D11RHI: D3D11 min allowed feature level: 11_0
[2020.06.01-20.05.49:965][  0]LogD3D11RHI: D3D11 max allowed feature level: 11_0
[2020.06.01-20.05.49:965][  0]LogD3D11RHI: D3D11 adapters:
[2020.06.01-20.05.50:098][  0]LogD3D11RHI:    0. 'NVIDIA GeForce GTX 1050' (Feature Level 11_0)
[2020.06.01-20.05.50:099][  0]LogD3D11RHI:       4019/0/8134 MB DedicatedVideo/DedicatedSystem/SharedSystem, Outputs:1, VendorId:0x10de
[2020.06.01-20.05.50:141][  0]LogD3D11RHI:    1. 'Intel(R) HD Graphics 630' (Feature Level 11_0)
[2020.06.01-20.05.50:141][  0]LogD3D11RHI:       128/0/8134 MB DedicatedVideo/DedicatedSystem/SharedSystem, Outputs:0, VendorId:0x8086
[2020.06.01-20.05.50:154][  0]LogD3D11RHI:    2. 'Microsoft Basic Render Driver' (Feature Level 11_0)
[2020.06.01-20.05.50:154][  0]LogD3D11RHI:       0/0/8134 MB DedicatedVideo/DedicatedSystem/SharedSystem, Outputs:0, VendorId:0x1414
[2020.06.01-20.05.50:154][  0]LogD3D11RHI: Chosen D3D11 Adapter: 0
[2020.06.01-20.05.50:205][  0]LogD3D11RHI: Creating new Direct3DDevice
[2020.06.01-20.05.50:206][  0]LogD3D11RHI:     GPU DeviceId: 0x1c8d (for the marketing name, search the web for "GPU Device Id")
[2020.06.01-20.05.50:206][  0]LogWindows: EnumDisplayDevices:
[2020.06.01-20.05.50:206][  0]LogWindows:    0. 'Intel(R) HD Graphics 630' (P:1 D:1)
[2020.06.01-20.05.50:207][  0]LogWindows:    1. 'Intel(R) HD Graphics 630' (P:0 D:0)
[2020.06.01-20.05.50:207][  0]LogWindows:    2. 'Intel(R) HD Graphics 630' (P:0 D:0)
[2020.06.01-20.05.50:208][  0]LogWindows:    3. 'NVIDIA GeForce GTX 1050' (P:0 D:0)
[2020.06.01-20.05.50:208][  0]LogWindows: DebugString: PrimaryIsNotTheChoosenAdapter PrimaryIsNotTheChoosenAdapter PrimaryIsNotTheChoosenAdapter 
[2020.06.01-20.05.50:208][  0]LogD3D11RHI:     Adapter Name: NVIDIA GeForce GTX 1050
[2020.06.01-20.05.50:208][  0]LogD3D11RHI:   Driver Version: 445.87 (internal:26.21.14.4587, unified:445.87)
[2020.06.01-20.05.50:209][  0]LogD3D11RHI:      Driver Date: 4-3-2020
[2020.06.01-20.05.50:209][  0]LogRHI: Texture pool is 2813 MB (70% of 4019 MB)
[2020.06.01-20.05.50:274][  0]LogD3D11RHI: RHI has support for 64 bit atomics
[2020.06.01-20.05.50:282][  0]LogD3D11RHI: [Aftermath] Enabled and primed
[2020.06.01-20.05.50:282][  0]LogD3D11RHI: Async texture creation enabled
[2020.06.01-20.05.50:282][  0]LogD3D11RHI: Array index from any shader is supported
[2020.06.01-20.05.50:302][  0]LogD3D11RHI: GPU Timing Frequency: 1000.000000 (Debug: 2 1)
[2020.06.01-20.05.50:701][  0]LogTargetPlatformManager: Display: Loaded TargetPlatform 'AllDesktop'
[2020.06.01-20.05.50:736][  0]LogTargetPlatformManager: Display: Loaded TargetPlatform 'Android'
[2020.06.01-20.05.50:737][  0]LogTargetPlatformManager: Display: Loaded TargetPlatform 'Android_ASTC'
[2020.06.01-20.05.50:737][  0]LogTargetPlatformManager: Display: Loaded TargetPlatform 'Android_DXT'
[2020.06.01-20.05.50:737][  0]LogTargetPlatformManager: Display: Loaded TargetPlatform 'Android_ETC2'
[2020.06.01-20.05.50:737][  0]LogTargetPlatformManager: Display: Loaded TargetPlatform 'AndroidClient'
[2020.06.01-20.05.50:737][  0]LogTargetPlatformManager: Display: Loaded TargetPlatform 'Android_ASTCClient'
[2020.06.01-20.05.50:738][  0]LogTargetPlatformManager: Display: Loaded TargetPlatform 'Android_DXTClient'
[2020.06.01-20.05.50:738][  0]LogTargetPlatformManager: Display: Loaded TargetPlatform 'Android_ETC2Client'
[2020.06.01-20.05.50:738][  0]LogTargetPlatformManager: Display: Loaded TargetPlatform 'Android_Multi'
[2020.06.01-20.05.50:738][  0]LogTargetPlatformManager: Display: Loaded TargetPlatform 'Android_MultiClient'
[2020.06.01-20.05.50:831][  0]LogTargetPlatformManager: Display: Loaded TargetPlatform 'IOSClient'
[2020.06.01-20.05.50:831][  0]LogTargetPlatformManager: Display: Loaded TargetPlatform 'IOS'
[2020.06.01-20.05.50:857][  0]LogTargetPlatformManager: Display: Loaded TargetPlatform 'Linux'
[2020.06.01-20.05.50:878][  0]LogTargetPlatformManager: Display: Loaded TargetPlatform 'LinuxNoEditor'
[2020.06.01-20.05.50:918][  0]LogTargetPlatformManager: Display: Loaded TargetPlatform 'LinuxClient'
[2020.06.01-20.05.50:944][  0]LogTargetPlatformManager: Display: Loaded TargetPlatform 'LinuxServer'
[2020.06.01-20.05.50:969][  0]LogTargetPlatformManager: Display: Loaded TargetPlatform 'LinuxAArch64NoEditor'
[2020.06.01-20.05.50:990][  0]LogTargetPlatformManager: Display: Loaded TargetPlatform 'LinuxAArch64Client'
[2020.06.01-20.05.51:015][  0]LogTargetPlatformManager: Display: Loaded TargetPlatform 'LinuxAArch64Server'
[2020.06.01-20.05.51:057][  0]LogTargetPlatformManager: Display: Loaded TargetPlatform 'Lumin'
[2020.06.01-20.05.51:057][  0]LogTargetPlatformManager: Display: Loaded TargetPlatform 'LuminClient'
[2020.06.01-20.05.51:106][  0]LogTargetPlatformManager: Display: Loaded TargetPlatform 'TVOSClient'
[2020.06.01-20.05.51:106][  0]LogTargetPlatformManager: Display: Loaded TargetPlatform 'TVOS'
[2020.06.01-20.05.51:161][  0]LogTargetPlatformManager: Display: Loaded TargetPlatform 'WindowsNoEditor'
[2020.06.01-20.05.51:186][  0]LogTargetPlatformManager: Display: Loaded TargetPlatform 'Windows'
[2020.06.01-20.05.51:216][  0]LogTargetPlatformManager: Display: Loaded TargetPlatform 'WindowsClient'
[2020.06.01-20.05.51:241][  0]LogTargetPlatformManager: Display: Loaded TargetPlatform 'WindowsServer'
[2020.06.01-20.05.51:241][  0]LogTargetPlatformManager: Display: Building Assets For Windows
[2020.06.01-20.05.51:335][  0]LogAudioDebug: Display: Lib vorbis DLL was dynamically loaded.
[2020.06.01-20.05.51:834][  0]LogShaderCompilers: Guid format shader working directory is -19 characters bigger than the processId version (../../../../../../DW/Documents/GitHub/StealthGame/StealthGame/Intermediate/Shaders/WorkingDirectory/20148/).
[2020.06.01-20.05.51:835][  0]LogShaderCompilers: Cleaned the shader compiler working directory 'C:/Users/DW/AppData/Local/Temp/UnrealShaderWorkingDir/03B48F1241520F5DEF52FF9FEC969F37/'.
[2020.06.01-20.05.51:861][  0]LogXGEController: Cleaning working directory: C:/Users/DW/AppData/Local/Temp/UnrealXGEWorkingDir/
[2020.06.01-20.05.51:864][  0]LogShaderCompilers: Display: Using XGE Shader Compiler (Interception Interface).
[2020.06.01-20.05.54:239][  0]LogDerivedDataCache: Display: Max Cache Size: 512 MB
[2020.06.01-20.05.54:937][  0]LogDerivedDataCache: Loaded boot cache 0.70s 107MB C:/Users/DW/AppData/Local/UnrealEngine/4.25/DerivedDataCache/Boot.ddc.
[2020.06.01-20.05.54:937][  0]LogDerivedDataCache: Display: Loaded Boot cache: C:/Users/DW/AppData/Local/UnrealEngine/4.25/DerivedDataCache/Boot.ddc
[2020.06.01-20.05.54:937][  0]LogDerivedDataCache: FDerivedDataBackendGraph:  Pak pak cache file ../../../../../../DW/Documents/GitHub/StealthGame/StealthGame/DerivedDataCache/DDC.ddp not found, will not use a pak cache.
[2020.06.01-20.05.54:937][  0]LogDerivedDataCache: Unable to find inner node Pak for hierarchical cache Hierarchy.
[2020.06.01-20.05.54:938][  0]LogDerivedDataCache: FDerivedDataBackendGraph:  CompressedPak pak cache file ../../../../../../DW/Documents/GitHub/StealthGame/StealthGame/DerivedDataCache/Compressed.ddp not found, will not use a pak cache.
[2020.06.01-20.05.54:938][  0]LogDerivedDataCache: Unable to find inner node CompressedPak for hierarchical cache Hierarchy.
[2020.06.01-20.05.54:967][  0]LogDerivedDataCache: Display: Pak cache opened for reading ../../../Engine/DerivedDataCache/Compressed.ddp.
[2020.06.01-20.05.54:968][  0]LogDerivedDataCache: FDerivedDataBackendGraph:  EnterprisePak pak cache file ../../../Enterprise/DerivedDataCache/Compressed.ddp not found, will not use a pak cache.
[2020.06.01-20.05.54:968][  0]LogDerivedDataCache: Unable to find inner node EnterprisePak for hierarchical cache Hierarchy.
[2020.06.01-20.05.54:972][  0]LogDerivedDataCache: Using Local data cache path C:/Users/DW/AppData/Local/UnrealEngine/Common/DerivedDataCache: Writable
[2020.06.01-20.05.54:972][  0]LogDerivedDataCache: Shared data cache path not found in *engine.ini, will not use an Shared cache.
[2020.06.01-20.05.54:972][  0]LogDerivedDataCache: Unable to find inner node Shared for hierarchical cache Hierarchy.
[2020.06.01-20.05.55:056][  0]LogSlate: Using FreeType 2.10.0
[2020.06.01-20.05.55:078][  0]LogSlate: SlateFontServices - WITH_FREETYPE: 1, WITH_HARFBUZZ: 1
[2020.06.01-20.05.55:570][  0]LogAssetRegistry: FAssetRegistry took 0.0072 seconds to start up
[2020.06.01-20.05.56:349][  0]LogInit: Selected Device Profile: [Windows]
[2020.06.01-20.05.56:873][  0]LogMeshReduction: Using QuadricMeshReduction for automatic static mesh reduction
[2020.06.01-20.05.56:873][  0]LogMeshReduction: Using SimplygonMeshReduction for automatic skeletal mesh reduction
[2020.06.01-20.05.56:873][  0]LogMeshReduction: Using ProxyLODMeshReduction for automatic mesh merging
[2020.06.01-20.05.56:873][  0]LogMeshReduction: No distributed automatic mesh merging module available
[2020.06.01-20.05.56:874][  0]LogMeshMerging: No distributed automatic mesh merging module available
[2020.06.01-20.05.56:939][  0]LogNetVersion: FPSGame 1.0.0, NetCL: 13144385, EngineNetVer: 14, GameNetVer: 0 (Checksum: 1304077534)
[2020.06.01-20.06.04:169][  0]LogAISub: UAISubsystem::UAISubsystem AISubsystem (000001B629EAF380), frame # 0
[2020.06.01-20.06.04:169][  0]LogAISub: UAISubsystem::UAISubsystem AIPerceptionSystem (000001B62CEAED40), frame # 0
[2020.06.01-20.06.04:184][  0]LogAISub: UAISubsystem::UAISubsystem EnvQueryManager (000001B62D016200), frame # 0
[2020.06.01-20.06.04:303][  0]LogPackageLocalizationCache: Processed 19 localized package path(s) for 1 prioritized culture(s) in 0.062075 seconds
[2020.06.01-20.06.04:309][  0]LogUObjectArray: 15917 objects as part of root set at end of initial load.
[2020.06.01-20.06.04:309][  0]LogUObjectAllocator: 3965568 out of 0 bytes used by permanent object pool.
[2020.06.01-20.06.04:309][  0]LogUObjectArray: CloseDisregardForGC: 0/0 objects in disregard for GC pool
[2020.06.01-20.06.06:719][  0]LogTcpMessaging: Initializing TcpMessaging bridge
[2020.06.01-20.06.06:740][  0]LogUdpMessaging: Initializing bridge on interface 0.0.0.0:0 to multicast group 230.0.0.1:6666.
[2020.06.01-20.06.10:130][  0]SourceControl: Source control is disabled
[2020.06.01-20.06.10:131][  0]SourceControl: Source control is disabled
[2020.06.01-20.06.10:169][  0]SourceControl: Source control is disabled
[2020.06.01-20.06.10:193][  0]SourceControl: Source control is disabled
[2020.06.01-20.06.10:355][  0]SourceControl: Source control is disabled
[2020.06.01-20.06.12:291][  0]LogAndroidPermission: UAndroidPermissionCallbackProxy::GetInstance
[2020.06.01-20.06.12:404][  0]LogAudioCaptureCore: Display: No Audio Capture implementations found. Audio input will be silent.
[2020.06.01-20.06.12:405][  0]LogAudioCaptureCore: Display: No Audio Capture implementations found. Audio input will be silent.
[2020.06.01-20.06.12:891][  0]LogOcInput: OculusInput pre-init called
[2020.06.01-20.06.13:001][  0]LogWindows: Failed to load 'OVRPlugin.dll' (GetLastError=126)
[2020.06.01-20.06.13:001][  0]LogWindows: File 'OVRPlugin.dll' does not exist
[2020.06.01-20.06.13:557][  0]LogEngine: Initializing Engine...
[2020.06.01-20.06.13:559][  0]LogHMD: Failed to initialize OpenVR with code 110
[2020.06.01-20.06.13:559][  0]LogMagicLeap: Warning: VR disabled because ZI is not enabled.  To enable, in the editor, Edit -> Project Settings -> Plugins -> Magic Leap Plugin -> Enable Zero Iteration
[2020.06.01-20.06.13:561][  0]LogStats: UGameplayTagsManager::InitializeManager -  0.000 s
[2020.06.01-20.06.13:994][  0]LogInit: Initializing FReadOnlyCVARCache
[2020.06.01-20.06.14:070][  0]LogAIModule: Creating AISystem for world Untitled
[2020.06.01-20.06.14:071][  0]LogAISub: UAISubsystem::UAISubsystem EnvQueryManager (000001B633042600), frame # 0
[2020.06.01-20.06.14:071][  0]LogAISub: UAISubsystem::UAISubsystem AIPerceptionSystem (000001B6330A9580), frame # 0
[2020.06.01-20.06.14:199][  0]LogAudioMixer: Display: Audio Mixer Platform Settings:
[2020.06.01-20.06.14:199][  0]LogAudioMixer: Display: 	Sample Rate:						  48000
[2020.06.01-20.06.14:199][  0]LogAudioMixer: Display: 	Callback Buffer Frame Size Requested: 1024
[2020.06.01-20.06.14:199][  0]LogAudioMixer: Display: 	Callback Buffer Frame Size To Use:	  1024
[2020.06.01-20.06.14:199][  0]LogAudioMixer: Display: 	Number of buffers to queue:			  2
[2020.06.01-20.06.14:199][  0]LogAudioMixer: Display: 	Max Channels (voices):				  32
[2020.06.01-20.06.14:199][  0]LogAudioMixer: Display: 	Number of Async Source Workers:		  0
[2020.06.01-20.06.14:199][  0]LogAudio: Display: AudioDevice MaxSources: 32
[2020.06.01-20.06.14:200][  0]LogAudio: Display: Using built-in audio occlusion.
[2020.06.01-20.06.14:200][  0]LogAudioMixer: Display: Initializing audio mixer.
[2020.06.01-20.06.14:287][  0]LogAudioMixer: Display: 0: FrontLeft
[2020.06.01-20.06.14:287][  0]LogAudioMixer: Display: 1: FrontRight
[2020.06.01-20.06.15:496][  0]LogAudioMixer: Display: Using Audio Device Speaker/Headphone (Realtek High Definition Audio)
[2020.06.01-20.06.15:503][  0]LogAudioMixer: Display: Initializing Sound Submixes...
[2020.06.01-20.06.15:507][  0]LogAudioMixer: Display: Creating Master Submix 'MasterSubmixDefault'
[2020.06.01-20.06.15:507][  0]LogAudioMixer: Display: Creating Master Submix 'MasterReverbSubmixDefault'
[2020.06.01-20.06.15:508][  0]LogAudioMixer: Display: Creating Master Submix 'MasterEQSubmixDefault'
[2020.06.01-20.06.15:511][  0]LogInit: FAudioDevice initialized.
[2020.06.01-20.06.15:511][  0]LogNetVersion: Set ProjectVersion to 1.0.0.0. Version Checksum will be recalculated on next use.
[2020.06.01-20.06.15:716][  0]LogDerivedDataCache: Saved boot cache 0.21s 107MB C:/Users/DW/AppData/Local/UnrealEngine/4.25/DerivedDataCache/Boot.ddc.
[2020.06.01-20.06.15:717][  0]LogInit: Texture streaming: Enabled
[2020.06.01-20.06.15:831][  0]LogEngineSessionManager: EngineSessionManager initialized
[2020.06.01-20.06.15:831][  0]LogEditorSessionSummary: Verbose: Initializing EditorSessionSummaryWriter for editor session tracking
[2020.06.01-20.06.15:844][  0]LogEditorSessionSummary: EditorSessionSummaryWriter initialized
[2020.06.01-20.06.16:215][  0]LogInit: Transaction tracking system initialized
[2020.06.01-20.06.16:741][  0]BlueprintLog: New page: Editor Load
[2020.06.01-20.06.17:328][  0]LocalizationService: Localization service is disabled
[2020.06.01-20.06.18:219][  0]LogCook: Display: Max memory allowance for cook 16384mb min free memory 0mb
[2020.06.01-20.06.18:219][  0]LogCook: Display: Mobile HDR setting 1
[2020.06.01-20.06.18:866][  0]LogFileCache: Scanning file cache for directory 'D:/DW/Documents/GitHub/StealthGame/StealthGame/Content/' took 0.01s
[2020.06.01-20.06.19:700][  0]SourceControl: Source control is disabled
[2020.06.01-20.06.19:700][  0]LogUnrealEdMisc: Loading editor; pre map load, took 38.657
[2020.06.01-20.06.19:701][  0]Cmd: MAP LOAD FILE="../../../../../../DW/Documents/GitHub/StealthGame/StealthGame/Content/Maps/FirstPersonExampleMap.umap" TEMPLATE=0 SHOWPROGRESS=1 FEATURELEVEL=3
[2020.06.01-20.06.19:701][  0]LightingResults: New page: Lighting Build
[2020.06.01-20.06.19:719][  0]LogWorld: UWorld::CleanupWorld for Untitled, bSessionEnded=true, bCleanupResources=true
[2020.06.01-20.06.19:719][  0]LogSlate: InvalidateAllWidgets triggered.  All widgets were invalidated
[2020.06.01-20.06.19:719][  0]MapCheck: New page: Map Check
[2020.06.01-20.06.19:719][  0]LightingResults: New page: Lighting Build
[2020.06.01-20.06.19:730][  0]LogAISub: UAISubsystem::~UAISubsystem EnvQueryManager (000001B633042600), frame # 0
[2020.06.01-20.06.19:730][  0]LogAISub: UAISubsystem::~UAISubsystem AIPerceptionSystem (000001B6330A9580), frame # 0
[2020.06.01-20.06.19:731][  0]LogUObjectHash: Compacting FUObjectHashTables data took   1.08ms
[2020.06.01-20.06.19:805][  0]LogAIModule: Creating AISystem for world FirstPersonExampleMap
[2020.06.01-20.06.19:805][  0]LogAISub: UAISubsystem::UAISubsystem EnvQueryManager (000001B619E07E00), frame # 0
[2020.06.01-20.06.19:805][  0]LogAISub: UAISubsystem::UAISubsystem AIPerceptionSystem (000001B630EF91C0), frame # 0
[2020.06.01-20.06.19:841][  0]LogEditorServer: Finished looking for orphan Actors (0.000 secs)
[2020.06.01-20.06.19:861][  0]LogUObjectHash: Compacting FUObjectHashTables data took   0.56ms
[2020.06.01-20.06.19:862][  0]Cmd: MAP CHECKDEP NOCLEARLOG
[2020.06.01-20.06.19:862][  0]MapCheck: Map check complete: 0 Error(s), 0 Warning(s), took 0.148ms to complete.
[2020.06.01-20.06.19:863][  0]LogFileHelpers: Loading map 'FirstPersonExampleMap' took 0.163
[2020.06.01-20.06.19:866][  0]LogUnrealEdMisc: Total Editor Startup Time, took 38.823
[2020.06.01-20.06.20:118][  0]LogSlate: Updating window title bar state: overlay mode, drag disabled, window buttons hidden, title bar hidden
[2020.06.01-20.06.20:127][  0]LogSlate: Updating window title bar state: overlay mode, drag disabled, window buttons hidden, title bar hidden
[2020.06.01-20.06.20:135][  0]LogSlate: Updating window title bar state: overlay mode, drag disabled, window buttons hidden, title bar hidden
[2020.06.01-20.06.20:143][  0]LogSlate: Updating window title bar state: overlay mode, drag disabled, window buttons hidden, title bar hidden
[2020.06.01-20.06.20:164][  0]LogCollectionManager: Loaded 0 collections in 0.001757 seconds
[2020.06.01-20.06.20:209][  0]LogFileCache: Scanning file cache for directory 'D:/DW/Documents/GitHub/StealthGame/StealthGame/Saved/Collections/' took 0.00s
[2020.06.01-20.06.20:209][  0]LogFileCache: Scanning file cache for directory 'D:/DW/Documents/GitHub/StealthGame/StealthGame/Content/Developers/DW/Collections/' took 0.00s
[2020.06.01-20.06.20:209][  0]LogFileCache: Scanning file cache for directory 'D:/DW/Documents/GitHub/StealthGame/StealthGame/Content/Collections/' took 0.00s
[2020.06.01-20.06.20:209][  0]LogContentBrowser: Native class hierarchy populated in 0.0105 seconds. Added 3431 classes and 823 folders.
[2020.06.01-20.06.20:274][  0]LogContentBrowser: Native class hierarchy updated for 'WidgetCarousel' in 0.0005 seconds. Added 0 classes and 0 folders.
[2020.06.01-20.06.21:073][  0]LogContentBrowser: Native class hierarchy updated for 'AddContentDialog' in 0.0006 seconds. Added 0 classes and 0 folders.
[2020.06.01-20.06.21:203][  0]LogSlate: Took 0.009637 seconds to synchronously load lazily loaded font '../../../Engine/Content/Slate/Fonts/Roboto-Regular.ttf' (155K)
[2020.06.01-20.06.21:206][  0]LogSlate: Took 0.000860 seconds to synchronously load lazily loaded font '../../../Engine/Content/Slate/Fonts/Roboto-Bold.ttf' (160K)
[2020.06.01-20.06.21:222][  0]LogSlate: Took 0.006698 seconds to synchronously load lazily loaded font '../../../Engine/Content/Editor/Slate/Fonts/FontAwesome.ttf' (139K)
[2020.06.01-20.06.21:347][  0]LogRenderer: Reallocating scene render targets to support 1260x664 Format 9 NumSamples 1 (Frame:1).
[2020.06.01-20.06.21:529][  0]LogContentBrowser: Native class hierarchy updated for 'HierarchicalLODOutliner' in 0.0006 seconds. Added 0 classes and 0 folders.
[2020.06.01-20.06.21:529][  0]LogLoad: (Engine Initialization) Total time: 40.49 seconds
[2020.06.01-20.06.21:529][  0]LogLoad: (Engine Initialization) Total Blueprint compile time: 0.00 seconds
[2020.06.01-20.06.21:671][  0]LogAssetRegistry: Asset discovery search completed in 26.1057 seconds
[2020.06.01-20.06.21:676][  0]LogCollectionManager: Fixed up redirectors for 0 collections in 0.000003 seconds (updated 0 objects)
[2020.06.01-20.06.21:678][  0]LogContentStreaming: Texture pool size now 800 MB
[2020.06.01-20.06.21:716][  0]LogSlate: Took 0.011515 seconds to synchronously load lazily loaded font '../../../Engine/Content/Slate/Fonts/Roboto-Light.ttf' (167K)
[2020.06.01-20.06.22:601][ 40]LogSlate: Took 0.000276 seconds to synchronously load lazily loaded font '../../../Engine/Content/Slate/Fonts/Roboto-Light.ttf' (167K)
[2020.06.01-20.06.25:850][187]LogAssetEditorSubsystem: Opening Asset editor for Blueprint /Game/Blueprints/BP_Projectile.BP_Projectile
[2020.06.01-20.06.26:184][187]LogContentBrowser: Native class hierarchy updated for 'BlueprintGraph' in 0.0009 seconds. Added 125 classes and 0 folders.
[2020.06.01-20.06.27:327][187]LogAssetEditorSubsystem: Opening Asset editor for Blueprint /Game/Blueprints/BP_Objective.BP_Objective
[2020.06.01-20.06.30:359][254]LogSlate: Took 0.019951 seconds to synchronously load lazily loaded font '../../../Engine/Content/Slate/Fonts/Roboto-BoldCondensed.ttf' (158K)
[2020.06.01-20.06.36:911][495]LogSlate: Window 'BP_Projectile' being destroyed
[2020.06.01-20.06.38:931][615]LogTemp: Repeating last play command: Selected Viewport
[2020.06.01-20.06.38:959][615]LogPlayLevel: PlayLevel: No blueprints needed recompiling
[2020.06.01-20.06.38:968][615]PIE: New page: PIE session: FirstPersonExampleMap (1 Jun 2020, 22:06:38)
[2020.06.01-20.06.38:977][615]LogOnline: OSS: Creating online subsystem instance for: NULL
[2020.06.01-20.06.38:982][615]LogOnline: OSS: TryLoadSubsystemAndSetDefault: Loaded subsystem for module [NULL]
[2020.06.01-20.06.38:982][615]LogPlayLevel: Creating play world package: /Game/Maps/UEDPIE_0_FirstPersonExampleMap
[2020.06.01-20.06.39:009][615]LogPlayLevel: PIE: StaticDuplicateObject took: (0.026457s)
[2020.06.01-20.06.39:011][615]LogAIModule: Creating AISystem for world FirstPersonExampleMap
[2020.06.01-20.06.39:011][615]LogAISub: UAISubsystem::UAISubsystem EnvQueryManager (000001B6866FA400), frame # 615
[2020.06.01-20.06.39:012][615]LogAISub: UAISubsystem::UAISubsystem AIPerceptionSystem (000001B6866E7D80), frame # 615
[2020.06.01-20.06.39:012][615]LogPlayLevel: PIE: World Init took: (0.002985s)
[2020.06.01-20.06.39:012][615]LogPlayLevel: PIE: Created PIE world by copying editor world from /Game/Maps/FirstPersonExampleMap.FirstPersonExampleMap to /Game/Maps/UEDPIE_0_FirstPersonExampleMap.FirstPersonExampleMap (0.030098s)
[2020.06.01-20.06.39:043][615]LogUObjectHash: Compacting FUObjectHashTables data took   2.32ms
[2020.06.01-20.06.39:045][615]LogAudioMixer: Display: Audio Mixer Platform Settings:
[2020.06.01-20.06.39:046][615]LogAudioMixer: Display: 	Sample Rate:						  48000
[2020.06.01-20.06.39:046][615]LogAudioMixer: Display: 	Callback Buffer Frame Size Requested: 1024
[2020.06.01-20.06.39:046][615]LogAudioMixer: Display: 	Callback Buffer Frame Size To Use:	  1024
[2020.06.01-20.06.39:046][615]LogAudioMixer: Display: 	Number of buffers to queue:			  2
[2020.06.01-20.06.39:046][615]LogAudioMixer: Display: 	Max Channels (voices):				  32
[2020.06.01-20.06.39:046][615]LogAudioMixer: Display: 	Number of Async Source Workers:		  0
[2020.06.01-20.06.39:047][615]LogAudio: Display: AudioDevice MaxSources: 32
[2020.06.01-20.06.39:048][615]LogAudio: Display: Using built-in audio occlusion.
[2020.06.01-20.06.39:048][615]LogAudioMixer: Display: Initializing audio mixer.
[2020.06.01-20.06.39:052][615]LogAudioMixer: Display: 0: FrontLeft
[2020.06.01-20.06.39:052][615]LogAudioMixer: Display: 1: FrontRight
[2020.06.01-20.06.39:110][615]LogAudioMixer: Display: Using Audio Device Speaker/Headphone (Realtek High Definition Audio)
[2020.06.01-20.06.39:111][615]LogAudioMixer: Display: Initializing Sound Submixes...
[2020.06.01-20.06.39:111][615]LogAudioMixer: Display: Creating Master Submix 'MasterSubmixDefault'
[2020.06.01-20.06.39:111][615]LogAudioMixer: Display: Creating Master Submix 'MasterReverbSubmixDefault'
[2020.06.01-20.06.39:112][615]LogAudioMixer: Display: Creating Master Submix 'MasterEQSubmixDefault'
[2020.06.01-20.06.39:136][615]LogInit: FAudioDevice initialized.
[2020.06.01-20.06.39:153][615]LogLoad: Game class is 'FPSGameMode'
[2020.06.01-20.06.39:172][615]LogWorld: Bringing World /Game/Maps/UEDPIE_0_FirstPersonExampleMap.FirstPersonExampleMap up for play (max tick rate 60) at 2020.06.01-21.06.39
[2020.06.01-20.06.39:173][615]LogWorld: Bringing up level for play took: 0.002111
[2020.06.01-20.06.39:173][615]LogOnline: OSS: Creating online subsystem instance for: :Context_5
[2020.06.01-20.06.39:203][615]LogContentBrowser: Native class hierarchy updated for 'MovieSceneCapture' in 0.0005 seconds. Added 20 classes and 0 folders.
[2020.06.01-20.06.39:204][615]PIE: Server logged in
[2020.06.01-20.06.39:206][615]PIE: Play in editor total start time 0.265 seconds.
[2020.06.01-20.06.42:518][782]LogAudioMixer: Display: No commands were queued while flushing the source manager.
[2020.06.01-20.06.42:534][782]LogAudioMixer: Display: Flush succeeded in the source manager command queue (1).
[2020.06.01-20.06.42:555][782]LogAudioMixer: Display: Flush succeeded the source manager command queue (2).
[2020.06.01-20.06.42:581][782]LogSlate: Updating window title bar state: overlay mode, drag disabled, window buttons hidden, title bar hidden
[2020.06.01-20.06.42:581][782]LogWorld: BeginTearingDown for /Game/Maps/UEDPIE_0_FirstPersonExampleMap
[2020.06.01-20.06.42:587][782]LogAudioMixer: Display: No commands were queued while flushing the source manager.
[2020.06.01-20.06.42:588][782]LogWorld: UWorld::CleanupWorld for FirstPersonExampleMap, bSessionEnded=true, bCleanupResources=true
[2020.06.01-20.06.42:589][782]LogSlate: InvalidateAllWidgets triggered.  All widgets were invalidated
[2020.06.01-20.06.42:618][782]LogPlayLevel: Display: Shutting down PIE online subsystems
[2020.06.01-20.06.42:622][782]LogSlate: InvalidateAllWidgets triggered.  All widgets were invalidated
[2020.06.01-20.06.42:650][782]LogAudioMixer: Display: No commands were queued while flushing the source manager.
[2020.06.01-20.06.42:713][782]LogSlate: Updating window title bar state: overlay mode, drag disabled, window buttons hidden, title bar hidden
[2020.06.01-20.06.42:727][782]LogAISub: UAISubsystem::~UAISubsystem EnvQueryManager (000001B6866FA400), frame # 782
[2020.06.01-20.06.42:727][782]LogAISub: UAISubsystem::~UAISubsystem AIPerceptionSystem (000001B6866E7D80), frame # 782
[2020.06.01-20.06.42:743][782]LogUObjectHash: Compacting FUObjectHashTables data took   3.75ms
[2020.06.01-20.06.42:765][783]LogPlayLevel: Display: Destroying online subsystem :Context_5
[2020.06.01-20.06.58:645][371]LogEditorViewport: Clicking Background
[2020.06.01-20.07.00:676][489]LogEditorViewport: Clicking Background
[2020.06.01-20.07.04:597][657]LogWorld: UWorld::CleanupWorld for World_3, bSessionEnded=true, bCleanupResources=true
[2020.06.01-20.07.04:597][657]LogSlate: InvalidateAllWidgets triggered.  All widgets were invalidated
[2020.06.01-20.07.04:677][657]LogAssetEditorSubsystem: Opening Asset editor for Blueprint /Game/Blueprints/BP_Objective.BP_Objective
[2020.06.01-20.07.08:397][839]LogRenderer: Reallocating scene render targets to support 1260x692 Format 9 NumSamples 1 (Frame:1).
[2020.06.01-20.07.09:670][913]LogSlate: Took 0.000661 seconds to synchronously load lazily loaded font '../../../Engine/Content/Slate/Fonts/Roboto-Italic.ttf' (157K)
[2020.06.01-20.07.46:356][794]BlueprintLog: New page: Compile BP_Objective
[2020.06.01-20.07.46:489][794]LogUObjectHash: Compacting FUObjectHashTables data took   8.00ms
[2020.06.01-20.07.46:522][794]LogSlate: Took 0.010122 seconds to synchronously load lazily loaded font '../../../Engine/Content/Slate/Fonts/DroidSansMono.ttf' (77K)
[2020.06.01-20.07.46:993][819]Cmd: OBJ SAVEPACKAGE PACKAGE="/Game/Blueprints/BP_Objective" FILE="../../../../../../DW/Documents/GitHub/StealthGame/StealthGame/Content/Blueprints/BP_Objective.uasset" SILENT=true
[2020.06.01-20.07.47:011][819]LogSavePackage: Moving '../../../../../../DW/Documents/GitHub/StealthGame/StealthGame/Saved/BP_ObjectiveA1B29C994C0833BBCA173EA8BC2E67C3.tmp' to '../../../../../../DW/Documents/GitHub/StealthGame/StealthGame/Content/Blueprints/BP_Objective.uasset'
[2020.06.01-20.07.47:032][819]AssetCheck: New page: Asset Save: BP_Objective
[2020.06.01-20.07.47:032][819]LogContentValidation: Display: Validating Blueprint /Game/Blueprints/BP_Objective.BP_Objective
[2020.06.01-20.07.54:130][153]LogEditorViewport: Clicking on Actor (LMB): BP_Objective_C (BP_Objective)
[2020.06.01-20.07.58:080][379]LogTemp: Repeating last play command: Selected Viewport
[2020.06.01-20.07.58:141][379]LogPlayLevel: PlayLevel: No blueprints needed recompiling
[2020.06.01-20.07.58:141][379]PIE: New page: PIE session: FirstPersonExampleMap (1 Jun 2020, 22:07:58)
[2020.06.01-20.07.58:141][379]LogPlayLevel: Creating play world package: /Game/Maps/UEDPIE_0_FirstPersonExampleMap
[2020.06.01-20.07.58:166][379]LogPlayLevel: PIE: StaticDuplicateObject took: (0.025252s)
[2020.06.01-20.07.58:168][379]LogAIModule: Creating AISystem for world FirstPersonExampleMap
[2020.06.01-20.07.58:168][379]LogAISub: UAISubsystem::UAISubsystem EnvQueryManager (000001B64B610800), frame # 4379
[2020.06.01-20.07.58:168][379]LogAISub: UAISubsystem::UAISubsystem AIPerceptionSystem (000001B69359DF80), frame # 4379
[2020.06.01-20.07.58:169][379]LogPlayLevel: PIE: World Init took: (0.002959s)
[2020.06.01-20.07.58:169][379]LogPlayLevel: PIE: Created PIE world by copying editor world from /Game/Maps/FirstPersonExampleMap.FirstPersonExampleMap to /Game/Maps/UEDPIE_0_FirstPersonExampleMap.FirstPersonExampleMap (0.028885s)
[2020.06.01-20.07.58:217][379]LogUObjectHash: Compacting FUObjectHashTables data took   5.51ms
[2020.06.01-20.07.58:221][379]LogAudioMixer: Display: Audio Mixer Platform Settings:
[2020.06.01-20.07.58:221][379]LogAudioMixer: Display: 	Sample Rate:						  48000
[2020.06.01-20.07.58:221][379]LogAudioMixer: Display: 	Callback Buffer Frame Size Requested: 1024
[2020.06.01-20.07.58:221][379]LogAudioMixer: Display: 	Callback Buffer Frame Size To Use:	  1024
[2020.06.01-20.07.58:222][379]LogAudioMixer: Display: 	Number of buffers to queue:			  2
[2020.06.01-20.07.58:222][379]LogAudioMixer: Display: 	Max Channels (voices):				  32
[2020.06.01-20.07.58:222][379]LogAudioMixer: Display: 	Number of Async Source Workers:		  0
[2020.06.01-20.07.58:222][379]LogAudio: Display: AudioDevice MaxSources: 32
[2020.06.01-20.07.58:223][379]LogAudio: Display: Using built-in audio occlusion.
[2020.06.01-20.07.58:224][379]LogAudioMixer: Display: Initializing audio mixer.
[2020.06.01-20.07.58:228][379]LogAudioMixer: Display: 0: FrontLeft
[2020.06.01-20.07.58:228][379]LogAudioMixer: Display: 1: FrontRight
[2020.06.01-20.07.58:290][379]LogAudioMixer: Display: Using Audio Device Speaker/Headphone (Realtek High Definition Audio)
[2020.06.01-20.07.58:291][379]LogAudioMixer: Display: Initializing Sound Submixes...
[2020.06.01-20.07.58:291][379]LogAudioMixer: Display: Creating Master Submix 'MasterSubmixDefault'
[2020.06.01-20.07.58:291][379]LogAudioMixer: Display: Creating Master Submix 'MasterReverbSubmixDefault'
[2020.06.01-20.07.58:292][379]LogAudioMixer: Display: Creating Master Submix 'MasterEQSubmixDefault'
[2020.06.01-20.07.58:310][379]LogInit: FAudioDevice initialized.
[2020.06.01-20.07.58:325][379]LogLoad: Game class is 'FPSGameMode'
[2020.06.01-20.07.58:327][379]LogWorld: Bringing World /Game/Maps/UEDPIE_0_FirstPersonExampleMap.FirstPersonExampleMap up for play (max tick rate 60) at 2020.06.01-21.07.58
[2020.06.01-20.07.58:328][379]LogWorld: Bringing up level for play took: 0.002032
[2020.06.01-20.07.58:328][379]LogOnline: OSS: Creating online subsystem instance for: :Context_10
[2020.06.01-20.07.58:360][379]PIE: Server logged in
[2020.06.01-20.07.58:361][379]PIE: Play in editor total start time 0.27 seconds.
[2020.06.01-20.08.00:532][507]LogAudioMixer: Display: No commands were queued while flushing the source manager.
[2020.06.01-20.08.00:544][507]LogAudioMixer: Display: Flush succeeded in the source manager command queue (1).
[2020.06.01-20.08.00:574][507]LogAudioMixer: Display: Flush succeeded the source manager command queue (2).
[2020.06.01-20.08.00:578][507]LogSlate: Updating window title bar state: overlay mode, drag disabled, window buttons hidden, title bar hidden
[2020.06.01-20.08.00:578][507]LogWorld: BeginTearingDown for /Game/Maps/UEDPIE_0_FirstPersonExampleMap
[2020.06.01-20.08.00:578][507]LogAudioMixer: Display: No commands were queued while flushing the source manager.
[2020.06.01-20.08.00:579][507]LogWorld: UWorld::CleanupWorld for FirstPersonExampleMap, bSessionEnded=true, bCleanupResources=true
[2020.06.01-20.08.00:579][507]LogSlate: InvalidateAllWidgets triggered.  All widgets were invalidated
[2020.06.01-20.08.00:600][507]LogPlayLevel: Display: Shutting down PIE online subsystems
[2020.06.01-20.08.00:605][507]LogSlate: InvalidateAllWidgets triggered.  All widgets were invalidated
[2020.06.01-20.08.00:638][507]LogSlate: Updating window title bar state: overlay mode, drag disabled, window buttons hidden, title bar hidden
[2020.06.01-20.08.00:654][507]LogAudioMixer: Display: No commands were queued while flushing the source manager.
[2020.06.01-20.08.00:727][507]LogAISub: UAISubsystem::~UAISubsystem AIPerceptionSystem (000001B69359DF80), frame # 4507
[2020.06.01-20.08.00:728][507]LogAISub: UAISubsystem::~UAISubsystem EnvQueryManager (000001B64B610800), frame # 4507
[2020.06.01-20.08.00:733][507]LogUObjectHash: Compacting FUObjectHashTables data took   4.40ms
[2020.06.01-20.08.00:759][508]LogPlayLevel: Display: Destroying online subsystem :Context_10
[2020.06.01-20.08.07:180][767]LogSlate: Window 'Editor Preferences' being destroyed
[2020.06.01-20.08.07:211][767]LogSlate: Window 'Editor Preferences' being destroyed
[2020.06.01-20.08.08:927][851]LogUObjectHash: Compacting FUObjectHashTables data took   5.10ms
[2020.06.01-20.08.09:012][851]LogSavePackage: Moving '../../../../../../DW/Documents/GitHub/StealthGame/StealthGame/Saved/FirstPersonExampleMapF1FA45B44C921C532C21598FB82FDDAE.tmp' to '../../../../../../DW/Documents/GitHub/StealthGame/StealthGame/Content/Maps/FirstPersonExampleMap.umap'
[2020.06.01-20.08.09:166][851]LogSavePackage: Moving '../../../../../../DW/Documents/GitHub/StealthGame/StealthGame/Saved/FirstPersonExampleMap_BuiltData485445034720C29545DB969683D6C530.tmp' to '../../../../../../DW/Documents/GitHub/StealthGame/StealthGame/Content/Maps/FirstPersonExampleMap_BuiltData.uasset'
[2020.06.01-20.08.09:188][851]AssetCheck: New page: Asset Save: multiple assets
[2020.06.01-20.08.09:188][851]LogContentValidation: Display: Validating World /Game/Maps/FirstPersonExampleMap.FirstPersonExampleMap
[2020.06.01-20.08.09:188][851]LogContentValidation: Display: Validating MapBuildDataRegistry /Game/Maps/FirstPersonExampleMap_BuiltData.FirstPersonExampleMap_BuiltData
[2020.06.01-20.08.11:277][976]LogTemp: Repeating last play command: Selected Viewport
[2020.06.01-20.08.11:292][976]LogPlayLevel: PlayLevel: No blueprints needed recompiling
[2020.06.01-20.08.11:293][976]PIE: New page: PIE session: FirstPersonExampleMap (1 Jun 2020, 22:08:11)
[2020.06.01-20.08.11:293][976]LogPlayLevel: Creating play world package: /Game/Maps/UEDPIE_0_FirstPersonExampleMap
[2020.06.01-20.08.11:316][976]LogPlayLevel: PIE: StaticDuplicateObject took: (0.022210s)
[2020.06.01-20.08.11:318][976]LogAIModule: Creating AISystem for world FirstPersonExampleMap
[2020.06.01-20.08.11:318][976]LogAISub: UAISubsystem::UAISubsystem EnvQueryManager (000001B661761200), frame # 4976
[2020.06.01-20.08.11:376][976]LogAISub: UAISubsystem::UAISubsystem AIPerceptionSystem (000001B64BCB87C0), frame # 4976
[2020.06.01-20.08.11:376][976]LogPlayLevel: PIE: World Init took: (0.061232s)
[2020.06.01-20.08.11:377][976]LogPlayLevel: PIE: Created PIE world by copying editor world from /Game/Maps/FirstPersonExampleMap.FirstPersonExampleMap to /Game/Maps/UEDPIE_0_FirstPersonExampleMap.FirstPersonExampleMap (0.084209s)
[2020.06.01-20.08.11:418][976]LogUObjectHash: Compacting FUObjectHashTables data took   4.28ms
[2020.06.01-20.08.11:421][976]LogAudioMixer: Display: Audio Mixer Platform Settings:
[2020.06.01-20.08.11:421][976]LogAudioMixer: Display: 	Sample Rate:						  48000
[2020.06.01-20.08.11:422][976]LogAudioMixer: Display: 	Callback Buffer Frame Size Requested: 1024
[2020.06.01-20.08.11:422][976]LogAudioMixer: Display: 	Callback Buffer Frame Size To Use:	  1024
[2020.06.01-20.08.11:422][976]LogAudioMixer: Display: 	Number of buffers to queue:			  2
[2020.06.01-20.08.11:422][976]LogAudioMixer: Display: 	Max Channels (voices):				  32
[2020.06.01-20.08.11:422][976]LogAudioMixer: Display: 	Number of Async Source Workers:		  0
[2020.06.01-20.08.11:422][976]LogAudio: Display: AudioDevice MaxSources: 32
[2020.06.01-20.08.11:424][976]LogAudio: Display: Using built-in audio occlusion.
[2020.06.01-20.08.11:424][976]LogAudioMixer: Display: Initializing audio mixer.
[2020.06.01-20.08.11:429][976]LogAudioMixer: Display: 0: FrontLeft
[2020.06.01-20.08.11:429][976]LogAudioMixer: Display: 1: FrontRight
[2020.06.01-20.08.11:494][976]LogAudioMixer: Display: Using Audio Device Speaker/Headphone (Realtek High Definition Audio)
[2020.06.01-20.08.11:494][976]LogAudioMixer: Display: Initializing Sound Submixes...
[2020.06.01-20.08.11:494][976]LogAudioMixer: Display: Creating Master Submix 'MasterSubmixDefault'
[2020.06.01-20.08.11:494][976]LogAudioMixer: Display: Creating Master Submix 'MasterReverbSubmixDefault'
[2020.06.01-20.08.11:495][976]LogAudioMixer: Display: Creating Master Submix 'MasterEQSubmixDefault'
[2020.06.01-20.08.11:517][976]LogInit: FAudioDevice initialized.
[2020.06.01-20.08.11:538][976]LogLoad: Game class is 'FPSGameMode'
[2020.06.01-20.08.11:541][976]LogWorld: Bringing World /Game/Maps/UEDPIE_0_FirstPersonExampleMap.FirstPersonExampleMap up for play (max tick rate 60) at 2020.06.01-21.08.11
[2020.06.01-20.08.11:542][976]LogWorld: Bringing up level for play took: 0.002571
[2020.06.01-20.08.11:543][976]LogOnline: OSS: Creating online subsystem instance for: :Context_11
[2020.06.01-20.08.11:548][976]PIE: Server logged in
[2020.06.01-20.08.11:550][976]PIE: Play in editor total start time 0.261 seconds.
[2020.06.01-20.08.53:234][471]LogAudioMixer: Display: No commands were queued while flushing the source manager.
[2020.06.01-20.08.53:245][471]LogAudioMixer: Display: Flush succeeded in the source manager command queue (1).
[2020.06.01-20.08.53:264][471]LogAudioMixer: Display: Flush succeeded the source manager command queue (2).
[2020.06.01-20.08.53:268][471]LogSlate: Updating window title bar state: overlay mode, drag disabled, window buttons hidden, title bar hidden
[2020.06.01-20.08.53:268][471]LogWorld: BeginTearingDown for /Game/Maps/UEDPIE_0_FirstPersonExampleMap
[2020.06.01-20.08.53:268][471]LogAudioMixer: Display: No commands were queued while flushing the source manager.
[2020.06.01-20.08.53:269][471]LogWorld: UWorld::CleanupWorld for FirstPersonExampleMap, bSessionEnded=true, bCleanupResources=true
[2020.06.01-20.08.53:270][471]LogSlate: InvalidateAllWidgets triggered.  All widgets were invalidated
[2020.06.01-20.08.53:284][471]LogPlayLevel: Display: Shutting down PIE online subsystems
[2020.06.01-20.08.53:291][471]LogSlate: InvalidateAllWidgets triggered.  All widgets were invalidated
[2020.06.01-20.08.53:325][471]LogAudioMixer: Display: No commands were queued while flushing the source manager.
[2020.06.01-20.08.53:392][471]LogSlate: Updating window title bar state: overlay mode, drag disabled, window buttons hidden, title bar hidden
[2020.06.01-20.08.53:393][471]LogAISub: UAISubsystem::~UAISubsystem AIPerceptionSystem (000001B64BCB87C0), frame # 7471
[2020.06.01-20.08.53:394][471]LogAISub: UAISubsystem::~UAISubsystem EnvQueryManager (000001B661761200), frame # 7471
[2020.06.01-20.08.53:398][471]LogUObjectHash: Compacting FUObjectHashTables data took   3.39ms
[2020.06.01-20.08.53:427][472]LogPlayLevel: Display: Destroying online subsystem :Context_11
