  Using 'git status' to determine working set for adaptive non-unity build (D:\DW\Documents\GitHub\StealthGame).
  Creating makefile for FPSGameEditor (no existing makefile)
  Parsing headers for FPSGameEditor
    Running UnrealHeaderTool "D:\DW\Documents\GitHub\StealthGame\StealthGameBase\FPSGame.uproject" "D:\DW\Documents\GitHub\StealthGame\StealthGameBase\Intermediate\Build\Win64\FPSGameEditor\Development\FPSGameEditor.uhtmanifest" -LogCmds="loginit warning, logexit warning, logdatabase error" -Unattended -WarningsAsErrors -abslog="C:\Users\DW\AppData\Local\UnrealBuildTool\Log_UHT.txt" -installed
  Reflection code generated for FPSGameEditor in 29.9435401 seconds
  Building FPSGameEditor...
  Using Visual Studio 2019 14.26.28805 toolchain (C:\Program Files (x86)\Microsoft Visual Studio\2019\Community\VC\Tools\MSVC\14.26.28801) and Windows 10.0.18362.0 SDK (C:\Program Files (x86)\Windows Kits\10).
  [Upgrade]
  [Upgrade] Using backward-compatible build settings. The latest version of UE4 sets the following values by default, which may require code changes:
  [Upgrade]     bLegacyPublicIncludePaths = false                 => Omits subfolders from public include paths to reduce compiler command line length. (Previously: true).
  [Upgrade]     ShadowVariableWarningLevel = WarningLevel.Error   => Treats shadowed variable warnings as errors. (Previously: WarningLevel.Warning).
  [Upgrade]     PCHUsage = PCHUsageMode.UseExplicitOrSharedPCHs   => Set in build.cs files to enables IWYU-style PCH model. See https://docs.unrealengine.com/en-US/Programming/BuildTools/UnrealBuildTool/IWYU/index.html. (Previously: PCHUsageMode.UseSharedPCHs).
  [Upgrade] Suppress this message by setting 'DefaultBuildSettings = BuildSettingsVersion.V2;' in FPSGameEditor.Target.cs, and explicitly overriding settings that differ from the new defaults.
  [Upgrade]
  Distributing 15 actions to XGE
  --------------------Build System Warning---------------------------------------
  License is invalid:
      License information is invalid. Please try reloading your license file using the Coordinator Monitor application on the Coordinator machine, or reinstall IncrediBuild.
      This build will run in standalone mode.
  
  -------------------------------------------------------------------------------
  --------------------Project: Default-------------------------------------------
  SharedPCH.Engine.cpp (1:36.82 at +0:00)
  FPSCharacter.cpp (0:08.50 at +1:37)
  FPSGameMode.cpp (0:03.11 at +1:45)
  FPSHUD.cpp (0:03.84 at +1:48)
  FPSProjectile.cpp (0:02.89 at +1:52)
  FPSGame.cpp (0:02.43 at +1:55)
  FPSCharacter.gen.cpp (0:03.57 at +1:57)
  FPSGame.init.gen.cpp (0:04.54 at +2:01)
  FPSGameMode.gen.cpp (0:05.18 at +2:06)
  FPSHUD.gen.cpp (0:05.01 at +2:11)
  FPSProjectile.gen.cpp (0:04.67 at +2:16)
  Default.rc2 (0:00.73 at +2:21)
  UE4Editor-FPSGame.dll (0:04.92 at +2:21)
     Creating library D:\DW\Documents\GitHub\StealthGame\StealthGameBase\Intermediate\Build\Win64\UE4Editor\Development\FPSGame\UE4Editor-FPSGame.suppressed.lib and object D:\DW\Documents\GitHub\StealthGame\StealthGameBase\Intermediate\Build\Win64\UE4Editor\Development\FPSGame\UE4Editor-FPSGame.suppressed.exp
  UE4Editor-FPSGame.lib (0:00.60 at +2:26)
     Creating library D:\DW\Documents\GitHub\StealthGame\StealthGameBase\Intermediate\Build\Win64\UE4Editor\Development\FPSGame\UE4Editor-FPSGame.lib and object D:\DW\Documents\GitHub\StealthGame\StealthGameBase\Intermediate\Build\Win64\UE4Editor\Development\FPSGame\UE4Editor-FPSGame.exp
  FPSGameEditor.target (0:00.81 at +2:27)
  ---------------------- Done ----------------------
  
      Rebuild All: 1 succeeded, 0 failed, 0 skipped
  
  1 build system warning(s):
     - License is invalid
  
  Total time in XGE executor: 149.45 seconds
  Total execution time: 212.41 seconds
